Log file open, 06/21/15 17:50:41
LogInit:Display: Running engine for game: Mayhem3d
LogInit: Version: 4.7.6-2513093+++depot+UE4-Releases+4.7
LogInit: API Version: 2455222
LogInit: Compiled (64-bit): Apr 15 2015 12:09:54
LogInit: Compiled with Visual C++: 18.00.21005.01
LogInit: Build Configuration: Development
LogInit: Branch Name: ++depot+UE4-Releases+4.7
LogInit: Command line:  /Temp/Autosaves/Game/Maps/UEDPCMiniTDmatch_2_NewMap -game -PIEVIACONSOLE -ResX=1280 -ResY=720  -Multiprocess 
LogInit: Base directory: C:/Program Files/Epic Games/4.7/Engine/Binaries/Win64/
LogInit: Rocket: 1
[2015.06.21-05.50.41:598][  0]LogTaskGraph: Started task graph with 3 named threads and 4 total threads.
[2015.06.21-05.50.41:634][  0]LogOnline:Warning: No default platform service specified for OnlineSubsystem
[2015.06.21-05.50.41:651][  0]LogInit: Presizing for 0 objects not considered by GC, pre-allocating 0 bytes.
[2015.06.21-05.50.41:664][  0]LogInit: Object subsystem initialized
[2015.06.21-05.50.41:666][  0]LogInit: Selected Device Profile: [Windows]
[2015.06.21-05.50.41:666][  0]LogInit: Applying CVar settings loaded from the selected device profile: [Windows]
[2015.06.21-05.50.41:672][  0]LogInit: Computer: GREG-PC
[2015.06.21-05.50.41:672][  0]LogInit: User: Greg
[2015.06.21-05.50.41:672][  0]LogInit: CPU Page size=4096, Cores=2
[2015.06.21-05.50.41:672][  0]LogInit: High frequency timer resolution =3.531914 MHz
[2015.06.21-05.50.41:672][  0]LogMemory: Memory total: Physical=8.0GB (8GB approx) Virtual=8192.0GB
[2015.06.21-05.50.41:673][  0]LogMemory: Platform Memory Stats for Windows
[2015.06.21-05.50.41:673][  0]LogMemory: Process Physical Memory: 46.90 MB used, 46.90 MB peak
[2015.06.21-05.50.41:673][  0]LogMemory: Process Virtual Memory: 23.33 MB used, 23.34 MB peak
[2015.06.21-05.50.41:673][  0]LogMemory: Physical Memory: 4715.17 MB used, 8162.53 MB total
[2015.06.21-05.50.41:673][  0]LogMemory: Virtual Memory: 276.39 MB used, 8388608.00 MB total
[2015.06.21-05.50.41:709][  0]LogD3D11RHI: Found D3D11 adapter 0: AMD Radeon HD 6570 (Feature Level 11_0)
[2015.06.21-05.50.41:709][  0]LogD3D11RHI: Adapter has 2030MB of dedicated video memory, 0MB of dedicated system memory, and 3825MB of shared system memory, 2 output[s]
[2015.06.21-05.50.41:717][  0]LogD3D11RHI: Found D3D11 adapter 1: ATI Radeon HD 5570 (Feature Level 11_0)
[2015.06.21-05.50.41:717][  0]LogD3D11RHI: Adapter has 1010MB of dedicated video memory, 0MB of dedicated system memory, and 3825MB of shared system memory, 2 output[s]
[2015.06.21-05.50.41:717][  0]LogD3D11RHI: Chosen D3D11 Adapter Id = 0
[2015.06.21-05.50.41:726][  0]LogRHI: Texture pool is 1361 MB (70% of 1945 MB)
[2015.06.21-05.50.41:734][  0]LogD3D11RHI: Async texture creation disabled: no driver support
[2015.06.21-05.50.41:795][  0]LogTextLocalizationManager: The requested culture ('en_US') has no localization data; parent culture's ('en') localization data will be used.
[2015.06.21-05.50.41:876][  0]LogTextLocalizationManager:Warning: Loading localization resources contain conflicting entries for (Namespace:UICommands, Key:Save_ToolTip):
Resource: (C:/Program Files/Epic Games/4.7/Engine/Content/Localization/Editor/en/Editor.locres) Hash: (-29098895) String: (Saves the current level to disk)
Resource: (C:/Program Files/Epic Games/4.7/Engine/Content/Localization/Engine/en/Engine.locres) Hash: (-1280300587) String: (Save selected data to vlog file)
[2015.06.21-05.50.41:877][  0]LogTextLocalizationManager:Warning: Loading localization resources contain conflicting entries for (Namespace:ContentBrowser, Key:ImportAssetToolTip):
Resource: (C:/Program Files/Epic Games/4.7/Engine/Content/Localization/Editor/en/Editor.locres) Hash: (-630476809) String: (Import to {0}...)
Resource: (C:/Program Files/Epic Games/4.7/Engine/Content/Localization/Editor/en/Editor.locres) Hash: (1271782899) String: (Imports an asset from file to this folder.)
[2015.06.21-05.50.41:989][  0]LogContentStreaming: Texture pool size is 400.000000MB
[2015.06.21-05.50.44:610][  0]LogTargetPlatformManager:Display: Building Assets For Windows
[2015.06.21-05.50.45:288][  0]LogTargetPlatformManager:Display: Building Assets For Windows
[2015.06.21-05.50.45:382][  0]LogDerivedDataCache:Display: Max Cache Size: 512 MB
[2015.06.21-05.50.45:452][  0]LogDerivedDataCache: Loaded boot cache 0.07s 39MB C:/Users/Greg/AppData/Local/UnrealEngine/4.7/DerivedDataCache/Boot.ddc.
[2015.06.21-05.50.45:452][  0]LogDerivedDataCache:Display: Loaded Boot cache: C:/Users/Greg/AppData/Local/UnrealEngine/4.7/DerivedDataCache/Boot.ddc
[2015.06.21-05.50.45:453][  0]LogDerivedDataCache: FDerivedDataBackendGraph:  Pak pak cache file ../../../../../../Users/Greg/Desktop/ToyBox_VerticalSlice_2/DerivedDataCache/DDC.ddp not found, will not use a pak cache.
[2015.06.21-05.50.45:453][  0]LogDerivedDataCache: Unable to find inner node Pak for hierarchical cache Hierarchy.
[2015.06.21-05.50.45:585][  0]LogDerivedDataCache:Display: Pak cache opened for reading ../../../Engine/DerivedDataCache/Compressed.ddp.
[2015.06.21-05.50.45:597][  0]LogDerivedDataCache: Using Local data cache path C:/Users/Greg/AppData/Local/UnrealEngine/Common/DerivedDataCache: Writable
[2015.06.21-05.50.45:998][  0]LogMeshUtilities: No automatic mesh reduction module available
[2015.06.21-05.50.45:998][  0]LogMeshUtilities: No automatic mesh merging module available
[2015.06.21-05.50.46:401][  0]LogInit: WinSock: version 1.1 (2.2), MaxSocks=32767, MaxUdp=65467
[2015.06.21-05.50.46:921][  0]LogWindowsMoviePlayer: Unable to load movie: ../../../../../../Users/Greg/Desktop/ToyBox_VerticalSlice_2/Content/Movies/Default_Startup.mp4
[2015.06.21-05.50.47:077][  0]LogSourceControl: RunCommandInternalRaw: 'git version'
[2015.06.21-05.50.47:077][  0]LogSourceControl: RunCommandInternalRaw: ExecProcess ReturnCode=2 OutResults=''
[2015.06.21-05.50.47:114][  0]SourceControl: Info Source control is disabled
[2015.06.21-05.50.47:114][  0]SourceControl: Info Source control is disabled
[2015.06.21-05.50.47:114][  0]SourceControl: Info Source control is disabled
[2015.06.21-05.50.47:126][  0]SourceControl: Info Source control is disabled
[2015.06.21-05.50.47:247][  0]LogObj: 23971 objects as part of root set at end of initial load.
[2015.06.21-05.50.47:247][  0]LogUObjectAllocator: 4988928 out of 0 bytes used by permanent object pool.
[2015.06.21-05.50.47:347][  0]LogAutomationTest:Warning: ERR: Transient text cannot be serialized "Testing Transient serialization detection".
[2015.06.21-05.50.47:347][  0]LogEngine: Initializing Engine...
[2015.06.21-05.50.49:511][  0]LogInit: XAudio2 using 'Speakers (VIA High Definition Audio)' : 2 channels at 48 kHz using 32 bits per sample (channel mask 0x3)
[2015.06.21-05.50.49:535][  0]LogInit: FAudioDevice initialized.
[2015.06.21-05.50.49:543][  0]LogInit: Texture streaming: Enabled
[2015.06.21-05.50.49:640][  0]LogAnalytics: Creating configured Analytics provider AnalyticsET
[2015.06.21-05.50.49:640][  0]LogAnalytics: ET APIKey = Rocket.Release. APIServer = http://et2.epicgames.com/ET2/. AppVersion = 4.7.6-2513093+++depot+UE4-Releases+4.7
[2015.06.21-05.50.49:640][  0]LogAnalytics: ET APIKey = Rocket.Release. DataRouterUploadURL = https://datarouter-public-service-gamedev.ol.epicgames.net/datarouter/api/v1/public/data. AppVersion = 4.7.6-2513093+++depot+UE4-Releases+4.7
[2015.06.21-05.50.49:640][  0]LogAnalytics: SetUserId ce9ea13c497ef03941d9d7b554771940|117b35ea432143c787aac95f9dca0399|37834ffb-7ee6-4849-b050-b6cd6d834748
[2015.06.21-05.50.49:640][  0]LogAnalytics: AnalyticsET::StartSession [Rocket.Release]
[2015.06.21-05.50.49:723][  0]LogNet: Browse: /Temp/Autosaves/Game/Maps/UEDPCMiniTDmatch_2_NewMap?Name=Player
[2015.06.21-05.50.49:723][  0]LogLoad: LoadMap: /Temp/Autosaves/Game/Maps/UEDPCMiniTDmatch_2_NewMap?Name=Player
[2015.06.21-05.50.49:744][  0]LogMemory: Platform Memory Stats for Windows
[2015.06.21-05.50.49:744][  0]LogMemory: Process Physical Memory: 277.75 MB used, 279.13 MB peak
[2015.06.21-05.50.49:744][  0]LogMemory: Process Virtual Memory: 243.29 MB used, 245.31 MB peak
[2015.06.21-05.50.49:744][  0]LogMemory: Physical Memory: 4908.87 MB used, 8162.53 MB total
[2015.06.21-05.50.49:744][  0]LogMemory: Virtual Memory: 663.41 MB used, 8388608.00 MB total
[2015.06.21-05.50.49:744][  0]LogMemory: 
[2015.06.21-05.50.49:745][  0]Allocator Stats for TBB: (not implemented)
[2015.06.21-05.50.50:141][  0]LogAssetRegistry: FAssetRegistry took 0.0000 seconds to start up
[2015.06.21-05.50.50:443][  0]LogLinker:Warning: Asset '../../../../../../Users/Greg/Desktop/ToyBox_VerticalSlice_2/Content/ThirdPersonBP/Blueprints/DamageTypes/ArcaneDamage.uasset' has been saved with empty engine version. The asset will be loaded but may be incompatible.
[2015.06.21-05.50.50:462][  0]LogLinker:Warning: Asset '../../../../../../Users/Greg/Desktop/ToyBox_VerticalSlice_2/Content/Blueprints/GameHUD.uasset' has been saved with empty engine version. The asset will be loaded but may be incompatible.
[2015.06.21-05.50.50:652][  0]LogLinker:Warning: Asset '../../../../../../Users/Greg/Desktop/ToyBox_VerticalSlice_2/Content/ThirdPersonBP/Materials/SlowBallMaterial.uasset' has been saved with empty engine version. The asset will be loaded but may be incompatible.
[2015.06.21-05.50.50:677][  0]LogLinker:Warning: Asset '../../../../../../Users/Greg/Desktop/ToyBox_VerticalSlice_2/Content/ThirdPersonBP/Materials/MegaOrbMatterial.uasset' has been saved with empty engine version. The asset will be loaded but may be incompatible.
[2015.06.21-05.50.50:708][  0]LogLinker:Warning: Asset '../../../../../../Users/Greg/Desktop/ToyBox_VerticalSlice_2/Content/ThirdPersonBP/Materials/MageOrbMaterial.uasset' has been saved with empty engine version. The asset will be loaded but may be incompatible.
[2015.06.21-05.50.51:008][  0]LogLinker:Warning: Asset '../../../../../../Users/Greg/Desktop/ToyBox_VerticalSlice_2/Content/Character/Materials/Blue/Brawler_Blue.uasset' has been saved with empty engine version. The asset will be loaded but may be incompatible.
[2015.06.21-05.50.51:014][  0]LogLinker:Warning: Asset '../../../../../../Users/Greg/Desktop/ToyBox_VerticalSlice_2/Content/Character/Materials/Red/Brawler_Red.uasset' has been saved with empty engine version. The asset will be loaded but may be incompatible.
[2015.06.21-05.50.51:021][  0]LogLinker:Warning: Asset '../../../../../../Users/Greg/Desktop/ToyBox_VerticalSlice_2/Content/ThirdPersonBP/Materials/PlayerMat_Inst.uasset' has been saved with empty engine version. The asset will be loaded but may be incompatible.
[2015.06.21-05.50.51:024][  0]LogLinker:Warning: Asset '../../../../../../Users/Greg/Desktop/ToyBox_VerticalSlice_2/Content/ThirdPersonBP/Textures/Health/Health_10.uasset' has been saved with empty engine version. The asset will be loaded but may be incompatible.
[2015.06.21-05.50.51:025][  0]LogLinker:Warning: Asset '../../../../../../Users/Greg/Desktop/ToyBox_VerticalSlice_2/Content/ThirdPersonBP/Textures/Health/Health_100.uasset' has been saved with empty engine version. The asset will be loaded but may be incompatible.
[2015.06.21-05.50.51:026][  0]LogLinker:Warning: Asset '../../../../../../Users/Greg/Desktop/ToyBox_VerticalSlice_2/Content/ThirdPersonBP/Textures/Health/Health_15.uasset' has been saved with empty engine version. The asset will be loaded but may be incompatible.
[2015.06.21-05.50.51:027][  0]LogLinker:Warning: Asset '../../../../../../Users/Greg/Desktop/ToyBox_VerticalSlice_2/Content/ThirdPersonBP/Textures/Health/Health_20.uasset' has been saved with empty engine version. The asset will be loaded but may be incompatible.
[2015.06.21-05.50.51:027][  0]LogLinker:Warning: Asset '../../../../../../Users/Greg/Desktop/ToyBox_VerticalSlice_2/Content/ThirdPersonBP/Textures/Health/Health_25.uasset' has been saved with empty engine version. The asset will be loaded but may be incompatible.
[2015.06.21-05.50.51:028][  0]LogLinker:Warning: Asset '../../../../../../Users/Greg/Desktop/ToyBox_VerticalSlice_2/Content/ThirdPersonBP/Textures/Health/Health_30.uasset' has been saved with empty engine version. The asset will be loaded but may be incompatible.
[2015.06.21-05.50.51:029][  0]LogLinker:Warning: Asset '../../../../../../Users/Greg/Desktop/ToyBox_VerticalSlice_2/Content/ThirdPersonBP/Textures/Health/Health_35.uasset' has been saved with empty engine version. The asset will be loaded but may be incompatible.
[2015.06.21-05.50.51:029][  0]LogLinker:Warning: Asset '../../../../../../Users/Greg/Desktop/ToyBox_VerticalSlice_2/Content/ThirdPersonBP/Textures/Health/Health_40.uasset' has been saved with empty engine version. The asset will be loaded but may be incompatible.
[2015.06.21-05.50.51:030][  0]LogLinker:Warning: Asset '../../../../../../Users/Greg/Desktop/ToyBox_VerticalSlice_2/Content/ThirdPersonBP/Textures/Health/Health_45.uasset' has been saved with empty engine version. The asset will be loaded but may be incompatible.
[2015.06.21-05.50.51:031][  0]LogLinker:Warning: Asset '../../../../../../Users/Greg/Desktop/ToyBox_VerticalSlice_2/Content/ThirdPersonBP/Textures/Health/Health_5.uasset' has been saved with empty engine version. The asset will be loaded but may be incompatible.
[2015.06.21-05.50.51:031][  0]LogLinker:Warning: Asset '../../../../../../Users/Greg/Desktop/ToyBox_VerticalSlice_2/Content/ThirdPersonBP/Textures/Health/Health_50.uasset' has been saved with empty engine version. The asset will be loaded but may be incompatible.
[2015.06.21-05.50.51:032][  0]LogLinker:Warning: Asset '../../../../../../Users/Greg/Desktop/ToyBox_VerticalSlice_2/Content/ThirdPersonBP/Textures/Health/Health_55.uasset' has been saved with empty engine version. The asset will be loaded but may be incompatible.
[2015.06.21-05.50.51:033][  0]LogLinker:Warning: Asset '../../../../../../Users/Greg/Desktop/ToyBox_VerticalSlice_2/Content/ThirdPersonBP/Textures/Health/Health_60.uasset' has been saved with empty engine version. The asset will be loaded but may be incompatible.
[2015.06.21-05.50.51:033][  0]LogLinker:Warning: Asset '../../../../../../Users/Greg/Desktop/ToyBox_VerticalSlice_2/Content/ThirdPersonBP/Textures/Health/Health_65.uasset' has been saved with empty engine version. The asset will be loaded but may be incompatible.
[2015.06.21-05.50.51:034][  0]LogLinker:Warning: Asset '../../../../../../Users/Greg/Desktop/ToyBox_VerticalSlice_2/Content/ThirdPersonBP/Textures/Health/Health_70.uasset' has been saved with empty engine version. The asset will be loaded but may be incompatible.
[2015.06.21-05.50.51:035][  0]LogLinker:Warning: Asset '../../../../../../Users/Greg/Desktop/ToyBox_VerticalSlice_2/Content/ThirdPersonBP/Textures/Health/Health_75.uasset' has been saved with empty engine version. The asset will be loaded but may be incompatible.
[2015.06.21-05.50.51:035][  0]LogLinker:Warning: Asset '../../../../../../Users/Greg/Desktop/ToyBox_VerticalSlice_2/Content/ThirdPersonBP/Textures/Health/Health_80.uasset' has been saved with empty engine version. The asset will be loaded but may be incompatible.
[2015.06.21-05.50.51:036][  0]LogLinker:Warning: Asset '../../../../../../Users/Greg/Desktop/ToyBox_VerticalSlice_2/Content/ThirdPersonBP/Textures/Health/Health_85.uasset' has been saved with empty engine version. The asset will be loaded but may be incompatible.
[2015.06.21-05.50.51:037][  0]LogLinker:Warning: Asset '../../../../../../Users/Greg/Desktop/ToyBox_VerticalSlice_2/Content/ThirdPersonBP/Textures/Health/Health_90.uasset' has been saved with empty engine version. The asset will be loaded but may be incompatible.
[2015.06.21-05.50.51:038][  0]LogLinker:Warning: Asset '../../../../../../Users/Greg/Desktop/ToyBox_VerticalSlice_2/Content/ThirdPersonBP/Textures/Health/Health_95.uasset' has been saved with empty engine version. The asset will be loaded but may be incompatible.
[2015.06.21-05.50.52:556][  0]LogLinker:Warning: Asset '../../../../../../Users/Greg/Desktop/ToyBox_VerticalSlice_2/Content/ThirdPersonBP/Materials/PlayerInst_Red.uasset' has been saved with empty engine version. The asset will be loaded but may be incompatible.
[2015.06.21-05.50.54:253][  0]LogWorld: Game class is 'ThirdPersonGameMode_C'
[2015.06.21-05.50.54:400][  0]LogAIModule: Creating AISystem for world MiniTDmatch_2_NewMap
[2015.06.21-05.50.54:433][  0]LogWorld: Bringing World /Temp/Autosaves/Game/Maps/UEDPCMiniTDmatch_2_NewMap.MiniTDmatch_2_NewMap up for play (max tick rate 0) at 2015.06.21-17.50.54
[2015.06.21-05.50.54:435][  0]LogWorld: Bringing up level for play took: 0.035154
[2015.06.21-05.50.54:445][  0]LogInit:Display: Game Engine Initialized.
[2015.06.21-05.50.54:681][  0]LogLoad: Full Startup: 15.10 seconds (BP compile: 1.75 seconds)
[2015.06.21-05.50.54:901][  2]LogRenderer:Warning: Reallocating scene render targets to support 912x512 (Frame:2).
[2015.06.21-05.51.06:848][692]LogScript:Warning: Cannot access 'TargetPlayer'. It is pending kill. Property: 'TargetPlayer'
	ThirdPersonCharacter_C /Temp/Autosaves/Game/Maps/UEDPCMiniTDmatch_2_NewMap.MiniTDmatch_2_NewMap:PersistentLevel.ThirdPersonCharacter_C_1
	Function /Game/ThirdPersonBP/Blueprints/ThirdPersonCharacter.ThirdPersonCharacter_C:ExecuteUbergraph_ThirdPersonCharacter:1C5D
[2015.06.21-05.51.09:827][874]LogScript:Warning: Cannot access 'TargetPlayer'. It is pending kill. Property: 'TargetPlayer'
	ThirdPersonCharacter_C /Temp/Autosaves/Game/Maps/UEDPCMiniTDmatch_2_NewMap.MiniTDmatch_2_NewMap:PersistentLevel.ThirdPersonCharacter_C_2
	Function /Game/ThirdPersonBP/Blueprints/ThirdPersonCharacter.ThirdPersonCharacter_C:ExecuteUbergraph_ThirdPersonCharacter:1C5D
[2015.06.21-05.51.25:831][837]LogEngine: All Windows Closed
[2015.06.21-05.51.25:831][837]LogWindows: FPlatformMisc::RequestExit(0)
[2015.06.21-05.51.25:865][838]LogExit: Preparing to exit.
[2015.06.21-05.51.26:019][838]LogExit: Game engine shut down
[2015.06.21-05.51.26:019][838]LogParticles: Destroying 0 GPU particle simulations for FXSystem 0x000000001C67D6C0
[2015.06.21-05.51.26:166][838]LogExit: Object subsystem successfully closed.
[2015.06.21-05.51.26:219][838]LogModuleManager: Shutting down and abandoning module AndroidDeviceDetection (107)
[2015.06.21-05.51.26:723][838]LogModuleManager: Shutting down and abandoning module AutomationWorker (106)
[2015.06.21-05.51.26:723][838]LogModuleManager: Shutting down and abandoning module CharacterAI (105)
[2015.06.21-05.51.26:723][838]LogModuleManager: Shutting down and abandoning module AITestSuite (104)
[2015.06.21-05.51.26:723][838]LogModuleManager: Shutting down and abandoning module GameplayDebugger (103)
[2015.06.21-05.51.26:723][838]LogModuleManager: Shutting down and abandoning module AIModule (102)
[2015.06.21-05.51.26:723][838]LogModuleManager: Shutting down and abandoning module AssetRegistry (101)
[2015.06.21-05.51.26:723][838]LogModuleManager: Shutting down and abandoning module GameLiveStreaming (100)
[2015.06.21-05.51.26:723][838]LogModuleManager: Shutting down and abandoning module StreamingPauseRendering (99)
[2015.06.21-05.51.26:723][838]LogModuleManager: Shutting down and abandoning module HTTP (98)
[2015.06.21-05.51.26:723][838]LogModuleManager: Shutting down and abandoning module AnalyticsET (97)
[2015.06.21-05.51.26:723][838]LogModuleManager: Shutting down and abandoning module Analytics (96)
[2015.06.21-05.51.26:723][838]LogModuleManager: Shutting down and abandoning module ProfilerService (95)
[2015.06.21-05.51.26:786][838]LogModuleManager: Shutting down and abandoning module TaskGraph (94)
[2015.06.21-05.51.26:786][838]LogModuleManager: Shutting down and abandoning module SlateRemote (93)
[2015.06.21-05.51.26:786][838]LogModuleManager: Shutting down and abandoning module CustomMeshComponent (92)
[2015.06.21-05.51.26:786][838]LogModuleManager: Shutting down and abandoning module CableComponent (91)
[2015.06.21-05.51.26:786][838]LogModuleManager: Shutting down and abandoning module DesktopPlatform (90)
[2015.06.21-05.51.26:786][838]LogModuleManager: Shutting down and abandoning module DirectoryWatcher (89)
[2015.06.21-05.51.26:786][838]LogModuleManager: Shutting down and abandoning module HotReload (88)
[2015.06.21-05.51.26:786][838]LogModuleManager: Shutting down and abandoning module VisualStudioSourceCodeAccess (87)
[2015.06.21-05.51.26:786][838]LogModuleManager: Shutting down and abandoning module UObjectPlugin (86)
[2015.06.21-05.51.26:786][838]LogModuleManager: Shutting down and abandoning module SubversionSourceControl (85)
[2015.06.21-05.51.26:786][838]LogModuleManager: Shutting down and abandoning module GitSourceControl (84)
[2015.06.21-05.51.26:786][838]LogModuleManager: Shutting down and abandoning module SourceControl (83)
[2015.06.21-05.51.26:786][838]LogModuleManager: Shutting down and abandoning module PerforceSourceControl (82)
[2015.06.21-05.51.26:786][838]LogModuleManager: Shutting down and abandoning module BlankPlugin (81)
[2015.06.21-05.51.26:786][838]LogModuleManager: Shutting down and abandoning module ScriptPlugin (80)
[2015.06.21-05.51.26:786][838]LogModuleManager: Shutting down and abandoning module UdpMessaging (79)
[2015.06.21-05.51.26:786][838]LogModuleManager: Shutting down and abandoning module Paper2D (78)
[2015.06.21-05.51.26:786][838]LogModuleManager: Shutting down and abandoning module WindowsMoviePlayer (77)
[2015.06.21-05.51.26:792][838]LogModuleManager: Shutting down and abandoning module Media (76)
[2015.06.21-05.51.26:792][838]LogModuleManager: Shutting down and abandoning module WmfMedia (75)
[2015.06.21-05.51.26:792][838]LogModuleManager: Shutting down and abandoning module OnlineBlueprintSupport (74)
[2015.06.21-05.51.26:792][838]LogModuleManager: Shutting down and abandoning module PropertyEditor (73)
[2015.06.21-05.51.26:792][838]LogModuleManager: Shutting down and abandoning module BehaviorTreeEditor (72)
[2015.06.21-05.51.26:792][838]LogModuleManager: Shutting down and abandoning module FunctionalTesting (71)
[2015.06.21-05.51.26:792][838]LogModuleManager: Shutting down and abandoning module CollisionAnalyzer (70)
[2015.06.21-05.51.26:792][838]LogModuleManager: Shutting down and abandoning module WorkspaceMenuStructure (69)
[2015.06.21-05.51.26:792][838]LogModuleManager: Shutting down and abandoning module MessageLog (68)
[2015.06.21-05.51.26:792][838]LogModuleManager: Shutting down and abandoning module Sequencer (67)
[2015.06.21-05.51.26:792][838]LogModuleManager: Shutting down and abandoning module AssetTools (66)
[2015.06.21-05.51.26:793][838]LogModuleManager: Shutting down and abandoning module UMGEditor (65)
[2015.06.21-05.51.26:793][838]LogModuleManager: Shutting down and abandoning module UMG (64)
[2015.06.21-05.51.26:793][838]LogModuleManager: Shutting down and abandoning module Slate (63)
[2015.06.21-05.51.26:793][838]LogModuleManager: Shutting down and abandoning module EditorStyle (62)
[2015.06.21-05.51.26:798][838]LogModuleManager: Shutting down and abandoning module SessionServices (61)
[2015.06.21-05.51.26:798][838]LogModuleManager: Shutting down and abandoning module SourceCodeAccess (60)
[2015.06.21-05.51.26:798][838]LogModuleManager: Shutting down and abandoning module HeadMountedDisplay (59)
[2015.06.21-05.51.26:798][838]LogModuleManager: Shutting down and abandoning module XAudio2 (58)
[2015.06.21-05.51.26:798][838]LogModuleManager: Shutting down and abandoning module Networking (56)
[2015.06.21-05.51.26:798][838]LogModuleManager: Shutting down and abandoning module Core (55)
[2015.06.21-05.51.26:798][838]LogModuleManager: Shutting down and abandoning module KismetCompiler (54)
[2015.06.21-05.51.26:798][838]LogModuleManager: Shutting down and abandoning module PhysXFormats (53)
[2015.06.21-05.51.26:798][838]LogModuleManager: Shutting down and abandoning module MeshUtilities (52)
[2015.06.21-05.51.26:798][838]LogModuleManager: Shutting down and abandoning module DerivedDataCache (51)
[2015.06.21-05.51.27:092][838]LogDerivedDataCache: Shutdown
[2015.06.21-05.51.27:092][838]LogModuleManager: Shutting down and abandoning module ShaderFormatOpenGL (50)
[2015.06.21-05.51.27:092][838]LogModuleManager: Shutting down and abandoning module ShaderFormatD3D (49)
[2015.06.21-05.51.27:092][838]LogModuleManager: Shutting down and abandoning module MetalShaderFormat (48)
[2015.06.21-05.51.27:092][838]LogModuleManager: Shutting down and abandoning module TextureFormatUncompressed (47)
[2015.06.21-05.51.27:092][838]LogModuleManager: Shutting down and abandoning module TextureFormatPVR (46)
[2015.06.21-05.51.27:092][838]LogModuleManager: Shutting down and abandoning module TextureFormatIntelISPCTexComp (45)
[2015.06.21-05.51.27:092][838]LogModuleManager: Shutting down and abandoning module TextureFormatDXT (44)
[2015.06.21-05.51.27:092][838]LogModuleManager: Shutting down and abandoning module ImageWrapper (43)
[2015.06.21-05.51.27:092][838]LogModuleManager: Shutting down and abandoning module TextureFormatASTC (42)
[2015.06.21-05.51.27:092][838]LogModuleManager: Shutting down and abandoning module TextureFormatAndroid (41)
[2015.06.21-05.51.27:092][838]LogModuleManager: Shutting down and abandoning module AudioFormatOpus (40)
[2015.06.21-05.51.27:092][838]LogModuleManager: Shutting down and abandoning module AudioFormatOgg (39)
[2015.06.21-05.51.27:092][838]LogModuleManager: Shutting down and abandoning module AudioFormatADPCM (38)
[2015.06.21-05.51.27:092][838]LogModuleManager: Shutting down and abandoning module LinuxTargetPlatform (37)
[2015.06.21-05.51.27:092][838]LogModuleManager: Shutting down and abandoning module LinuxServerTargetPlatform (36)
[2015.06.21-05.51.27:092][838]LogModuleManager: Shutting down and abandoning module LinuxNoEditorTargetPlatform (35)
[2015.06.21-05.51.27:092][838]LogModuleManager: Shutting down and abandoning module Messaging (34)
[2015.06.21-05.51.27:092][838]LogModuleManager: Shutting down and abandoning module IOSTargetPlatform (33)
[2015.06.21-05.51.27:092][838]LogModuleManager: Shutting down and abandoning module HTML5TargetPlatform (32)
[2015.06.21-05.51.27:092][838]LogModuleManager: Shutting down and abandoning module Android_PVRTCTargetPlatform (31)
[2015.06.21-05.51.27:092][838]LogModuleManager: Shutting down and abandoning module Android_ETC2TargetPlatform (30)
[2015.06.21-05.51.27:092][838]LogModuleManager: Shutting down and abandoning module Android_ETC1TargetPlatform (29)
[2015.06.21-05.51.27:092][838]LogModuleManager: Shutting down and abandoning module Android_ES31TargetPlatform (28)
[2015.06.21-05.51.27:092][838]LogModuleManager: Shutting down and abandoning module Android_DXTTargetPlatform (27)
[2015.06.21-05.51.27:092][838]LogModuleManager: Shutting down and abandoning module Android_ATCTargetPlatform (26)
[2015.06.21-05.51.27:092][838]LogModuleManager: Shutting down and abandoning module AndroidTargetPlatform (25)
[2015.06.21-05.51.27:092][838]LogModuleManager: Shutting down and abandoning module WindowsTargetPlatform (24)
[2015.06.21-05.51.27:092][838]LogModuleManager: Shutting down and abandoning module WindowsServerTargetPlatform (23)
[2015.06.21-05.51.27:092][838]LogModuleManager: Shutting down and abandoning module WindowsNoEditorTargetPlatform (22)
[2015.06.21-05.51.27:092][838]LogModuleManager: Shutting down and abandoning module WindowsClientTargetPlatform (21)
[2015.06.21-05.51.27:092][838]LogModuleManager: Shutting down and abandoning module TargetPlatform (20)
[2015.06.21-05.51.27:092][838]LogModuleManager: Shutting down and abandoning module InputCore (19)
[2015.06.21-05.51.27:092][838]LogModuleManager: Shutting down and abandoning module Settings (18)
[2015.06.21-05.51.27:092][838]LogModuleManager: Shutting down and abandoning module OnlineSubsystem (16)
[2015.06.21-05.51.27:092][838]LogModuleManager: Shutting down and abandoning module OculusRift (15)
[2015.06.21-05.51.27:092][838]LogModuleManager: Shutting down and abandoning module ExampleDeviceProfileSelector (14)
[2015.06.21-05.51.27:092][838]LogModuleManager: Shutting down and abandoning module TextureCompressor (13)
[2015.06.21-05.51.27:092][838]LogModuleManager: Shutting down and abandoning module ShaderCore (12)
[2015.06.21-05.51.27:092][838]LogModuleManager: Shutting down and abandoning module Landscape (11)
[2015.06.21-05.51.27:092][838]LogModuleManager: Shutting down and abandoning module SlateRHIRenderer (10)
[2015.06.21-05.51.27:093][838]LogModuleManager: Shutting down and abandoning module OpenGLDrv (9)
[2015.06.21-05.51.27:093][838]LogModuleManager: Shutting down and abandoning module D3D11RHI (8)
[2015.06.21-05.51.27:093][838]LogModuleManager: Shutting down and abandoning module Renderer (7)
[2015.06.21-05.51.27:093][838]LogModuleManager: Shutting down and abandoning module Engine (6)
[2015.06.21-05.51.27:093][838]LogModuleManager: Shutting down and abandoning module CoreUObject (5)
[2015.06.21-05.51.27:093][838]LogModuleManager: Shutting down and abandoning module NetworkFile (4)
[2015.06.21-05.51.27:093][838]LogModuleManager: Shutting down and abandoning module StreamingFile (3)
[2015.06.21-05.51.27:093][838]LogModuleManager: Shutting down and abandoning module SandboxFile (2)
[2015.06.21-05.51.27:093][838]LogModuleManager: Shutting down and abandoning module PakFile (1)
[2015.06.21-05.51.27:094][838]LogExit: Exiting.
[2015.06.21-05.51.27:095][838]Log file closed, 06/21/15 17:51:27
