Log file open, 06/21/15 19:15:16
LogInit:Display: Running engine for game: Mayhem3d
LogInit: Version: 4.7.6-2513093+++depot+UE4-Releases+4.7
LogInit: API Version: 2455222
LogInit: Compiled (64-bit): Apr 15 2015 12:09:54
LogInit: Compiled with Visual C++: 18.00.21005.01
LogInit: Build Configuration: Development
LogInit: Branch Name: ++depot+UE4-Releases+4.7
LogInit: Command line:  
LogInit: Base directory: C:/Program Files/Epic Games/4.7/Engine/Binaries/Win64/
LogInit: Rocket: 1
[2015.06.21-07.15.16:415][  0]LogTaskGraph: Started task graph with 3 named threads and 4 total threads.
[2015.06.21-07.15.16:452][  0]LogOnline:Warning: No default platform service specified for OnlineSubsystem
[2015.06.21-07.15.16:468][  0]LogInit: Presizing for 0 objects not considered by GC, pre-allocating 0 bytes.
[2015.06.21-07.15.16:481][  0]LogInit: Object subsystem initialized
[2015.06.21-07.15.16:507][  0]LogInit: Selected Device Profile: [Windows]
[2015.06.21-07.15.16:507][  0]LogInit: Applying CVar settings loaded from the selected device profile: [Windows]
[2015.06.21-07.15.16:516][  0]LogInit: Computer: GREG-PC
[2015.06.21-07.15.16:516][  0]LogInit: User: Greg
[2015.06.21-07.15.16:516][  0]LogInit: CPU Page size=4096, Cores=2
[2015.06.21-07.15.16:516][  0]LogInit: High frequency timer resolution =3.531914 MHz
[2015.06.21-07.15.16:516][  0]LogMemory: Memory total: Physical=8.0GB (8GB approx) Virtual=8192.0GB
[2015.06.21-07.15.16:516][  0]LogMemory: Platform Memory Stats for Windows
[2015.06.21-07.15.16:516][  0]LogMemory: Process Physical Memory: 46.56 MB used, 46.56 MB peak
[2015.06.21-07.15.16:516][  0]LogMemory: Process Virtual Memory: 25.43 MB used, 25.43 MB peak
[2015.06.21-07.15.16:516][  0]LogMemory: Physical Memory: 3328.67 MB used, 8162.53 MB total
[2015.06.21-07.15.16:516][  0]LogMemory: Virtual Memory: 280.04 MB used, 8388608.00 MB total
[2015.06.21-07.15.16:550][  0]LogD3D11RHI: Found D3D11 adapter 0: AMD Radeon HD 6570 (Feature Level 11_0)
[2015.06.21-07.15.16:550][  0]LogD3D11RHI: Adapter has 2030MB of dedicated video memory, 0MB of dedicated system memory, and 3825MB of shared system memory, 2 output[s]
[2015.06.21-07.15.16:558][  0]LogD3D11RHI: Found D3D11 adapter 1: ATI Radeon HD 5570 (Feature Level 11_0)
[2015.06.21-07.15.16:558][  0]LogD3D11RHI: Adapter has 1010MB of dedicated video memory, 0MB of dedicated system memory, and 3825MB of shared system memory, 2 output[s]
[2015.06.21-07.15.16:558][  0]LogD3D11RHI: Chosen D3D11 Adapter Id = 0
[2015.06.21-07.15.16:566][  0]LogRHI: Texture pool is 1361 MB (70% of 1945 MB)
[2015.06.21-07.15.16:575][  0]LogD3D11RHI: Async texture creation disabled: no driver support
[2015.06.21-07.15.16:633][  0]LogTextLocalizationManager: The requested culture ('en_US') has no localization data; parent culture's ('en') localization data will be used.
[2015.06.21-07.15.16:708][  0]LogTextLocalizationManager:Warning: Loading localization resources contain conflicting entries for (Namespace:UICommands, Key:Save_ToolTip):
Resource: (C:/Program Files/Epic Games/4.7/Engine/Content/Localization/Editor/en/Editor.locres) Hash: (-29098895) String: (Saves the current level to disk)
Resource: (C:/Program Files/Epic Games/4.7/Engine/Content/Localization/Engine/en/Engine.locres) Hash: (-1280300587) String: (Save selected data to vlog file)
[2015.06.21-07.15.16:708][  0]LogTextLocalizationManager:Warning: Loading localization resources contain conflicting entries for (Namespace:ContentBrowser, Key:ImportAssetToolTip):
Resource: (C:/Program Files/Epic Games/4.7/Engine/Content/Localization/Editor/en/Editor.locres) Hash: (-630476809) String: (Import to {0}...)
Resource: (C:/Program Files/Epic Games/4.7/Engine/Content/Localization/Editor/en/Editor.locres) Hash: (1271782899) String: (Imports an asset from file to this folder.)
[2015.06.21-07.15.16:810][  0]LogContentStreaming: Texture pool size is 0.000000MB
[2015.06.21-07.15.20:045][  0]LogTargetPlatformManager:Display: Building Assets For Windows
[2015.06.21-07.15.20:778][  0]LogTargetPlatformManager:Display: Building Assets For Windows
[2015.06.21-07.15.20:871][  0]LogDerivedDataCache:Display: Max Cache Size: 512 MB
[2015.06.21-07.15.20:944][  0]LogDerivedDataCache: Loaded boot cache 0.07s 39MB C:/Users/Greg/AppData/Local/UnrealEngine/4.7/DerivedDataCache/Boot.ddc.
[2015.06.21-07.15.20:944][  0]LogDerivedDataCache:Display: Loaded Boot cache: C:/Users/Greg/AppData/Local/UnrealEngine/4.7/DerivedDataCache/Boot.ddc
[2015.06.21-07.15.20:944][  0]LogDerivedDataCache: FDerivedDataBackendGraph:  Pak pak cache file ../../../../../../Users/Greg/Desktop/ToyBox_VerticalSlice_2/DerivedDataCache/DDC.ddp not found, will not use a pak cache.
[2015.06.21-07.15.20:944][  0]LogDerivedDataCache: Unable to find inner node Pak for hierarchical cache Hierarchy.
[2015.06.21-07.15.21:083][  0]LogDerivedDataCache:Display: Pak cache opened for reading ../../../Engine/DerivedDataCache/Compressed.ddp.
[2015.06.21-07.15.21:096][  0]LogDerivedDataCache: Using Local data cache path C:/Users/Greg/AppData/Local/UnrealEngine/Common/DerivedDataCache: Writable
[2015.06.21-07.15.21:605][  0]LogMeshUtilities: No automatic mesh reduction module available
[2015.06.21-07.15.21:605][  0]LogMeshUtilities: No automatic mesh merging module available
[2015.06.21-07.15.22:161][  0]LogInit: WinSock: version 1.1 (2.2), MaxSocks=32767, MaxUdp=65467
[2015.06.21-07.15.22:270][  0]LogSlate:Warning: Failed to load font data from '../../../Engine/Content/Slate/Fonts/Roboto-Italic.ttf'
[2015.06.21-07.15.24:210][  0]UdpMessaging: Initializing bridge on interface 0.0.0.0:0 to multicast group 230.0.0.1:6666.
[2015.06.21-07.15.24:466][  0]SourceControl: Info Source control is disabled
[2015.06.21-07.15.24:466][  0]SourceControl: Info Source control is disabled
[2015.06.21-07.15.24:466][  0]SourceControl: Info Source control is disabled
[2015.06.21-07.15.24:466][  0]LogSourceControl: RunCommandInternalRaw: 'git version'
[2015.06.21-07.15.24:466][  0]LogSourceControl: RunCommandInternalRaw: ExecProcess ReturnCode=2 OutResults=''
[2015.06.21-07.15.24:478][  0]SourceControl: Info Source control is disabled
[2015.06.21-07.15.24:738][  0]LogObj: 24232 objects as part of root set at end of initial load.
[2015.06.21-07.15.24:738][  0]LogUObjectAllocator: 5137168 out of 0 bytes used by permanent object pool.
[2015.06.21-07.15.24:849][  0]LogEngine: Initializing Engine...
[2015.06.21-07.15.27:053][  0]LogInit: XAudio2 using 'Speakers (VIA High Definition Audio)' : 2 channels at 48 kHz using 32 bits per sample (channel mask 0x3)
[2015.06.21-07.15.27:192][  0]LogInit: FAudioDevice initialized.
[2015.06.21-07.15.27:241][  0]LogAIModule: Creating AISystem for world NewWorld
[2015.06.21-07.15.27:279][  0]LogDerivedDataCache: Saved boot cache 0.04s 39MB C:/Users/Greg/AppData/Local/UnrealEngine/4.7/DerivedDataCache/Boot.ddc.
[2015.06.21-07.15.27:287][  0]LogInit: Texture streaming: Enabled
[2015.06.21-07.15.27:405][  0]LogAnalytics: Creating configured Analytics provider AnalyticsET
[2015.06.21-07.15.27:405][  0]LogAnalytics: ET APIKey = Rocket.Release. APIServer = http://et2.epicgames.com/ET2/. AppVersion = 4.7.6-2513093+++depot+UE4-Releases+4.7
[2015.06.21-07.15.27:405][  0]LogAnalytics: ET APIKey = Rocket.Release. DataRouterUploadURL = https://datarouter-public-service-gamedev.ol.epicgames.net/datarouter/api/v1/public/data. AppVersion = 4.7.6-2513093+++depot+UE4-Releases+4.7
[2015.06.21-07.15.27:406][  0]LogAnalytics: SetUserId ce9ea13c497ef03941d9d7b554771940|117b35ea432143c787aac95f9dca0399|37834ffb-7ee6-4849-b050-b6cd6d834748
[2015.06.21-07.15.27:406][  0]LogAnalytics: AnalyticsET::StartSession [Rocket.Release]
[2015.06.21-07.15.27:437][  0]LogInit: Transaction tracking system initialized
[2015.06.21-07.15.27:664][  0]BlueprintLog: New page: Editor Load
[2015.06.21-07.15.27:706][  0]LogAssetRegistry: FAssetRegistry took 0.0097 seconds to start up
[2015.06.21-07.15.27:706][  0]LogDirectoryWatcher:Warning: Failed to begin reading directory changes for ../../../Engine/Plugins/Experimental/CharacterAI/Content/. Error: 0
[2015.06.21-07.15.28:633][  0]LogTargetPlatformManager:Display: Building Assets For Windows
[2015.06.21-07.15.29:230][  0]LogTargetPlatformManager:Display: Building Assets For Windows
[2015.06.21-07.15.29:816][  0]LogSlate:Warning: Failed to load font data from '../../../Engine/Content/Editor/Slate/Fonts/Roboto-Regular.ttf'
[2015.06.21-07.15.29:816][  0]LogSlate:Warning: Failed to load font data from '../../../Engine/Content/Editor/Slate/Fonts/Roboto-Bold.ttf'
[2015.06.21-07.15.29:901][  0]LogConsoleResponse:Display: 
[2015.06.21-07.15.30:129][  0]LogCook:Display: Done creating registry. It took  0.00s.
[2015.06.21-07.15.30:430][  0]SourceControl: Info Source control is disabled
[2015.06.21-07.15.30:430][  0]Cmd: MAP LOAD FILE="../../../../../../Users/Greg/Desktop/ToyBox_VerticalSlice_2/Content/Maps/MiniTDmatch_2_NewMap.umap" TEMPLATE=0 SHOWPROGRESS=1 FEATURELEVEL=3
[2015.06.21-07.15.30:431][  0]LightingResults: New page: Lighting Build
[2015.06.21-07.15.30:449][  0]MapCheck: New page: Map Check
[2015.06.21-07.15.30:449][  0]LightingResults: New page: Lighting Build
[2015.06.21-07.15.30:474][  0]LogParticles: Destroying 0 GPU particle simulations for FXSystem 0x000000001384C680
[2015.06.21-07.15.32:544][  0]LogLinker:Warning: Asset '../../../../../../Users/Greg/Desktop/ToyBox_VerticalSlice_2/Content/ThirdPersonBP/Blueprints/DamageTypes/ArcaneDamage.uasset' has been saved with empty engine version. The asset will be loaded but may be incompatible.
[2015.06.21-07.15.32:548][  0]LogLinker:Warning: Asset '../../../../../../Users/Greg/Desktop/ToyBox_VerticalSlice_2/Content/ThirdPersonBP/Textures/Health/Health_100.uasset' has been saved with empty engine version. The asset will be loaded but may be incompatible.
[2015.06.21-07.15.33:007][  0]LogLinker:Warning: Asset '../../../../../../Users/Greg/Desktop/ToyBox_VerticalSlice_2/Content/Character/Materials/Red/Brawler_Red.uasset' has been saved with empty engine version. The asset will be loaded but may be incompatible.
[2015.06.21-07.15.33:093][  0]LogLinker:Warning: Asset '../../../../../../Users/Greg/Desktop/ToyBox_VerticalSlice_2/Content/ThirdPersonBP/Materials/MageOrbMaterial.uasset' has been saved with empty engine version. The asset will be loaded but may be incompatible.
[2015.06.21-07.15.33:121][  0]LogLinker:Warning: Asset '../../../../../../Users/Greg/Desktop/ToyBox_VerticalSlice_2/Content/ThirdPersonBP/Materials/MegaOrbMatterial.uasset' has been saved with empty engine version. The asset will be loaded but may be incompatible.
[2015.06.21-07.15.33:144][  0]LogLinker:Warning: Asset '../../../../../../Users/Greg/Desktop/ToyBox_VerticalSlice_2/Content/ThirdPersonBP/Materials/SlowBallMaterial.uasset' has been saved with empty engine version. The asset will be loaded but may be incompatible.
[2015.06.21-07.15.33:167][  0]LogLinker:Warning: Asset '../../../../../../Users/Greg/Desktop/ToyBox_VerticalSlice_2/Content/Blueprints/GameHUD.uasset' has been saved with empty engine version. The asset will be loaded but may be incompatible.
[2015.06.21-07.15.34:217][  0]LogLinker:Warning: Asset '../../../../../../Users/Greg/Desktop/ToyBox_VerticalSlice_2/Content/Character/Materials/Blue/Brawler_Blue.uasset' has been saved with empty engine version. The asset will be loaded but may be incompatible.
[2015.06.21-07.15.34:242][  0]LogLinker:Warning: Asset '../../../../../../Users/Greg/Desktop/ToyBox_VerticalSlice_2/Content/ThirdPersonBP/Materials/PlayerMat_Inst.uasset' has been saved with empty engine version. The asset will be loaded but may be incompatible.
[2015.06.21-07.15.34:246][  0]LogLinker:Warning: Asset '../../../../../../Users/Greg/Desktop/ToyBox_VerticalSlice_2/Content/ThirdPersonBP/Textures/Health/Health_10.uasset' has been saved with empty engine version. The asset will be loaded but may be incompatible.
[2015.06.21-07.15.34:247][  0]LogLinker:Warning: Asset '../../../../../../Users/Greg/Desktop/ToyBox_VerticalSlice_2/Content/ThirdPersonBP/Textures/Health/Health_15.uasset' has been saved with empty engine version. The asset will be loaded but may be incompatible.
[2015.06.21-07.15.34:248][  0]LogLinker:Warning: Asset '../../../../../../Users/Greg/Desktop/ToyBox_VerticalSlice_2/Content/ThirdPersonBP/Textures/Health/Health_20.uasset' has been saved with empty engine version. The asset will be loaded but may be incompatible.
[2015.06.21-07.15.34:250][  0]LogLinker:Warning: Asset '../../../../../../Users/Greg/Desktop/ToyBox_VerticalSlice_2/Content/ThirdPersonBP/Textures/Health/Health_25.uasset' has been saved with empty engine version. The asset will be loaded but may be incompatible.
[2015.06.21-07.15.34:251][  0]LogLinker:Warning: Asset '../../../../../../Users/Greg/Desktop/ToyBox_VerticalSlice_2/Content/ThirdPersonBP/Textures/Health/Health_30.uasset' has been saved with empty engine version. The asset will be loaded but may be incompatible.
[2015.06.21-07.15.34:253][  0]LogLinker:Warning: Asset '../../../../../../Users/Greg/Desktop/ToyBox_VerticalSlice_2/Content/ThirdPersonBP/Textures/Health/Health_35.uasset' has been saved with empty engine version. The asset will be loaded but may be incompatible.
[2015.06.21-07.15.34:254][  0]LogLinker:Warning: Asset '../../../../../../Users/Greg/Desktop/ToyBox_VerticalSlice_2/Content/ThirdPersonBP/Textures/Health/Health_40.uasset' has been saved with empty engine version. The asset will be loaded but may be incompatible.
[2015.06.21-07.15.34:255][  0]LogLinker:Warning: Asset '../../../../../../Users/Greg/Desktop/ToyBox_VerticalSlice_2/Content/ThirdPersonBP/Textures/Health/Health_45.uasset' has been saved with empty engine version. The asset will be loaded but may be incompatible.
[2015.06.21-07.15.34:256][  0]LogLinker:Warning: Asset '../../../../../../Users/Greg/Desktop/ToyBox_VerticalSlice_2/Content/ThirdPersonBP/Textures/Health/Health_5.uasset' has been saved with empty engine version. The asset will be loaded but may be incompatible.
[2015.06.21-07.15.34:257][  0]LogLinker:Warning: Asset '../../../../../../Users/Greg/Desktop/ToyBox_VerticalSlice_2/Content/ThirdPersonBP/Textures/Health/Health_50.uasset' has been saved with empty engine version. The asset will be loaded but may be incompatible.
[2015.06.21-07.15.34:258][  0]LogLinker:Warning: Asset '../../../../../../Users/Greg/Desktop/ToyBox_VerticalSlice_2/Content/ThirdPersonBP/Textures/Health/Health_55.uasset' has been saved with empty engine version. The asset will be loaded but may be incompatible.
[2015.06.21-07.15.34:259][  0]LogLinker:Warning: Asset '../../../../../../Users/Greg/Desktop/ToyBox_VerticalSlice_2/Content/ThirdPersonBP/Textures/Health/Health_60.uasset' has been saved with empty engine version. The asset will be loaded but may be incompatible.
[2015.06.21-07.15.34:260][  0]LogLinker:Warning: Asset '../../../../../../Users/Greg/Desktop/ToyBox_VerticalSlice_2/Content/ThirdPersonBP/Textures/Health/Health_65.uasset' has been saved with empty engine version. The asset will be loaded but may be incompatible.
[2015.06.21-07.15.34:262][  0]LogLinker:Warning: Asset '../../../../../../Users/Greg/Desktop/ToyBox_VerticalSlice_2/Content/ThirdPersonBP/Textures/Health/Health_70.uasset' has been saved with empty engine version. The asset will be loaded but may be incompatible.
[2015.06.21-07.15.34:263][  0]LogLinker:Warning: Asset '../../../../../../Users/Greg/Desktop/ToyBox_VerticalSlice_2/Content/ThirdPersonBP/Textures/Health/Health_75.uasset' has been saved with empty engine version. The asset will be loaded but may be incompatible.
[2015.06.21-07.15.34:264][  0]LogLinker:Warning: Asset '../../../../../../Users/Greg/Desktop/ToyBox_VerticalSlice_2/Content/ThirdPersonBP/Textures/Health/Health_80.uasset' has been saved with empty engine version. The asset will be loaded but may be incompatible.
[2015.06.21-07.15.34:265][  0]LogLinker:Warning: Asset '../../../../../../Users/Greg/Desktop/ToyBox_VerticalSlice_2/Content/ThirdPersonBP/Textures/Health/Health_85.uasset' has been saved with empty engine version. The asset will be loaded but may be incompatible.
[2015.06.21-07.15.34:266][  0]LogLinker:Warning: Asset '../../../../../../Users/Greg/Desktop/ToyBox_VerticalSlice_2/Content/ThirdPersonBP/Textures/Health/Health_90.uasset' has been saved with empty engine version. The asset will be loaded but may be incompatible.
[2015.06.21-07.15.34:267][  0]LogLinker:Warning: Asset '../../../../../../Users/Greg/Desktop/ToyBox_VerticalSlice_2/Content/ThirdPersonBP/Textures/Health/Health_95.uasset' has been saved with empty engine version. The asset will be loaded but may be incompatible.
[2015.06.21-07.15.38:743][  0]LogLinker:Warning: Asset '../../../../../../Users/Greg/Desktop/ToyBox_VerticalSlice_2/Content/ThirdPersonBP/Materials/PlayerInst_Red.uasset' has been saved with empty engine version. The asset will be loaded but may be incompatible.
[2015.06.21-07.15.42:167][  0]LogEditorServer: Finished looking for orphan Actors (0.000 secs)
[2015.06.21-07.15.42:265][  0]LogAIModule: Creating AISystem for world MiniTDmatch_2_NewMap
[2015.06.21-07.15.42:266][  0]Cmd: MAP CHECKDEP
[2015.06.21-07.15.42:266][  0]MapCheck: New page: MiniTDmatch_2_NewMap - Jun 22, 2015, 7:15:42 AM
[2015.06.21-07.15.42:426][  0]MapCheck: Info Map check complete: 0 Error(s), 0 Warning(s), took 160.497ms to complete.
[2015.06.21-07.15.42:426][  0]LogFileHelpers: Loading map 'MiniTDmatch_2_NewMap' took 12.008
[2015.06.21-07.15.42:669][  0]LogCollectionManager: Loaded 0 collections in 0.002968 seconds
[2015.06.21-07.15.42:692][  0]LogContentBrowser: Native class hierarchy populated in 0.0223 seconds. Added 1696 classes and 261 folders.
[2015.06.21-07.15.42:763][  0]LogContentBrowser: Native class hierarchy updated for 'SceneOutliner' in 0.0024 seconds. Added 1 classes and 2 folders.
[2015.06.21-07.15.42:807][  0]LogCrashTracker: Crashtracker disabled due to settings.
[2015.06.21-07.15.42:809][  0]LogSlate:Warning: Failed to load font data from 'Veranda'
[2015.06.21-07.15.42:852][  0]LogLoad: Full Startup: 28.51 seconds (BP compile: 4.57 seconds)
[2015.06.21-07.15.43:361][  0]LogContentBrowser:Verbose: The content browser source was changed by the sources view to '/Game/ThirdPersonBP'
[2015.06.21-07.15.43:581][  0]LogRenderer:Warning: Reallocating scene render targets to support 1208x600 (Frame:2).
[2015.06.21-07.15.44:057][  1]Cmd: UpdateLandscapeEditorData -warnings
[2015.06.21-07.15.44:059][  1]Cmd: UpdateLandscapeEditorData
[2015.06.21-07.15.47:415][ 11]LogAssetRegistry: Asset discovery search completed in 19.7373 seconds
[2015.06.21-07.16.08:386][ 74]LogContentBrowser:Verbose: The content browser source was changed by the sources view to '/Game/ThirdPersonBP/Blueprints'
[2015.06.21-07.25.42:664][890]LogActorComponent: UnregisterComponent: (/Engine/Transient.CharMoveComp) Not registered. Aborting.
[2015.06.21-07.25.42:664][890]LogActorComponent: UnregisterComponent: (/Engine/Transient.AbilityController_0) Not registered. Aborting.
[2015.06.21-07.25.42:905][890]LogFileHelpers: Editor autosave (incl. sublevels) for '/Game/Maps/MiniTDmatch_2_NewMap' took 0.242
[2015.06.21-07.25.43:046][890]OBJ SavePackage: Generating thumbnails for [1] asset(s) in package [/Game/ThirdPersonBP/Blueprints/ThirdPersonCharacter] ([1] browsable assets)...
[2015.06.21-07.25.43:082][890]OBJ SavePackage:     Rendered thumbnail for [Blueprint /Game/ThirdPersonBP/Blueprints/ThirdPersonCharacter.ThirdPersonCharacter]
[2015.06.21-07.25.43:082][890]OBJ SavePackage: Finished generating thumbnails for package [/Game/ThirdPersonBP/Blueprints/ThirdPersonCharacter]
[2015.06.21-07.25.46:683][890]LogSavePackage: Save=3588.970459ms
[2015.06.21-07.25.46:688][890]LogSavePackage: Moving '../../../../../../Users/Greg/Desktop/ToyBox_VerticalSlice_2/Saved/ThirdPersonCharacter_Auto19D630B4F4C32B30665BA4FB5B3C9E792.tmp' to '../../../../../../Users/Greg/Desktop/ToyBox_VerticalSlice_2/Saved/Autosaves/Game/ThirdPersonBP/Blueprints/ThirdPersonCharacter_Auto1.uasset'
[2015.06.21-07.25.46:701][890]LogFileHelpers: Auto-saving content packages took 3.798
[2015.06.21-14.54.13:165][970]LogActorComponent: UnregisterComponent: (/Engine/Transient.CharMoveComp) Not registered. Aborting.
[2015.06.21-14.54.13:165][970]LogActorComponent: UnregisterComponent: (/Engine/Transient.AbilityController_0) Not registered. Aborting.
[2015.06.21-14.54.13:165][970]LogActorComponent: UnregisterComponent: (/Engine/Transient.ProjectileMovementComponent_0) Not registered. Aborting.
[2015.06.21-14.54.13:166][970]LogActorComponent: UnregisterComponent: (/Engine/Transient.ProjectileMovementComponent_1) Not registered. Aborting.
[2015.06.21-14.54.13:166][970]LogActorComponent: UnregisterComponent: (/Engine/Transient.ProjectileMovementComponent_2) Not registered. Aborting.
[2015.06.21-14.54.21:042][971]Cmd: QUIT_EDITOR
[2015.06.21-14.54.21:827][971]LogExit: Preparing to exit.
[2015.06.21-14.54.23:678][971]LogExit: Editor shut down
[2015.06.21-14.54.23:679][971]LogExit: Transaction tracking system shut down
[2015.06.21-14.54.23:687][971]LogParticles: Destroying 0 GPU particle simulations for FXSystem 0x000000001F1C9BC0
[2015.06.21-14.54.23:692][971]LogParticles: Destroying 0 GPU particle simulations for FXSystem 0x0000000026249940
[2015.06.21-14.54.23:693][971]LogParticles: Destroying 0 GPU particle simulations for FXSystem 0x000000002564BC40
[2015.06.21-14.54.23:694][971]LogParticles: Destroying 0 GPU particle simulations for FXSystem 0x00000000277344A0
[2015.06.21-14.54.23:695][971]LogParticles: Destroying 0 GPU particle simulations for FXSystem 0x000000001B35DDA0
[2015.06.21-14.54.26:043][971]LogExit: Object subsystem successfully closed.
[2015.06.21-14.54.28:762][971]LogModuleManager: Shutting down and abandoning module ExternalImagePicker (178)
[2015.06.21-14.54.28:806][971]LogModuleManager: Shutting down and abandoning module CrashTracker (177)
[2015.06.21-14.54.28:806][971]LogModuleManager: Shutting down and abandoning module SuperSearch (176)
[2015.06.21-14.54.28:806][971]LogModuleManager: Shutting down and abandoning module SceneOutliner (175)
[2015.06.21-14.54.28:831][971]LogModuleManager: Shutting down and abandoning module EditorWidgets (174)
[2015.06.21-14.54.28:831][971]LogModuleManager: Shutting down and abandoning module CollectionManager (173)
[2015.06.21-14.54.28:866][971]LogModuleManager: Shutting down and abandoning module StatsViewer (172)
[2015.06.21-14.54.28:948][971]LogModuleManager: Shutting down and abandoning module FoliageEdit (171)
[2015.06.21-14.54.28:948][971]LogModuleManager: Shutting down and abandoning module LandscapeEditor (170)
[2015.06.21-14.54.29:055][971]LogModuleManager: Shutting down and abandoning module MeshPaint (169)
[2015.06.21-14.54.29:091][971]LogModuleManager: Shutting down and abandoning module ActorPickerMode (168)
[2015.06.21-14.54.29:091][971]LogModuleManager: Shutting down and abandoning module GeometryMode (167)
[2015.06.21-14.54.29:091][971]LogModuleManager: Shutting down and abandoning module TextureAlignMode (166)
[2015.06.21-14.54.29:091][971]LogModuleManager: Shutting down and abandoning module BspMode (165)
[2015.06.21-14.54.29:091][971]LogModuleManager: Shutting down and abandoning module PlacementMode (164)
[2015.06.21-14.54.29:091][971]LogModuleManager: Shutting down and abandoning module AutomationWorker (163)
[2015.06.21-14.54.29:091][971]LogModuleManager: Shutting down and abandoning module CharacterAI (162)
[2015.06.21-14.54.29:092][971]LogModuleManager: Shutting down and abandoning module SmartSnapping (161)
[2015.06.21-14.54.29:092][971]LogModuleManager: Shutting down and abandoning module ViewportSnapping (160)
[2015.06.21-14.54.29:092][971]LogModuleManager: Shutting down and abandoning module LogVisualizer (159)
[2015.06.21-14.54.29:195][971]LogModuleManager: Shutting down and abandoning module GameProjectGeneration (158)
[2015.06.21-14.54.29:214][971]LogModuleManager: Shutting down and abandoning module IntroTutorials (157)
[2015.06.21-14.54.29:319][971]LogModuleManager: Shutting down and abandoning module EditorLiveStreaming (156)
[2015.06.21-14.54.29:344][971]LogModuleManager: Shutting down and abandoning module HardwareTargeting (155)
[2015.06.21-14.54.29:344][971]LogModuleManager: Shutting down and abandoning module DeviceProfileEditor (154)
[2015.06.21-14.54.29:369][971]LogModuleManager: Shutting down and abandoning module UndoHistory (153)
[2015.06.21-14.54.29:397][971]LogModuleManager: Shutting down and abandoning module GameplayTagsEditor (152)
[2015.06.21-14.54.29:397][971]LogModuleManager: Shutting down and abandoning module UserFeedback (151)
[2015.06.21-14.54.29:397][971]LogModuleManager: Shutting down and abandoning module XmlParser (150)
[2015.06.21-14.54.29:428][971]LogModuleManager: Shutting down and abandoning module Blutility (149)
[2015.06.21-14.54.29:428][971]LogModuleManager: Shutting down and abandoning module IOSPlatformEditor (148)
[2015.06.21-14.54.29:428][971]LogModuleManager: Shutting down and abandoning module IOSRuntimeSettings (147)
[2015.06.21-14.54.29:428][971]LogModuleManager: Shutting down and abandoning module AndroidDeviceDetection (146)
[2015.06.21-14.54.30:141][971]LogModuleManager: Shutting down and abandoning module AndroidPlatformEditor (145)
[2015.06.21-14.54.30:141][971]LogModuleManager: Shutting down and abandoning module AndroidRuntimeSettings (144)
[2015.06.21-14.54.30:141][971]LogModuleManager: Shutting down and abandoning module ProjectTargetPlatformEditor (143)
[2015.06.21-14.54.30:151][971]LogModuleManager: Shutting down and abandoning module ProjectSettingsViewer (142)
[2015.06.21-14.54.30:151][971]LogModuleManager: Shutting down and abandoning module InputBindingEditor (141)
[2015.06.21-14.54.30:299][971]LogModuleManager: Shutting down and abandoning module EditorSettingsViewer (140)
[2015.06.21-14.54.30:299][971]LogModuleManager: Shutting down and abandoning module SettingsEditor (139)
[2015.06.21-14.54.30:299][971]LogModuleManager: Shutting down and abandoning module ProjectLauncher (138)
[2015.06.21-14.54.30:444][971]LogModuleManager: Shutting down and abandoning module SessionFrontend (137)
[2015.06.21-14.54.30:472][971]LogModuleManager: Shutting down and abandoning module ProfilerClient (136)
[2015.06.21-14.54.30:534][971]LogModuleManager: Shutting down and abandoning module TargetDeviceServices (135)
[2015.06.21-14.54.30:534][971]LogModuleManager: Shutting down and abandoning module DeviceManager (134)
[2015.06.21-14.54.30:589][971]LogModuleManager: Shutting down and abandoning module AutomationController (133)
[2015.06.21-14.54.30:622][971]LogModuleManager: Shutting down and abandoning module AutomationWindow (132)
[2015.06.21-14.54.30:665][971]LogModuleManager: Shutting down and abandoning module Layers (131)
[2015.06.21-14.54.30:814][971]LogModuleManager: Shutting down and abandoning module ComponentVisualizers (130)
[2015.06.21-14.54.30:814][971]LogModuleManager: Shutting down and abandoning module DetailCustomizations (129)
[2015.06.21-14.54.30:860][971]LogModuleManager: Shutting down and abandoning module PackagesDialog (128)
[2015.06.21-14.54.30:860][971]LogModuleManager: Shutting down and abandoning module AssetRegistry (127)
[2015.06.21-14.54.31:039][971]LogModuleManager: Shutting down and abandoning module Persona (126)
[2015.06.21-14.54.31:202][971]LogModuleManager: Shutting down and abandoning module SlateReflector (125)
[2015.06.21-14.54.31:302][971]LogModuleManager: Shutting down and abandoning module LevelEditor (124)
[2015.06.21-14.54.31:341][971]LogModuleManager: Shutting down and abandoning module Kismet (123)
[2015.06.21-14.54.31:341][971]LogModuleManager: Shutting down and abandoning module GraphEditor (122)
[2015.06.21-14.54.31:342][971]LogModuleManager: Shutting down and abandoning module ClassViewer (121)
[2015.06.21-14.54.31:342][971]LogModuleManager: Shutting down and abandoning module Toolbox (120)
[2015.06.21-14.54.31:342][971]LogModuleManager: Shutting down and abandoning module ModuleUI (119)
[2015.06.21-14.54.31:362][971]LogModuleManager: Shutting down and abandoning module MovieSceneTools (118)
[2015.06.21-14.54.31:469][971]LogModuleManager: Shutting down and abandoning module OutputLog (117)
[2015.06.21-14.54.31:469][971]LogModuleManager: Shutting down and abandoning module GammaUI (116)
[2015.06.21-14.54.31:505][971]LogModuleManager: Shutting down and abandoning module Documentation (115)
[2015.06.21-14.54.31:505][971]LogModuleManager: Shutting down and abandoning module GameLiveStreaming (114)
[2015.06.21-14.54.31:522][971]LogModuleManager: Shutting down and abandoning module StreamingPauseRendering (113)
[2015.06.21-14.54.31:617][971]LogModuleManager: Shutting down and abandoning module HTTP (112)
[2015.06.21-14.54.32:514][971]LogModuleManager: Shutting down and abandoning module AnalyticsET (111)
[2015.06.21-14.54.32:514][971]LogModuleManager: Shutting down and abandoning module Analytics (110)
[2015.06.21-14.54.32:514][971]LogModuleManager: Shutting down and abandoning module AITestSuite (109)
[2015.06.21-14.54.32:537][971]LogModuleManager: Shutting down and abandoning module GameplayDebugger (108)
[2015.06.21-14.54.32:571][971]LogModuleManager: Shutting down and abandoning module AIModule (107)
[2015.06.21-14.54.32:608][971]LogModuleManager: Shutting down and abandoning module ProfilerService (106)
[2015.06.21-14.54.32:697][971]LogModuleManager: Shutting down and abandoning module TaskGraph (105)
[2015.06.21-14.54.32:790][971]LogModuleManager: Shutting down and abandoning module SlateRemote (104)
[2015.06.21-14.54.32:790][971]LogModuleManager: Shutting down and abandoning module ScriptEditorPlugin (103)
[2015.06.21-14.54.32:790][971]LogModuleManager: Shutting down and abandoning module CustomMeshComponent (102)
[2015.06.21-14.54.32:790][971]LogModuleManager: Shutting down and abandoning module CableComponent (101)
[2015.06.21-14.54.32:820][971]LogModuleManager: Shutting down and abandoning module MessagingDebugger (100)
[2015.06.21-14.54.33:021][971]LogModuleManager: Shutting down and abandoning module MediaPlayerEditor (99)
[2015.06.21-14.54.33:060][971]LogModuleManager: Shutting down and abandoning module SpeedTreeImporter (98)
[2015.06.21-14.54.33:060][971]LogModuleManager: Shutting down and abandoning module PluginsEditor (97)
[2015.06.21-14.54.33:092][971]LogModuleManager: Shutting down and abandoning module MainFrame (96)
[2015.06.21-14.54.33:092][971]LogModuleManager: Shutting down and abandoning module EpicSurvey (95)
[2015.06.21-14.54.33:144][971]LogModuleManager: Shutting down and abandoning module DesktopPlatform (94)
[2015.06.21-14.54.33:231][971]LogModuleManager: Shutting down and abandoning module DirectoryWatcher (93)
[2015.06.21-14.54.33:232][971]LogModuleManager: Shutting down and abandoning module HotReload (92)
[2015.06.21-14.54.33:232][971]LogModuleManager: Shutting down and abandoning module VisualStudioSourceCodeAccess (91)
[2015.06.21-14.54.33:232][971]LogModuleManager: Shutting down and abandoning module UObjectPlugin (90)
[2015.06.21-14.54.33:232][971]LogModuleManager: Shutting down and abandoning module SubversionSourceControl (89)
[2015.06.21-14.54.33:285][971]LogModuleManager: Shutting down and abandoning module PerforceSourceControl (88)
[2015.06.21-14.54.33:376][971]LogModuleManager: Shutting down and abandoning module SourceControl (87)
[2015.06.21-14.54.33:400][971]LogModuleManager: Shutting down and abandoning module GitSourceControl (86)
[2015.06.21-14.54.33:425][971]LogModuleManager: Shutting down and abandoning module BlankPlugin (85)
[2015.06.21-14.54.33:425][971]LogModuleManager: Shutting down and abandoning module PaperTiledImporter (84)
[2015.06.21-14.54.33:425][971]LogModuleManager: Shutting down and abandoning module PaperJsonImporter (83)
[2015.06.21-14.54.33:425][971]LogModuleManager: Shutting down and abandoning module ContentBrowser (82)
[2015.06.21-14.54.33:426][971]LogModuleManager: Shutting down and abandoning module Paper2DEditor (81)
[2015.06.21-14.54.33:724][971]LogModuleManager: Shutting down and abandoning module ScriptPlugin (80)
[2015.06.21-14.54.33:816][971]LogModuleManager: Shutting down and abandoning module UdpMessaging (79)
[2015.06.21-14.54.33:916][971]LogModuleManager: Shutting down and abandoning module Paper2D (78)
[2015.06.21-14.54.34:369][971]LogModuleManager: Shutting down and abandoning module WindowsMoviePlayer (77)
[2015.06.21-14.54.34:559][971]LogModuleManager: Shutting down and abandoning module Media (76)
[2015.06.21-14.54.34:559][971]LogModuleManager: Shutting down and abandoning module WmfMedia (75)
[2015.06.21-14.54.35:022][971]LogModuleManager: Shutting down and abandoning module OnlineBlueprintSupport (74)
[2015.06.21-14.54.35:023][971]LogModuleManager: Shutting down and abandoning module PropertyEditor (73)
[2015.06.21-14.54.35:023][971]LogModuleManager: Shutting down and abandoning module BehaviorTreeEditor (72)
[2015.06.21-14.54.35:312][971]LogModuleManager: Shutting down and abandoning module FunctionalTesting (71)
[2015.06.21-14.54.35:371][971]LogModuleManager: Shutting down and abandoning module CollisionAnalyzer (70)
[2015.06.21-14.54.36:196][971]LogModuleManager: Shutting down and abandoning module WorkspaceMenuStructure (69)
[2015.06.21-14.54.36:196][971]LogModuleManager: Shutting down and abandoning module MessageLog (68)
[2015.06.21-14.54.36:196][971]LogModuleManager: Shutting down and abandoning module Sequencer (67)
[2015.06.21-14.54.36:536][971]LogModuleManager: Shutting down and abandoning module AssetTools (66)
[2015.06.21-14.54.36:821][971]LogModuleManager: Shutting down and abandoning module UMGEditor (65)
[2015.06.21-14.54.36:847][971]LogModuleManager: Shutting down and abandoning module UMG (64)
[2015.06.21-14.54.36:922][971]LogModuleManager: Shutting down and abandoning module Slate (63)
[2015.06.21-14.54.36:922][971]LogModuleManager: Shutting down and abandoning module EditorStyle (62)
[2015.06.21-14.54.36:927][971]LogModuleManager: Shutting down and abandoning module SessionServices (61)
[2015.06.21-14.54.36:927][971]LogModuleManager: Shutting down and abandoning module SourceCodeAccess (60)
[2015.06.21-14.54.36:927][971]LogModuleManager: Shutting down and abandoning module HeadMountedDisplay (59)
[2015.06.21-14.54.36:927][971]LogModuleManager: Shutting down and abandoning module XAudio2 (58)
[2015.06.21-14.54.36:927][971]LogModuleManager: Shutting down and abandoning module Networking (56)
[2015.06.21-14.54.36:927][971]LogModuleManager: Shutting down and abandoning module Core (55)
[2015.06.21-14.54.36:927][971]LogModuleManager: Shutting down and abandoning module KismetCompiler (54)
[2015.06.21-14.54.36:927][971]LogModuleManager: Shutting down and abandoning module PhysXFormats (53)
[2015.06.21-14.54.36:927][971]LogModuleManager: Shutting down and abandoning module MeshUtilities (52)
[2015.06.21-14.54.37:072][971]LogModuleManager: Shutting down and abandoning module DerivedDataCache (51)
[2015.06.21-14.54.37:152][971]LogDerivedDataCache: Shutdown
[2015.06.21-14.54.37:152][971]LogModuleManager: Shutting down and abandoning module ShaderFormatOpenGL (50)
[2015.06.21-14.54.37:189][971]LogModuleManager: Shutting down and abandoning module ShaderFormatD3D (49)
[2015.06.21-14.54.37:335][971]LogModuleManager: Shutting down and abandoning module MetalShaderFormat (48)
[2015.06.21-14.54.37:374][971]LogModuleManager: Shutting down and abandoning module TextureFormatUncompressed (47)
[2015.06.21-14.54.37:374][971]LogModuleManager: Shutting down and abandoning module TextureFormatPVR (46)
[2015.06.21-14.54.37:458][971]LogModuleManager: Shutting down and abandoning module TextureFormatIntelISPCTexComp (45)
[2015.06.21-14.54.37:596][971]LogModuleManager: Shutting down and abandoning module TextureFormatDXT (44)
[2015.06.21-14.54.37:616][971]LogModuleManager: Shutting down and abandoning module ImageWrapper (43)
[2015.06.21-14.54.37:616][971]LogModuleManager: Shutting down and abandoning module TextureFormatASTC (42)
[2015.06.21-14.54.37:727][971]LogModuleManager: Shutting down and abandoning module TextureFormatAndroid (41)
[2015.06.21-14.54.37:727][971]LogModuleManager: Shutting down and abandoning module AudioFormatOpus (40)
[2015.06.21-14.54.37:854][971]LogModuleManager: Shutting down and abandoning module AudioFormatOgg (39)
[2015.06.21-14.54.37:854][971]LogModuleManager: Shutting down and abandoning module AudioFormatADPCM (38)
[2015.06.21-14.54.37:854][971]LogModuleManager: Shutting down and abandoning module LinuxTargetPlatform (37)
[2015.06.21-14.54.37:854][971]LogModuleManager: Shutting down and abandoning module LinuxServerTargetPlatform (36)
[2015.06.21-14.54.37:909][971]LogModuleManager: Shutting down and abandoning module LinuxNoEditorTargetPlatform (35)
[2015.06.21-14.54.37:943][971]LogModuleManager: Shutting down and abandoning module Messaging (34)
[2015.06.21-14.54.37:943][971]LogModuleManager: Shutting down and abandoning module IOSTargetPlatform (33)
[2015.06.21-14.54.37:943][971]LogModuleManager: Shutting down and abandoning module HTML5TargetPlatform (32)
[2015.06.21-14.54.37:943][971]LogModuleManager: Shutting down and abandoning module Android_PVRTCTargetPlatform (31)
[2015.06.21-14.54.37:944][971]LogModuleManager: Shutting down and abandoning module Android_ETC2TargetPlatform (30)
[2015.06.21-14.54.37:944][971]LogModuleManager: Shutting down and abandoning module Android_ETC1TargetPlatform (29)
[2015.06.21-14.54.37:944][971]LogModuleManager: Shutting down and abandoning module Android_ES31TargetPlatform (28)
[2015.06.21-14.54.37:944][971]LogModuleManager: Shutting down and abandoning module Android_DXTTargetPlatform (27)
[2015.06.21-14.54.37:944][971]LogModuleManager: Shutting down and abandoning module Android_ATCTargetPlatform (26)
[2015.06.21-14.54.37:944][971]LogModuleManager: Shutting down and abandoning module AndroidTargetPlatform (25)
[2015.06.21-14.54.37:944][971]LogModuleManager: Shutting down and abandoning module WindowsTargetPlatform (24)
[2015.06.21-14.54.37:944][971]LogModuleManager: Shutting down and abandoning module WindowsServerTargetPlatform (23)
[2015.06.21-14.54.37:944][971]LogModuleManager: Shutting down and abandoning module WindowsNoEditorTargetPlatform (22)
[2015.06.21-14.54.37:944][971]LogModuleManager: Shutting down and abandoning module WindowsClientTargetPlatform (21)
[2015.06.21-14.54.37:944][971]LogModuleManager: Shutting down and abandoning module TargetPlatform (20)
[2015.06.21-14.54.37:944][971]LogModuleManager: Shutting down and abandoning module InputCore (19)
[2015.06.21-14.54.37:944][971]LogModuleManager: Shutting down and abandoning module Settings (18)
[2015.06.21-14.54.37:944][971]LogModuleManager: Shutting down and abandoning module OnlineSubsystem (16)
[2015.06.21-14.54.37:944][971]LogModuleManager: Shutting down and abandoning module OculusRift (15)
[2015.06.21-14.54.37:944][971]LogModuleManager: Shutting down and abandoning module ExampleDeviceProfileSelector (14)
[2015.06.21-14.54.37:944][971]LogModuleManager: Shutting down and abandoning module TextureCompressor (13)
[2015.06.21-14.54.37:961][971]LogModuleManager: Shutting down and abandoning module ShaderCore (12)
[2015.06.21-14.54.37:961][971]LogModuleManager: Shutting down and abandoning module Landscape (11)
[2015.06.21-14.54.37:961][971]LogModuleManager: Shutting down and abandoning module SlateRHIRenderer (10)
[2015.06.21-14.54.38:179][971]LogModuleManager: Shutting down and abandoning module OpenGLDrv (9)
[2015.06.21-14.54.38:179][971]LogModuleManager: Shutting down and abandoning module D3D11RHI (8)
[2015.06.21-14.54.38:179][971]LogModuleManager: Shutting down and abandoning module Renderer (7)
[2015.06.21-14.54.38:179][971]LogModuleManager: Shutting down and abandoning module Engine (6)
[2015.06.21-14.54.38:179][971]LogModuleManager: Shutting down and abandoning module CoreUObject (5)
[2015.06.21-14.54.38:179][971]LogModuleManager: Shutting down and abandoning module NetworkFile (4)
[2015.06.21-14.54.38:223][971]LogModuleManager: Shutting down and abandoning module StreamingFile (3)
[2015.06.21-14.54.38:247][971]LogModuleManager: Shutting down and abandoning module SandboxFile (2)
[2015.06.21-14.54.38:312][971]LogModuleManager: Shutting down and abandoning module PakFile (1)
[2015.06.21-14.54.38:386][971]LogExit: Exiting.
[2015.06.21-14.54.38:403][971]Log file closed, 06/22/15 02:54:38
