Log file open, 06/02/15 13:59:54
LogInit:Display: Running engine for game: Mayhem3d
LogInit: Version: 4.7.4-2497108+++depot+UE4-Releases+4.7
LogInit: API Version: 2455222
LogInit: Compiled (64-bit): Mar 31 2015 09:40:25
LogInit: Compiled with Visual C++: 18.00.21005.01
LogInit: Build Configuration: Development
LogInit: Branch Name: ++depot+UE4-Releases+4.7
LogInit: Command line: 
LogInit: Base directory: C:/apps/unrealengine4/Unreal Engine/4.7/Engine/Binaries/Win64/
LogInit: Rocket: 1
[2015.06.02-01.59.54:942][  0]LogTaskGraph: Started task graph with 3 named threads and 6 total threads.
[2015.06.02-01.59.54:993][  0]LogOnline:Warning: No default platform service specified for OnlineSubsystem
[2015.06.02-01.59.55:009][  0]LogInit: Presizing for 0 objects not considered by GC, pre-allocating 0 bytes.
[2015.06.02-01.59.55:022][  0]LogInit: Object subsystem initialized
[2015.06.02-01.59.55:033][  0]LogInit: Selected Device Profile: [Windows]
[2015.06.02-01.59.55:034][  0]LogInit: Applying CVar settings loaded from the selected device profile: [Windows]
[2015.06.02-01.59.55:057][  0]LogInit: Computer: 1406C018
[2015.06.02-01.59.55:057][  0]LogInit: User: noelgamo
[2015.06.02-01.59.55:057][  0]LogInit: CPU Page size=4096, Cores=4
[2015.06.02-01.59.55:057][  0]LogInit: High frequency timer resolution =3.312832 MHz
[2015.06.02-01.59.55:058][  0]LogMemory: Memory total: Physical=16.0GB (16GB approx) Virtual=8192.0GB
[2015.06.02-01.59.55:058][  0]LogMemory: Platform Memory Stats for Windows
[2015.06.02-01.59.55:058][  0]LogMemory: Process Physical Memory: 48.50 MB used, 48.50 MB peak
[2015.06.02-01.59.55:058][  0]LogMemory: Process Virtual Memory: 25.46 MB used, 25.46 MB peak
[2015.06.02-01.59.55:058][  0]LogMemory: Physical Memory: 4370.11 MB used, 16342.16 MB total
[2015.06.02-01.59.55:058][  0]LogMemory: Virtual Memory: 278.39 MB used, 8388608.00 MB total
[2015.06.02-01.59.55:088][  0]LogD3D11RHI: Found D3D11 adapter 0: NVIDIA GeForce GTX 670 (Feature Level 11_0)
[2015.06.02-01.59.55:088][  0]LogD3D11RHI: Adapter has 1990MB of dedicated video memory, 0MB of dedicated system memory, and 2048MB of shared system memory, 2 output[s]
[2015.06.02-01.59.55:088][  0]LogD3D11RHI: Chosen D3D11 Adapter Id = 0
[2015.06.02-01.59.55:092][  0]LogRHI: Texture pool is 1361 MB (70% of 1945 MB)
[2015.06.02-01.59.55:098][  0]LogD3D11RHI: Async texture creation enabled
[2015.06.02-01.59.55:260][  0]LogTextLocalizationManager: The requested culture ('en_NZ') has no localization data; parent culture's ('en') localization data will be used.
[2015.06.02-01.59.55:317][  0]LogTextLocalizationManager:Warning: Loading localization resources contain conflicting entries for (Namespace:UICommands, Key:Save_ToolTip):
Resource: (C:/apps/unrealengine4/Unreal Engine/4.7/Engine/Content/Localization/Editor/en/Editor.locres) Hash: (-29098895) String: (Saves the current level to disk)
Resource: (C:/apps/unrealengine4/Unreal Engine/4.7/Engine/Content/Localization/Engine/en/Engine.locres) Hash: (-1280300587) String: (Save selected data to vlog file)
[2015.06.02-01.59.55:317][  0]LogTextLocalizationManager:Warning: Loading localization resources contain conflicting entries for (Namespace:ContentBrowser, Key:ImportAssetToolTip):
Resource: (C:/apps/unrealengine4/Unreal Engine/4.7/Engine/Content/Localization/Editor/en/Editor.locres) Hash: (-630476809) String: (Import to {0}...)
Resource: (C:/apps/unrealengine4/Unreal Engine/4.7/Engine/Content/Localization/Editor/en/Editor.locres) Hash: (1271782899) String: (Imports an asset from file to this folder.)
[2015.06.02-01.59.55:390][  0]LogContentStreaming: Texture pool size is 0.000000MB
[2015.06.02-01.59.57:554][  0]LogTargetPlatformManager:Display: Building Assets For Windows
[2015.06.02-01.59.58:000][  0]LogTargetPlatformManager:Display: Building Assets For Windows
[2015.06.02-01.59.58:058][  0]LogDerivedDataCache:Display: Max Cache Size: 512 MB
[2015.06.02-01.59.58:526][  0]LogDerivedDataCache: Loaded boot cache 0.47s 39MB D:/Users/noel.gamo/AppData/Local/UnrealEngine/4.7/DerivedDataCache/Boot.ddc.
[2015.06.02-01.59.58:529][  0]LogDerivedDataCache:Display: Loaded Boot cache: D:/Users/noel.gamo/AppData/Local/UnrealEngine/4.7/DerivedDataCache/Boot.ddc
[2015.06.02-01.59.58:529][  0]LogDerivedDataCache: FDerivedDataBackendGraph:  Pak pak cache file F:/UNI2015/GA3J0-GD3J02_Pre Production/Pre-Production_Prototype/Vertical Slice/Level Design/Aidan/New Map With Old Prototype/Vertical Slice/DerivedDataCache/DDC.ddp not found, will not use a pak cache.
[2015.06.02-01.59.58:529][  0]LogDerivedDataCache: Unable to find inner node Pak for hierarchical cache Hierarchy.
[2015.06.02-01.59.58:657][  0]LogDerivedDataCache:Display: Pak cache opened for reading ../../../Engine/DerivedDataCache/Compressed.ddp.
[2015.06.02-01.59.58:668][  0]LogDerivedDataCache: Using Local data cache path D:/Users/noel.gamo/AppData/Local/UnrealEngine/Common/DerivedDataCache: Writable
[2015.06.02-01.59.59:122][  0]LogMeshUtilities: No automatic mesh reduction module available
[2015.06.02-01.59.59:122][  0]LogMeshUtilities: No automatic mesh merging module available
[2015.06.02-01.59.59:549][  0]LogInit: WinSock: version 1.1 (2.2), MaxSocks=32767, MaxUdp=65467
[2015.06.02-01.59.59:626][  0]LogSlate:Warning: Failed to load font data from '../../../Engine/Content/Slate/Fonts/Roboto-Italic.ttf'
[2015.06.02-02.00.00:748][  0]UdpMessaging: Initializing bridge on interface 0.0.0.0:0 to multicast group 230.0.0.1:6666.
[2015.06.02-02.00.00:983][  0]SourceControl: Info Source control is disabled
[2015.06.02-02.00.00:984][  0]SourceControl: Info Source control is disabled
[2015.06.02-02.00.00:984][  0]SourceControl: Info Source control is disabled
[2015.06.02-02.00.00:984][  0]LogSourceControl: RunCommandInternalRaw: 'git version'
[2015.06.02-02.00.00:984][  0]LogSourceControl: RunCommandInternalRaw: ExecProcess ReturnCode=2 OutResults=''
[2015.06.02-02.00.00:992][  0]SourceControl: Info Source control is disabled
[2015.06.02-02.00.01:188][  0]LogObj: 24232 objects as part of root set at end of initial load.
[2015.06.02-02.00.01:188][  0]LogUObjectAllocator: 5137176 out of 0 bytes used by permanent object pool.
[2015.06.02-02.00.01:283][  0]LogEngine: Initializing Engine...
[2015.06.02-02.00.04:466][  0]LogInit: XAudio2 using 'Digital Audio (S/PDIF) (High Definition Audio Device)' : 2 channels at 44.1 kHz using 16 bits per sample (channel mask 0x3)
[2015.06.02-02.00.04:480][  0]LogInit: FAudioDevice initialized.
[2015.06.02-02.00.04:532][  0]LogAIModule: Creating AISystem for world NewWorld
[2015.06.02-02.00.04:554][  0]LogDerivedDataCache: Saved boot cache 0.02s 39MB D:/Users/noel.gamo/AppData/Local/UnrealEngine/4.7/DerivedDataCache/Boot.ddc.
[2015.06.02-02.00.04:557][  0]LogInit: Texture streaming: Enabled
[2015.06.02-02.00.04:650][  0]LogAnalytics: Creating configured Analytics provider AnalyticsET
[2015.06.02-02.00.04:651][  0]LogAnalytics: ET APIKey = Rocket.Release. APIServer = http://et2.epicgames.com/ET2/. AppVersion = 4.7.4-2497108+++depot+UE4-Releases+4.7
[2015.06.02-02.00.04:651][  0]LogAnalytics: ET APIKey = Rocket.Release. DataRouterUploadURL = https://datarouter-public-service-gamedev.ol.epicgames.net/datarouter/api/v1/public/data. AppVersion = 4.7.4-2497108+++depot+UE4-Releases+4.7
[2015.06.02-02.00.04:651][  0]LogAnalytics: SetUserId a1e74e0a4375ef423aca0199dc9e5962|6f6dd468ae844bec8cd0e1faddec8104|720f38dc-0ff6-4194-aba9-36f63d0c110b
[2015.06.02-02.00.04:651][  0]LogAnalytics: AnalyticsET::StartSession [Rocket.Release]
[2015.06.02-02.00.04:670][  0]LogInit: Transaction tracking system initialized
[2015.06.02-02.00.04:844][  0]BlueprintLog: New page: Editor Load
[2015.06.02-02.00.04:879][  0]LogAssetRegistry: FAssetRegistry took 0.0111 seconds to start up
[2015.06.02-02.00.04:879][  0]LogDirectoryWatcher:Warning: Failed to begin reading directory changes for ../../../Engine/Plugins/Experimental/CharacterAI/Content/. Error: 0
[2015.06.02-02.00.05:397][  0]LogTargetPlatformManager:Display: Building Assets For Windows
[2015.06.02-02.00.05:729][  0]LogTargetPlatformManager:Display: Building Assets For Windows
[2015.06.02-02.00.06:046][  0]LogSlate:Warning: Failed to load font data from '../../../Engine/Content/Editor/Slate/Fonts/Roboto-Regular.ttf'
[2015.06.02-02.00.06:046][  0]LogSlate:Warning: Failed to load font data from '../../../Engine/Content/Editor/Slate/Fonts/Roboto-Bold.ttf'
[2015.06.02-02.00.06:053][  0]LogConsoleResponse:Display: 
[2015.06.02-02.00.06:218][  0]LogCook:Display: Done creating registry. It took  0.00s.
[2015.06.02-02.00.06:362][  0]SourceControl: Info Source control is disabled
[2015.06.02-02.00.06:390][  0]LightingResults: New page: Lighting Build
[2015.06.02-02.00.06:404][  0]MapCheck: New page: Map Check
[2015.06.02-02.00.06:404][  0]LightingResults: New page: Lighting Build
[2015.06.02-02.00.06:415][  0]LogParticles: Destroying 0 GPU particle simulations for FXSystem 0x0000000004270C20
[2015.06.02-02.00.06:641][  0]LogLinker:Warning: Asset 'F:/UNI2015/GA3J0-GD3J02_Pre Production/Pre-Production_Prototype/Vertical Slice/Level Design/Aidan/New Map With Old Prototype/Vertical Slice/Content/ThirdPersonBP/Blueprints/ThirdPersonCharacter.uasset' has been saved with empty engine version. The asset will be loaded but may be incompatible.
[2015.06.02-02.00.06:982][  0]LogLinker:Warning: Asset 'F:/UNI2015/GA3J0-GD3J02_Pre Production/Pre-Production_Prototype/Vertical Slice/Level Design/Aidan/New Map With Old Prototype/Vertical Slice/Content/ThirdPersonBP/Blueprints/AbilityController.uasset' has been saved with empty engine version. The asset will be loaded but may be incompatible.
[2015.06.02-02.00.07:774][  0]LogLinker:Warning: Asset 'F:/UNI2015/GA3J0-GD3J02_Pre Production/Pre-Production_Prototype/Vertical Slice/Level Design/Aidan/New Map With Old Prototype/Vertical Slice/Content/ThirdPersonBP/Blueprints/DamageTypes/ArcaneDamage.uasset' has been saved with empty engine version. The asset will be loaded but may be incompatible.
[2015.06.02-02.00.07:777][  0]LogLinker:Warning: Asset 'F:/UNI2015/GA3J0-GD3J02_Pre Production/Pre-Production_Prototype/Vertical Slice/Level Design/Aidan/New Map With Old Prototype/Vertical Slice/Content/ThirdPersonBP/Blueprints/Projectiles/AOEHealBall.uasset' has been saved with empty engine version. The asset will be loaded but may be incompatible.
[2015.06.02-02.00.07:816][  0]LogLinker:Warning: Asset 'F:/UNI2015/GA3J0-GD3J02_Pre Production/Pre-Production_Prototype/Vertical Slice/Level Design/Aidan/New Map With Old Prototype/Vertical Slice/Content/ThirdPersonBP/Textures/Health/Health_100.uasset' has been saved with empty engine version. The asset will be loaded but may be incompatible.
[2015.06.02-02.00.08:096][  0]LogLinker:Warning: Asset 'F:/UNI2015/GA3J0-GD3J02_Pre Production/Pre-Production_Prototype/Vertical Slice/Level Design/Aidan/New Map With Old Prototype/Vertical Slice/Content/Character/Materials/Red/Brawler_Red.uasset' has been saved with empty engine version. The asset will be loaded but may be incompatible.
[2015.06.02-02.00.08:112][  0]LogLinker:Warning: Asset 'F:/UNI2015/GA3J0-GD3J02_Pre Production/Pre-Production_Prototype/Vertical Slice/Level Design/Aidan/New Map With Old Prototype/Vertical Slice/Content/ThirdPersonBP/Materials/MegaOrbMatterial.uasset' has been saved with empty engine version. The asset will be loaded but may be incompatible.
[2015.06.02-02.00.08:144][  0]LogLinker:Warning: Asset 'F:/UNI2015/GA3J0-GD3J02_Pre Production/Pre-Production_Prototype/Vertical Slice/Level Design/Aidan/New Map With Old Prototype/Vertical Slice/Content/ThirdPersonBP/Blueprints/Projectiles/HealerOrb.uasset' has been saved with empty engine version. The asset will be loaded but may be incompatible.
[2015.06.02-02.00.08:164][  0]LogLinker:Warning: Asset 'F:/UNI2015/GA3J0-GD3J02_Pre Production/Pre-Production_Prototype/Vertical Slice/Level Design/Aidan/New Map With Old Prototype/Vertical Slice/Content/ThirdPersonBP/Blueprints/Projectiles/MageOrb.uasset' has been saved with empty engine version. The asset will be loaded but may be incompatible.
[2015.06.02-02.00.08:172][  0]LogLinker:Warning: Asset 'F:/UNI2015/GA3J0-GD3J02_Pre Production/Pre-Production_Prototype/Vertical Slice/Level Design/Aidan/New Map With Old Prototype/Vertical Slice/Content/ThirdPersonBP/Materials/MageOrbMaterial.uasset' has been saved with empty engine version. The asset will be loaded but may be incompatible.
[2015.06.02-02.00.08:198][  0]LogLinker:Warning: Asset 'F:/UNI2015/GA3J0-GD3J02_Pre Production/Pre-Production_Prototype/Vertical Slice/Level Design/Aidan/New Map With Old Prototype/Vertical Slice/Content/ThirdPersonBP/Blueprints/Projectiles/SlowBall.uasset' has been saved with empty engine version. The asset will be loaded but may be incompatible.
[2015.06.02-02.00.08:205][  0]LogLinker:Warning: Asset 'F:/UNI2015/GA3J0-GD3J02_Pre Production/Pre-Production_Prototype/Vertical Slice/Level Design/Aidan/New Map With Old Prototype/Vertical Slice/Content/ThirdPersonBP/Materials/SlowBallMaterial.uasset' has been saved with empty engine version. The asset will be loaded but may be incompatible.
[2015.06.02-02.00.08:242][  0]LogLinker:Warning: Asset 'F:/UNI2015/GA3J0-GD3J02_Pre Production/Pre-Production_Prototype/Vertical Slice/Level Design/Aidan/New Map With Old Prototype/Vertical Slice/Content/ThirdPersonBP/Blueprints/ThirdPersonGameMode.uasset' has been saved with empty engine version. The asset will be loaded but may be incompatible.
[2015.06.02-02.00.08:267][  0]LogLinker:Warning: Asset 'F:/UNI2015/GA3J0-GD3J02_Pre Production/Pre-Production_Prototype/Vertical Slice/Level Design/Aidan/New Map With Old Prototype/Vertical Slice/Content/Blueprints/GameHUD.uasset' has been saved with empty engine version. The asset will be loaded but may be incompatible.
[2015.06.02-02.00.08:334][  0]LogLinker:Warning: Asset 'F:/UNI2015/GA3J0-GD3J02_Pre Production/Pre-Production_Prototype/Vertical Slice/Level Design/Aidan/New Map With Old Prototype/Vertical Slice/Content/ThirdPersonBP/Blueprints/Scores.uasset' has been saved with empty engine version. The asset will be loaded but may be incompatible.
[2015.06.02-02.00.08:999][  0]LogLinker:Warning: Asset 'F:/UNI2015/GA3J0-GD3J02_Pre Production/Pre-Production_Prototype/Vertical Slice/Level Design/Aidan/New Map With Old Prototype/Vertical Slice/Content/Character/Materials/Blue/Brawler_Blue.uasset' has been saved with empty engine version. The asset will be loaded but may be incompatible.
[2015.06.02-02.00.09:102][  0]LogLinker:Warning: Asset 'F:/UNI2015/GA3J0-GD3J02_Pre Production/Pre-Production_Prototype/Vertical Slice/Level Design/Aidan/New Map With Old Prototype/Vertical Slice/Content/ThirdPersonBP/Materials/PlayerMat_Inst.uasset' has been saved with empty engine version. The asset will be loaded but may be incompatible.
[2015.06.02-02.00.09:103][  0]LogLinker:Warning: Asset 'F:/UNI2015/GA3J0-GD3J02_Pre Production/Pre-Production_Prototype/Vertical Slice/Level Design/Aidan/New Map With Old Prototype/Vertical Slice/Content/ThirdPersonBP/Materials/PlayerMaterial.uasset' has been saved with empty engine version. The asset will be loaded but may be incompatible.
[2015.06.02-02.00.09:110][  0]LogLinker:Warning: Asset 'F:/UNI2015/GA3J0-GD3J02_Pre Production/Pre-Production_Prototype/Vertical Slice/Level Design/Aidan/New Map With Old Prototype/Vertical Slice/Content/ThirdPersonBP/Textures/Health/Health_10.uasset' has been saved with empty engine version. The asset will be loaded but may be incompatible.
[2015.06.02-02.00.09:112][  0]LogLinker:Warning: Asset 'F:/UNI2015/GA3J0-GD3J02_Pre Production/Pre-Production_Prototype/Vertical Slice/Level Design/Aidan/New Map With Old Prototype/Vertical Slice/Content/ThirdPersonBP/Textures/Health/Health_15.uasset' has been saved with empty engine version. The asset will be loaded but may be incompatible.
[2015.06.02-02.00.09:113][  0]LogLinker:Warning: Asset 'F:/UNI2015/GA3J0-GD3J02_Pre Production/Pre-Production_Prototype/Vertical Slice/Level Design/Aidan/New Map With Old Prototype/Vertical Slice/Content/ThirdPersonBP/Textures/Health/Health_20.uasset' has been saved with empty engine version. The asset will be loaded but may be incompatible.
[2015.06.02-02.00.09:114][  0]LogLinker:Warning: Asset 'F:/UNI2015/GA3J0-GD3J02_Pre Production/Pre-Production_Prototype/Vertical Slice/Level Design/Aidan/New Map With Old Prototype/Vertical Slice/Content/ThirdPersonBP/Textures/Health/Health_25.uasset' has been saved with empty engine version. The asset will be loaded but may be incompatible.
[2015.06.02-02.00.09:116][  0]LogLinker:Warning: Asset 'F:/UNI2015/GA3J0-GD3J02_Pre Production/Pre-Production_Prototype/Vertical Slice/Level Design/Aidan/New Map With Old Prototype/Vertical Slice/Content/ThirdPersonBP/Textures/Health/Health_30.uasset' has been saved with empty engine version. The asset will be loaded but may be incompatible.
[2015.06.02-02.00.09:117][  0]LogLinker:Warning: Asset 'F:/UNI2015/GA3J0-GD3J02_Pre Production/Pre-Production_Prototype/Vertical Slice/Level Design/Aidan/New Map With Old Prototype/Vertical Slice/Content/ThirdPersonBP/Textures/Health/Health_35.uasset' has been saved with empty engine version. The asset will be loaded but may be incompatible.
[2015.06.02-02.00.09:119][  0]LogLinker:Warning: Asset 'F:/UNI2015/GA3J0-GD3J02_Pre Production/Pre-Production_Prototype/Vertical Slice/Level Design/Aidan/New Map With Old Prototype/Vertical Slice/Content/ThirdPersonBP/Textures/Health/Health_40.uasset' has been saved with empty engine version. The asset will be loaded but may be incompatible.
[2015.06.02-02.00.09:120][  0]LogLinker:Warning: Asset 'F:/UNI2015/GA3J0-GD3J02_Pre Production/Pre-Production_Prototype/Vertical Slice/Level Design/Aidan/New Map With Old Prototype/Vertical Slice/Content/ThirdPersonBP/Textures/Health/Health_45.uasset' has been saved with empty engine version. The asset will be loaded but may be incompatible.
[2015.06.02-02.00.09:121][  0]LogLinker:Warning: Asset 'F:/UNI2015/GA3J0-GD3J02_Pre Production/Pre-Production_Prototype/Vertical Slice/Level Design/Aidan/New Map With Old Prototype/Vertical Slice/Content/ThirdPersonBP/Textures/Health/Health_5.uasset' has been saved with empty engine version. The asset will be loaded but may be incompatible.
[2015.06.02-02.00.09:123][  0]LogLinker:Warning: Asset 'F:/UNI2015/GA3J0-GD3J02_Pre Production/Pre-Production_Prototype/Vertical Slice/Level Design/Aidan/New Map With Old Prototype/Vertical Slice/Content/ThirdPersonBP/Textures/Health/Health_50.uasset' has been saved with empty engine version. The asset will be loaded but may be incompatible.
[2015.06.02-02.00.09:124][  0]LogLinker:Warning: Asset 'F:/UNI2015/GA3J0-GD3J02_Pre Production/Pre-Production_Prototype/Vertical Slice/Level Design/Aidan/New Map With Old Prototype/Vertical Slice/Content/ThirdPersonBP/Textures/Health/Health_55.uasset' has been saved with empty engine version. The asset will be loaded but may be incompatible.
[2015.06.02-02.00.09:125][  0]LogLinker:Warning: Asset 'F:/UNI2015/GA3J0-GD3J02_Pre Production/Pre-Production_Prototype/Vertical Slice/Level Design/Aidan/New Map With Old Prototype/Vertical Slice/Content/ThirdPersonBP/Textures/Health/Health_60.uasset' has been saved with empty engine version. The asset will be loaded but may be incompatible.
[2015.06.02-02.00.09:126][  0]LogLinker:Warning: Asset 'F:/UNI2015/GA3J0-GD3J02_Pre Production/Pre-Production_Prototype/Vertical Slice/Level Design/Aidan/New Map With Old Prototype/Vertical Slice/Content/ThirdPersonBP/Textures/Health/Health_65.uasset' has been saved with empty engine version. The asset will be loaded but may be incompatible.
[2015.06.02-02.00.09:128][  0]LogLinker:Warning: Asset 'F:/UNI2015/GA3J0-GD3J02_Pre Production/Pre-Production_Prototype/Vertical Slice/Level Design/Aidan/New Map With Old Prototype/Vertical Slice/Content/ThirdPersonBP/Textures/Health/Health_70.uasset' has been saved with empty engine version. The asset will be loaded but may be incompatible.
[2015.06.02-02.00.09:129][  0]LogLinker:Warning: Asset 'F:/UNI2015/GA3J0-GD3J02_Pre Production/Pre-Production_Prototype/Vertical Slice/Level Design/Aidan/New Map With Old Prototype/Vertical Slice/Content/ThirdPersonBP/Textures/Health/Health_75.uasset' has been saved with empty engine version. The asset will be loaded but may be incompatible.
[2015.06.02-02.00.09:131][  0]LogLinker:Warning: Asset 'F:/UNI2015/GA3J0-GD3J02_Pre Production/Pre-Production_Prototype/Vertical Slice/Level Design/Aidan/New Map With Old Prototype/Vertical Slice/Content/ThirdPersonBP/Textures/Health/Health_80.uasset' has been saved with empty engine version. The asset will be loaded but may be incompatible.
[2015.06.02-02.00.09:149][  0]LogLinker:Warning: Asset 'F:/UNI2015/GA3J0-GD3J02_Pre Production/Pre-Production_Prototype/Vertical Slice/Level Design/Aidan/New Map With Old Prototype/Vertical Slice/Content/ThirdPersonBP/Textures/Health/Health_85.uasset' has been saved with empty engine version. The asset will be loaded but may be incompatible.
[2015.06.02-02.00.09:150][  0]LogLinker:Warning: Asset 'F:/UNI2015/GA3J0-GD3J02_Pre Production/Pre-Production_Prototype/Vertical Slice/Level Design/Aidan/New Map With Old Prototype/Vertical Slice/Content/ThirdPersonBP/Textures/Health/Health_90.uasset' has been saved with empty engine version. The asset will be loaded but may be incompatible.
[2015.06.02-02.00.09:151][  0]LogLinker:Warning: Asset 'F:/UNI2015/GA3J0-GD3J02_Pre Production/Pre-Production_Prototype/Vertical Slice/Level Design/Aidan/New Map With Old Prototype/Vertical Slice/Content/ThirdPersonBP/Textures/Health/Health_95.uasset' has been saved with empty engine version. The asset will be loaded but may be incompatible.
[2015.06.02-02.00.11:739][  0]LogLinker:Warning: Asset 'F:/UNI2015/GA3J0-GD3J02_Pre Production/Pre-Production_Prototype/Vertical Slice/Level Design/Aidan/New Map With Old Prototype/Vertical Slice/Content/ThirdPersonBP/Blueprints/PlayerInterface.uasset' has been saved with empty engine version. The asset will be loaded but may be incompatible.
[2015.06.02-02.00.11:768][  0]LogLinker:Warning: Asset 'F:/UNI2015/GA3J0-GD3J02_Pre Production/Pre-Production_Prototype/Vertical Slice/Level Design/Aidan/New Map With Old Prototype/Vertical Slice/Content/ThirdPersonBP/Textures/charge.uasset' has been saved with empty engine version. The asset will be loaded but may be incompatible.
[2015.06.02-02.00.11:771][  0]LogLinker:Warning: Asset 'F:/UNI2015/GA3J0-GD3J02_Pre Production/Pre-Production_Prototype/Vertical Slice/Level Design/Aidan/New Map With Old Prototype/Vertical Slice/Content/ThirdPersonBP/Textures/fire_button.uasset' has been saved with empty engine version. The asset will be loaded but may be incompatible.
[2015.06.02-02.00.11:780][  0]LogLinker:Warning: Asset 'F:/UNI2015/GA3J0-GD3J02_Pre Production/Pre-Production_Prototype/Vertical Slice/Level Design/Aidan/New Map With Old Prototype/Vertical Slice/Content/ThirdPersonBP/Textures/invisbility.uasset' has been saved with empty engine version. The asset will be loaded but may be incompatible.
[2015.06.02-02.00.11:782][  0]LogLinker:Warning: Asset 'F:/UNI2015/GA3J0-GD3J02_Pre Production/Pre-Production_Prototype/Vertical Slice/Level Design/Aidan/New Map With Old Prototype/Vertical Slice/Content/ThirdPersonBP/Textures/lightning.uasset' has been saved with empty engine version. The asset will be loaded but may be incompatible.
[2015.06.02-02.00.11:784][  0]LogLinker:Warning: Asset 'F:/UNI2015/GA3J0-GD3J02_Pre Production/Pre-Production_Prototype/Vertical Slice/Level Design/Aidan/New Map With Old Prototype/Vertical Slice/Content/ThirdPersonBP/Textures/Orb.uasset' has been saved with empty engine version. The asset will be loaded but may be incompatible.
[2015.06.02-02.00.11:785][  0]LogLinker:Warning: Asset 'F:/UNI2015/GA3J0-GD3J02_Pre Production/Pre-Production_Prototype/Vertical Slice/Level Design/Aidan/New Map With Old Prototype/Vertical Slice/Content/ThirdPersonBP/Textures/plus_crosshair.uasset' has been saved with empty engine version. The asset will be loaded but may be incompatible.
[2015.06.02-02.00.11:786][  0]LogLinker:Warning: Asset 'F:/UNI2015/GA3J0-GD3J02_Pre Production/Pre-Production_Prototype/Vertical Slice/Level Design/Aidan/New Map With Old Prototype/Vertical Slice/Content/ThirdPersonBP/Textures/psychic_button.uasset' has been saved with empty engine version. The asset will be loaded but may be incompatible.
[2015.06.02-02.00.11:787][  0]LogLinker:Warning: Asset 'F:/UNI2015/GA3J0-GD3J02_Pre Production/Pre-Production_Prototype/Vertical Slice/Level Design/Aidan/New Map With Old Prototype/Vertical Slice/Content/ThirdPersonBP/Textures/UI_health_mana.uasset' has been saved with empty engine version. The asset will be loaded but may be incompatible.
[2015.06.02-02.00.11:790][  0]LogLinker:Warning: Asset 'F:/UNI2015/GA3J0-GD3J02_Pre Production/Pre-Production_Prototype/Vertical Slice/Level Design/Aidan/New Map With Old Prototype/Vertical Slice/Content/ThirdPersonBP/Textures/UI_health_mana_depleted.uasset' has been saved with empty engine version. The asset will be loaded but may be incompatible.
[2015.06.02-02.00.14:057][  0]LogEditorServer: Finished looking for orphan Actors (0.000 secs)
[2015.06.02-02.00.14:061][  0]LogAIModule: Creating AISystem for world MiniTDmatch_2_NewMap
[2015.06.02-02.00.14:062][  0]Cmd: MAP CHECKDEP
[2015.06.02-02.00.14:062][  0]MapCheck: New page: MiniTDmatch_2_NewMap - 3/06/2015 2:00:14 am
[2015.06.02-02.00.14:261][  0]MapCheck: Info Map check complete: 0 Error(s), 0 Warning(s), took 199.449ms to complete.
[2015.06.02-02.00.14:261][  0]LogFileHelpers: Loading map 'MiniTDmatch_2_NewMap' took 7.899
[2015.06.02-02.00.14:460][  0]LogCollectionManager: Loaded 0 collections in 0.001400 seconds
[2015.06.02-02.00.14:471][  0]LogContentBrowser: Native class hierarchy populated in 0.0107 seconds. Added 1696 classes and 261 folders.
[2015.06.02-02.00.14:512][  0]LogContentBrowser: Native class hierarchy updated for 'SceneOutliner' in 0.0019 seconds. Added 1 classes and 2 folders.
[2015.06.02-02.00.14:603][  0]LogCrashTracker: Crashtracker disabled due to settings.
[2015.06.02-02.00.14:608][  0]LogSlate:Warning: Failed to load font data from 'Veranda'
[2015.06.02-02.00.14:616][  0]LogUObjectGlobals:Warning: Failed to find object 'Class None.'
[2015.06.02-02.00.14:640][  0]LogLoad: Full Startup: 22.19 seconds (BP compile: 2.28 seconds)
[2015.06.02-02.00.14:693][  0]LogContentBrowser:Verbose: The content browser source was changed by the sources view to '/Game/StarterContent/Materials'
[2015.06.02-02.00.14:810][  0]LogRenderer:Warning: Reallocating scene render targets to support 32x32 (Frame:2).
[2015.06.02-02.00.14:971][  0]LogRenderer:Warning: Reallocating scene render targets to support 1208x608 (Frame:14).
[2015.06.02-02.00.15:221][  3]LogEditorViewport: Clicking on Actor (LMB): StaticMeshActor (SM_SkyDome)
[2015.06.02-02.00.15:440][  6]LogAssetRegistry: Asset discovery search completed in 10.5726 seconds
[2015.06.02-02.00.21:647][546]LogEditorViewport: Clicking on Actor (LMB): StaticMeshActor (map_entirely_v2)
[2015.06.02-02.00.25:329][894]LogEditorViewport: Clicking on Actor (LMB): StaticMeshActor (Tower)
[2015.06.02-02.00.26:018][946]LogEditorViewport: Clicking on Actor (CTRL LMB): StaticMeshActor (Triple_w_support)
[2015.06.02-02.00.27:279][ 87]LogEditorViewport: Clicking on Actor (CTRL LMB): StaticMeshActor (Double4)
[2015.06.02-02.00.29:394][301]BlueprintLog: New page: Pre-PIE auto-recompile
[2015.06.02-02.00.29:394][301]LogPlayLevel: [PIE] Compiling MiniTDmatch_2_NewMap before PIE...
[2015.06.02-02.00.29:608][301]LogPlayLevel: PIE:  Blueprint regeneration took 214 ms (1 blueprints)
[2015.06.02-02.00.29:609][301]PIE: New page: PIE session: MiniTDmatch_2_NewMap (3/06/2015 2:00:29 am)
[2015.06.02-02.00.29:700][301]LogBlueprint:Warning: FMemberReference::ResolveMember (UpdateRoundTimer) bSelfContext == true, but no scope supplied!
[2015.06.02-02.00.29:700][301]LogBlueprint:Warning: FMemberReference::ResolveMember (UpdateRoundTimer) bSelfContext == true, but no scope supplied!
[2015.06.02-02.00.29:700][301]LogBlueprint:Warning: FMemberReference::ResolveMember (TestForRoundEnd) bSelfContext == true, but no scope supplied!
[2015.06.02-02.00.29:700][301]LogBlueprint:Warning: FMemberReference::ResolveMember (TestForRoundEnd) bSelfContext == true, but no scope supplied!
[2015.06.02-02.00.29:700][301]LogBlueprint:Warning: FMemberReference::ResolveMember (UpdateHealth) bSelfContext == true, but no scope supplied!
[2015.06.02-02.00.29:700][301]LogBlueprint:Warning: FMemberReference::ResolveMember (UpdateHealth) bSelfContext == true, but no scope supplied!
[2015.06.02-02.00.29:701][301]LogBlueprint:Warning: FMemberReference::ResolveMember (UpdateTarget) bSelfContext == true, but no scope supplied!
[2015.06.02-02.00.29:701][301]LogBlueprint:Warning: FMemberReference::ResolveMember (UpdateTarget) bSelfContext == true, but no scope supplied!
[2015.06.02-02.00.29:702][301]LogBlueprint:Warning: FMemberReference::ResolveMember (UpdateCooldowns) bSelfContext == true, but no scope supplied!
[2015.06.02-02.00.29:702][301]LogBlueprint:Warning: FMemberReference::ResolveMember (UpdateCooldowns) bSelfContext == true, but no scope supplied!
[2015.06.02-02.00.29:702][301]LogBlueprint:Warning: FMemberReference::ResolveMember (UpdateAbility) bSelfContext == true, but no scope supplied!
[2015.06.02-02.00.29:702][301]LogBlueprint:Warning: FMemberReference::ResolveMember (UpdateAbility) bSelfContext == true, but no scope supplied!
[2015.06.02-02.00.29:702][301]LogBlueprint:Warning: FMemberReference::ResolveMember (UpdateCastBar) bSelfContext == true, but no scope supplied!
[2015.06.02-02.00.29:702][301]LogBlueprint:Warning: FMemberReference::ResolveMember (UpdateCastBar) bSelfContext == true, but no scope supplied!
[2015.06.02-02.00.29:702][301]LogBlueprint:Warning: FMemberReference::ResolveMember (UpdateScore) bSelfContext == true, but no scope supplied!
[2015.06.02-02.00.29:702][301]LogBlueprint:Warning: FMemberReference::ResolveMember (UpdateScore) bSelfContext == true, but no scope supplied!
[2015.06.02-02.00.29:702][301]LogBlueprint:Warning: FMemberReference::ResolveMember (UpdateCastFeedback) bSelfContext == true, but no scope supplied!
[2015.06.02-02.00.29:702][301]LogBlueprint:Warning: FMemberReference::ResolveMember (UpdateCastFeedback) bSelfContext == true, but no scope supplied!
[2015.06.02-02.00.29:702][301]LogBlueprint:Warning: FMemberReference::ResolveMember (K2_TeleportTo) bSelfContext == true, but no scope supplied!
[2015.06.02-02.00.29:702][301]LogBlueprint:Warning: FMemberReference::ResolveMember (K2_TeleportTo) bSelfContext == true, but no scope supplied!
[2015.06.02-02.00.29:703][301]LogBlueprint:Warning: FMemberReference::ResolveMember (K2_GetActorLocation) bSelfContext == true, but no scope supplied!
[2015.06.02-02.00.29:703][301]LogBlueprint:Warning: FMemberReference::ResolveMember (K2_GetActorLocation) bSelfContext == true, but no scope supplied!
[2015.06.02-02.00.29:715][301]LogPlayLevel: PIE: StaticDuplicateObject took: (0.054530s)
[2015.06.02-02.00.29:716][301]LogPlayLevel: PIE: World Init took: (0.000480s)
[2015.06.02-02.00.29:716][301]LogPlayLevel: PIE: Created PIE world by copying editor world from /Game/Maps/MiniTDmatch_2_NewMap.MiniTDmatch_2_NewMap to /Game/Maps/UEDPIE_0_MiniTDmatch_2_NewMap.MiniTDmatch_2_NewMap (0.055228s)
[2015.06.02-02.00.29:764][301]LogWorld: Game class is 'ThirdPersonGameMode_C'
[2015.06.02-02.00.29:770][301]LogAIModule: Creating AISystem for world MiniTDmatch_2_NewMap
[2015.06.02-02.00.29:778][301]LogWorld: Bringing World /Game/Maps/UEDPIE_0_MiniTDmatch_2_NewMap.MiniTDmatch_2_NewMap up for play (max tick rate 0) at 2015.06.02-14.00.29
[2015.06.02-02.00.29:779][301]LogWorld: Bringing up level for play took: 0.008335
[2015.06.02-02.00.29:797][301]PIE: Info Play in editor start time for /Game/Maps/UEDPIE_0_MiniTDmatch_2_NewMap 0.739
[2015.06.02-02.00.36:855][127]LogScript:Warning: Accessed None 'AbilityTarget'
	ThirdPersonCharacter_C /Game/Maps/UEDPIE_0_MiniTDmatch_2_NewMap.MiniTDmatch_2_NewMap:PersistentLevel.ThirdPersonCharacter_C_1
	Function /Game/ThirdPersonBP/Blueprints/ThirdPersonCharacter.ThirdPersonCharacter_C:ExecuteUbergraph_ThirdPersonCharacter:0DC5
[2015.06.02-02.00.36:855][127]PIE:Error: Error Accessed None 'AbilityTarget' from node ReturnNode in blueprint ThirdPersonCharacter
[2015.06.02-02.00.57:023][523]LogScript:Warning: Accessed None 'AbilityTarget'
	ThirdPersonCharacter_C /Game/Maps/UEDPIE_0_MiniTDmatch_2_NewMap.MiniTDmatch_2_NewMap:PersistentLevel.ThirdPersonCharacter_C_1
	Function /Game/ThirdPersonBP/Blueprints/ThirdPersonCharacter.ThirdPersonCharacter_C:ExecuteUbergraph_ThirdPersonCharacter:0DC5
[2015.06.02-02.00.57:024][523]PIE:Error: Error Accessed None 'AbilityTarget' from node ReturnNode in blueprint ThirdPersonCharacter
[2015.06.02-02.01.10:171][ 98]LogScript:Warning: Accessed None 'AbilityTarget'
	ThirdPersonCharacter_C /Game/Maps/UEDPIE_0_MiniTDmatch_2_NewMap.MiniTDmatch_2_NewMap:PersistentLevel.ThirdPersonCharacter_C_1
	Function /Game/ThirdPersonBP/Blueprints/ThirdPersonCharacter.ThirdPersonCharacter_C:ExecuteUbergraph_ThirdPersonCharacter:0DC5
[2015.06.02-02.01.10:171][ 98]PIE:Error: Error Accessed None 'AbilityTarget' from node ReturnNode in blueprint ThirdPersonCharacter
[2015.06.02-02.01.25:424][927]LogScript:Warning: Accessed None 'AbilityTarget'
	ThirdPersonCharacter_C /Game/Maps/UEDPIE_0_MiniTDmatch_2_NewMap.MiniTDmatch_2_NewMap:PersistentLevel.ThirdPersonCharacter_C_1
	Function /Game/ThirdPersonBP/Blueprints/ThirdPersonCharacter.ThirdPersonCharacter_C:ExecuteUbergraph_ThirdPersonCharacter:0DC5
[2015.06.02-02.01.25:425][927]PIE:Error: Error Accessed None 'AbilityTarget' from node ReturnNode in blueprint ThirdPersonCharacter
[2015.06.02-02.01.35:260][105]LogScript:Warning: Accessed None 'AbilityTarget'
	ThirdPersonCharacter_C /Game/Maps/UEDPIE_0_MiniTDmatch_2_NewMap.MiniTDmatch_2_NewMap:PersistentLevel.ThirdPersonCharacter_C_1
	Function /Game/ThirdPersonBP/Blueprints/ThirdPersonCharacter.ThirdPersonCharacter_C:ExecuteUbergraph_ThirdPersonCharacter:0DC5
[2015.06.02-02.01.35:260][105]PIE:Error: Error Accessed None 'AbilityTarget' from node ReturnNode in blueprint ThirdPersonCharacter
[2015.06.02-02.01.36:661][273]LogScript:Warning: Accessed None 'AbilityTarget'
	ThirdPersonCharacter_C /Game/Maps/UEDPIE_0_MiniTDmatch_2_NewMap.MiniTDmatch_2_NewMap:PersistentLevel.ThirdPersonCharacter_C_1
	Function /Game/ThirdPersonBP/Blueprints/ThirdPersonCharacter.ThirdPersonCharacter_C:ExecuteUbergraph_ThirdPersonCharacter:0DC5
[2015.06.02-02.01.36:661][273]PIE:Error: Error Accessed None 'AbilityTarget' from node ReturnNode in blueprint ThirdPersonCharacter
[2015.06.02-02.01.37:564][381]LogScript:Warning: Accessed None 'AbilityTarget'
	ThirdPersonCharacter_C /Game/Maps/UEDPIE_0_MiniTDmatch_2_NewMap.MiniTDmatch_2_NewMap:PersistentLevel.ThirdPersonCharacter_C_1
	Function /Game/ThirdPersonBP/Blueprints/ThirdPersonCharacter.ThirdPersonCharacter_C:ExecuteUbergraph_ThirdPersonCharacter:0DC5
[2015.06.02-02.01.37:564][381]PIE:Error: Error Accessed None 'AbilityTarget' from node ReturnNode in blueprint ThirdPersonCharacter
[2015.06.02-02.01.40:091][684]LogScript:Warning: Accessed None 'AbilityTarget'
	ThirdPersonCharacter_C /Game/Maps/UEDPIE_0_MiniTDmatch_2_NewMap.MiniTDmatch_2_NewMap:PersistentLevel.ThirdPersonCharacter_C_1
	Function /Game/ThirdPersonBP/Blueprints/ThirdPersonCharacter.ThirdPersonCharacter_C:ExecuteUbergraph_ThirdPersonCharacter:0DC5
[2015.06.02-02.01.40:091][684]PIE:Error: Error Accessed None 'AbilityTarget' from node ReturnNode in blueprint ThirdPersonCharacter
[2015.06.02-02.01.40:842][766]LogParticles: Destroying 0 GPU particle simulations for FXSystem 0x00000000247DAC00
[2015.06.02-02.01.42:838][868]Cmd: QUIT_EDITOR
[2015.06.02-02.01.43:053][868]LogExit: Preparing to exit.
[2015.06.02-02.01.43:781][868]LogExit: Editor shut down
[2015.06.02-02.01.43:781][868]LogExit: Transaction tracking system shut down
[2015.06.02-02.01.43:784][868]LogParticles: Destroying 0 GPU particle simulations for FXSystem 0x000000001B090400
[2015.06.02-02.01.43:785][868]LogParticles: Destroying 0 GPU particle simulations for FXSystem 0x00000000247D9300
[2015.06.02-02.01.43:785][868]LogParticles: Destroying 0 GPU particle simulations for FXSystem 0x0000000026DE4900
[2015.06.02-02.01.43:785][868]LogParticles: Destroying 0 GPU particle simulations for FXSystem 0x0000000026DE4720
[2015.06.02-02.01.43:836][868]LogExit: Object subsystem successfully closed.
[2015.06.02-02.01.43:886][868]LogModuleManager: Shutting down and abandoning module CrashTracker (177)
[2015.06.02-02.01.43:887][868]LogModuleManager: Shutting down and abandoning module SuperSearch (176)
[2015.06.02-02.01.43:888][868]LogModuleManager: Shutting down and abandoning module SceneOutliner (175)
[2015.06.02-02.01.43:888][868]LogModuleManager: Shutting down and abandoning module EditorWidgets (174)
[2015.06.02-02.01.43:888][868]LogModuleManager: Shutting down and abandoning module CollectionManager (173)
[2015.06.02-02.01.43:888][868]LogModuleManager: Shutting down and abandoning module StatsViewer (172)
[2015.06.02-02.01.43:889][868]LogModuleManager: Shutting down and abandoning module FoliageEdit (171)
[2015.06.02-02.01.43:889][868]LogModuleManager: Shutting down and abandoning module LandscapeEditor (170)
[2015.06.02-02.01.43:889][868]LogModuleManager: Shutting down and abandoning module MeshPaint (169)
[2015.06.02-02.01.43:889][868]LogModuleManager: Shutting down and abandoning module ActorPickerMode (168)
[2015.06.02-02.01.43:889][868]LogModuleManager: Shutting down and abandoning module GeometryMode (167)
[2015.06.02-02.01.43:889][868]LogModuleManager: Shutting down and abandoning module TextureAlignMode (166)
[2015.06.02-02.01.43:889][868]LogModuleManager: Shutting down and abandoning module BspMode (165)
[2015.06.02-02.01.43:889][868]LogModuleManager: Shutting down and abandoning module PlacementMode (164)
[2015.06.02-02.01.43:889][868]LogModuleManager: Shutting down and abandoning module AutomationWorker (163)
[2015.06.02-02.01.43:889][868]LogModuleManager: Shutting down and abandoning module CharacterAI (162)
[2015.06.02-02.01.43:889][868]LogModuleManager: Shutting down and abandoning module SmartSnapping (161)
[2015.06.02-02.01.43:889][868]LogModuleManager: Shutting down and abandoning module ViewportSnapping (160)
[2015.06.02-02.01.43:889][868]LogModuleManager: Shutting down and abandoning module LogVisualizer (159)
[2015.06.02-02.01.43:889][868]LogModuleManager: Shutting down and abandoning module GameProjectGeneration (158)
[2015.06.02-02.01.43:890][868]LogModuleManager: Shutting down and abandoning module IntroTutorials (157)
[2015.06.02-02.01.43:890][868]LogModuleManager: Shutting down and abandoning module EditorLiveStreaming (156)
[2015.06.02-02.01.43:890][868]LogModuleManager: Shutting down and abandoning module HardwareTargeting (155)
[2015.06.02-02.01.43:890][868]LogModuleManager: Shutting down and abandoning module DeviceProfileEditor (154)
[2015.06.02-02.01.43:890][868]LogModuleManager: Shutting down and abandoning module UndoHistory (153)
[2015.06.02-02.01.43:890][868]LogModuleManager: Shutting down and abandoning module GameplayTagsEditor (152)
[2015.06.02-02.01.43:890][868]LogModuleManager: Shutting down and abandoning module UserFeedback (151)
[2015.06.02-02.01.43:890][868]LogModuleManager: Shutting down and abandoning module XmlParser (150)
[2015.06.02-02.01.43:890][868]LogModuleManager: Shutting down and abandoning module Blutility (149)
[2015.06.02-02.01.43:890][868]LogModuleManager: Shutting down and abandoning module IOSPlatformEditor (148)
[2015.06.02-02.01.43:890][868]LogModuleManager: Shutting down and abandoning module IOSRuntimeSettings (147)
[2015.06.02-02.01.43:890][868]LogModuleManager: Shutting down and abandoning module AndroidDeviceDetection (146)
[2015.06.02-02.01.44:820][868]LogModuleManager: Shutting down and abandoning module AndroidPlatformEditor (145)
[2015.06.02-02.01.44:820][868]LogModuleManager: Shutting down and abandoning module AndroidRuntimeSettings (144)
[2015.06.02-02.01.44:820][868]LogModuleManager: Shutting down and abandoning module ProjectTargetPlatformEditor (143)
[2015.06.02-02.01.44:820][868]LogModuleManager: Shutting down and abandoning module ProjectSettingsViewer (142)
[2015.06.02-02.01.44:820][868]LogModuleManager: Shutting down and abandoning module InputBindingEditor (141)
[2015.06.02-02.01.44:821][868]LogModuleManager: Shutting down and abandoning module EditorSettingsViewer (140)
[2015.06.02-02.01.44:821][868]LogModuleManager: Shutting down and abandoning module SettingsEditor (139)
[2015.06.02-02.01.44:822][868]LogModuleManager: Shutting down and abandoning module ProjectLauncher (138)
[2015.06.02-02.01.44:823][868]LogModuleManager: Shutting down and abandoning module SessionFrontend (137)
[2015.06.02-02.01.44:823][868]LogModuleManager: Shutting down and abandoning module ProfilerClient (136)
[2015.06.02-02.01.44:823][868]LogModuleManager: Shutting down and abandoning module TargetDeviceServices (135)
[2015.06.02-02.01.44:823][868]LogModuleManager: Shutting down and abandoning module DeviceManager (134)
[2015.06.02-02.01.44:823][868]LogModuleManager: Shutting down and abandoning module AutomationController (133)
[2015.06.02-02.01.44:824][868]LogModuleManager: Shutting down and abandoning module AutomationWindow (132)
[2015.06.02-02.01.44:824][868]LogModuleManager: Shutting down and abandoning module Layers (131)
[2015.06.02-02.01.44:825][868]LogModuleManager: Shutting down and abandoning module ComponentVisualizers (130)
[2015.06.02-02.01.44:825][868]LogModuleManager: Shutting down and abandoning module DetailCustomizations (129)
[2015.06.02-02.01.44:825][868]LogModuleManager: Shutting down and abandoning module PackagesDialog (128)
[2015.06.02-02.01.44:825][868]LogModuleManager: Shutting down and abandoning module AssetRegistry (127)
[2015.06.02-02.01.45:213][868]LogModuleManager: Shutting down and abandoning module Persona (126)
[2015.06.02-02.01.45:215][868]LogModuleManager: Shutting down and abandoning module SlateReflector (125)
[2015.06.02-02.01.45:215][868]LogModuleManager: Shutting down and abandoning module LevelEditor (124)
[2015.06.02-02.01.45:216][868]LogModuleManager: Shutting down and abandoning module Kismet (123)
[2015.06.02-02.01.45:216][868]LogModuleManager: Shutting down and abandoning module GraphEditor (122)
[2015.06.02-02.01.45:217][868]LogModuleManager: Shutting down and abandoning module ClassViewer (121)
[2015.06.02-02.01.45:217][868]LogModuleManager: Shutting down and abandoning module Toolbox (120)
[2015.06.02-02.01.45:217][868]LogModuleManager: Shutting down and abandoning module ModuleUI (119)
[2015.06.02-02.01.45:218][868]LogModuleManager: Shutting down and abandoning module MovieSceneTools (118)
[2015.06.02-02.01.45:218][868]LogModuleManager: Shutting down and abandoning module OutputLog (117)
[2015.06.02-02.01.45:218][868]LogModuleManager: Shutting down and abandoning module GammaUI (116)
[2015.06.02-02.01.45:218][868]LogModuleManager: Shutting down and abandoning module Documentation (115)
[2015.06.02-02.01.45:218][868]LogModuleManager: Shutting down and abandoning module GameLiveStreaming (114)
[2015.06.02-02.01.45:218][868]LogModuleManager: Shutting down and abandoning module StreamingPauseRendering (113)
[2015.06.02-02.01.45:218][868]LogModuleManager: Shutting down and abandoning module HTTP (112)
[2015.06.02-02.01.45:218][868]LogModuleManager: Shutting down and abandoning module AnalyticsET (111)
[2015.06.02-02.01.45:218][868]LogModuleManager: Shutting down and abandoning module Analytics (110)
[2015.06.02-02.01.45:218][868]LogModuleManager: Shutting down and abandoning module AITestSuite (109)
[2015.06.02-02.01.45:218][868]LogModuleManager: Shutting down and abandoning module GameplayDebugger (108)
[2015.06.02-02.01.45:218][868]LogModuleManager: Shutting down and abandoning module AIModule (107)
[2015.06.02-02.01.45:218][868]LogModuleManager: Shutting down and abandoning module ProfilerService (106)
[2015.06.02-02.01.45:467][868]LogModuleManager: Shutting down and abandoning module TaskGraph (105)
[2015.06.02-02.01.45:467][868]LogModuleManager: Shutting down and abandoning module SlateRemote (104)
[2015.06.02-02.01.45:467][868]LogModuleManager: Shutting down and abandoning module ScriptEditorPlugin (103)
[2015.06.02-02.01.45:467][868]LogModuleManager: Shutting down and abandoning module CustomMeshComponent (102)
[2015.06.02-02.01.45:467][868]LogModuleManager: Shutting down and abandoning module CableComponent (101)
[2015.06.02-02.01.45:467][868]LogModuleManager: Shutting down and abandoning module MessagingDebugger (100)
[2015.06.02-02.01.45:468][868]LogModuleManager: Shutting down and abandoning module MediaPlayerEditor (99)
[2015.06.02-02.01.45:469][868]LogModuleManager: Shutting down and abandoning module SpeedTreeImporter (98)
[2015.06.02-02.01.45:469][868]LogModuleManager: Shutting down and abandoning module PluginsEditor (97)
[2015.06.02-02.01.45:469][868]LogModuleManager: Shutting down and abandoning module MainFrame (96)
[2015.06.02-02.01.45:469][868]LogModuleManager: Shutting down and abandoning module EpicSurvey (95)
[2015.06.02-02.01.45:469][868]LogModuleManager: Shutting down and abandoning module DesktopPlatform (94)
[2015.06.02-02.01.45:469][868]LogModuleManager: Shutting down and abandoning module DirectoryWatcher (93)
[2015.06.02-02.01.45:469][868]LogModuleManager: Shutting down and abandoning module HotReload (92)
[2015.06.02-02.01.45:469][868]LogModuleManager: Shutting down and abandoning module VisualStudioSourceCodeAccess (91)
[2015.06.02-02.01.45:469][868]LogModuleManager: Shutting down and abandoning module UObjectPlugin (90)
[2015.06.02-02.01.45:469][868]LogModuleManager: Shutting down and abandoning module SubversionSourceControl (89)
[2015.06.02-02.01.45:469][868]LogModuleManager: Shutting down and abandoning module PerforceSourceControl (88)
[2015.06.02-02.01.45:469][868]LogModuleManager: Shutting down and abandoning module SourceControl (87)
[2015.06.02-02.01.45:469][868]LogModuleManager: Shutting down and abandoning module GitSourceControl (86)
[2015.06.02-02.01.45:469][868]LogModuleManager: Shutting down and abandoning module BlankPlugin (85)
[2015.06.02-02.01.45:469][868]LogModuleManager: Shutting down and abandoning module PaperTiledImporter (84)
[2015.06.02-02.01.45:469][868]LogModuleManager: Shutting down and abandoning module PaperJsonImporter (83)
[2015.06.02-02.01.45:469][868]LogModuleManager: Shutting down and abandoning module ContentBrowser (82)
[2015.06.02-02.01.45:470][868]LogModuleManager: Shutting down and abandoning module Paper2DEditor (81)
[2015.06.02-02.01.45:470][868]LogModuleManager: Shutting down and abandoning module ScriptPlugin (80)
[2015.06.02-02.01.45:470][868]LogModuleManager: Shutting down and abandoning module UdpMessaging (79)
[2015.06.02-02.01.45:570][868]LogModuleManager: Shutting down and abandoning module Paper2D (78)
[2015.06.02-02.01.45:570][868]LogModuleManager: Shutting down and abandoning module WindowsMoviePlayer (77)
[2015.06.02-02.01.45:573][868]LogModuleManager: Shutting down and abandoning module Media (76)
[2015.06.02-02.01.45:573][868]LogModuleManager: Shutting down and abandoning module WmfMedia (75)
[2015.06.02-02.01.45:575][868]LogModuleManager: Shutting down and abandoning module OnlineBlueprintSupport (74)
[2015.06.02-02.01.45:575][868]LogModuleManager: Shutting down and abandoning module PropertyEditor (73)
[2015.06.02-02.01.45:575][868]LogModuleManager: Shutting down and abandoning module BehaviorTreeEditor (72)
[2015.06.02-02.01.45:575][868]LogModuleManager: Shutting down and abandoning module FunctionalTesting (71)
[2015.06.02-02.01.45:575][868]LogModuleManager: Shutting down and abandoning module CollisionAnalyzer (70)
[2015.06.02-02.01.45:576][868]LogModuleManager: Shutting down and abandoning module WorkspaceMenuStructure (69)
[2015.06.02-02.01.45:576][868]LogModuleManager: Shutting down and abandoning module MessageLog (68)
[2015.06.02-02.01.45:576][868]LogModuleManager: Shutting down and abandoning module Sequencer (67)
[2015.06.02-02.01.45:576][868]LogModuleManager: Shutting down and abandoning module AssetTools (66)
[2015.06.02-02.01.45:577][868]LogModuleManager: Shutting down and abandoning module UMGEditor (65)
[2015.06.02-02.01.45:577][868]LogModuleManager: Shutting down and abandoning module UMG (64)
[2015.06.02-02.01.45:577][868]LogModuleManager: Shutting down and abandoning module Slate (63)
[2015.06.02-02.01.45:577][868]LogModuleManager: Shutting down and abandoning module EditorStyle (62)
[2015.06.02-02.01.45:580][868]LogModuleManager: Shutting down and abandoning module SessionServices (61)
[2015.06.02-02.01.45:580][868]LogModuleManager: Shutting down and abandoning module SourceCodeAccess (60)
[2015.06.02-02.01.45:581][868]LogModuleManager: Shutting down and abandoning module HeadMountedDisplay (59)
[2015.06.02-02.01.45:581][868]LogModuleManager: Shutting down and abandoning module XAudio2 (58)
[2015.06.02-02.01.45:581][868]LogModuleManager: Shutting down and abandoning module Networking (56)
[2015.06.02-02.01.45:581][868]LogModuleManager: Shutting down and abandoning module Core (55)
[2015.06.02-02.01.45:581][868]LogModuleManager: Shutting down and abandoning module KismetCompiler (54)
[2015.06.02-02.01.45:581][868]LogModuleManager: Shutting down and abandoning module PhysXFormats (53)
[2015.06.02-02.01.45:581][868]LogModuleManager: Shutting down and abandoning module MeshUtilities (52)
[2015.06.02-02.01.45:582][868]LogModuleManager: Shutting down and abandoning module DerivedDataCache (51)
[2015.06.02-02.01.45:666][868]LogDerivedDataCache: Shutdown
[2015.06.02-02.01.45:666][868]LogModuleManager: Shutting down and abandoning module ShaderFormatOpenGL (50)
[2015.06.02-02.01.45:667][868]LogModuleManager: Shutting down and abandoning module ShaderFormatD3D (49)
[2015.06.02-02.01.45:667][868]LogModuleManager: Shutting down and abandoning module MetalShaderFormat (48)
[2015.06.02-02.01.45:668][868]LogModuleManager: Shutting down and abandoning module TextureFormatUncompressed (47)
[2015.06.02-02.01.45:668][868]LogModuleManager: Shutting down and abandoning module TextureFormatPVR (46)
[2015.06.02-02.01.45:668][868]LogModuleManager: Shutting down and abandoning module TextureFormatIntelISPCTexComp (45)
[2015.06.02-02.01.45:668][868]LogModuleManager: Shutting down and abandoning module TextureFormatDXT (44)
[2015.06.02-02.01.45:668][868]LogModuleManager: Shutting down and abandoning module ImageWrapper (43)
[2015.06.02-02.01.45:668][868]LogModuleManager: Shutting down and abandoning module TextureFormatASTC (42)
[2015.06.02-02.01.45:668][868]LogModuleManager: Shutting down and abandoning module TextureFormatAndroid (41)
[2015.06.02-02.01.45:668][868]LogModuleManager: Shutting down and abandoning module AudioFormatOpus (40)
[2015.06.02-02.01.45:668][868]LogModuleManager: Shutting down and abandoning module AudioFormatOgg (39)
[2015.06.02-02.01.45:668][868]LogModuleManager: Shutting down and abandoning module AudioFormatADPCM (38)
[2015.06.02-02.01.45:668][868]LogModuleManager: Shutting down and abandoning module LinuxTargetPlatform (37)
[2015.06.02-02.01.45:668][868]LogModuleManager: Shutting down and abandoning module LinuxServerTargetPlatform (36)
[2015.06.02-02.01.45:668][868]LogModuleManager: Shutting down and abandoning module LinuxNoEditorTargetPlatform (35)
[2015.06.02-02.01.45:668][868]LogModuleManager: Shutting down and abandoning module Messaging (34)
[2015.06.02-02.01.45:668][868]LogModuleManager: Shutting down and abandoning module IOSTargetPlatform (33)
[2015.06.02-02.01.45:668][868]LogModuleManager: Shutting down and abandoning module HTML5TargetPlatform (32)
[2015.06.02-02.01.45:668][868]LogModuleManager: Shutting down and abandoning module Android_PVRTCTargetPlatform (31)
[2015.06.02-02.01.45:668][868]LogModuleManager: Shutting down and abandoning module Android_ETC2TargetPlatform (30)
[2015.06.02-02.01.45:668][868]LogModuleManager: Shutting down and abandoning module Android_ETC1TargetPlatform (29)
[2015.06.02-02.01.45:668][868]LogModuleManager: Shutting down and abandoning module Android_ES31TargetPlatform (28)
[2015.06.02-02.01.45:668][868]LogModuleManager: Shutting down and abandoning module Android_DXTTargetPlatform (27)
[2015.06.02-02.01.45:668][868]LogModuleManager: Shutting down and abandoning module Android_ATCTargetPlatform (26)
[2015.06.02-02.01.45:668][868]LogModuleManager: Shutting down and abandoning module AndroidTargetPlatform (25)
[2015.06.02-02.01.45:668][868]LogModuleManager: Shutting down and abandoning module WindowsTargetPlatform (24)
[2015.06.02-02.01.45:669][868]LogModuleManager: Shutting down and abandoning module WindowsServerTargetPlatform (23)
[2015.06.02-02.01.45:669][868]LogModuleManager: Shutting down and abandoning module WindowsNoEditorTargetPlatform (22)
[2015.06.02-02.01.45:670][868]LogModuleManager: Shutting down and abandoning module WindowsClientTargetPlatform (21)
[2015.06.02-02.01.45:670][868]LogModuleManager: Shutting down and abandoning module TargetPlatform (20)
[2015.06.02-02.01.45:670][868]LogModuleManager: Shutting down and abandoning module InputCore (19)
[2015.06.02-02.01.45:670][868]LogModuleManager: Shutting down and abandoning module Settings (18)
[2015.06.02-02.01.45:670][868]LogModuleManager: Shutting down and abandoning module OnlineSubsystem (16)
[2015.06.02-02.01.45:670][868]LogModuleManager: Shutting down and abandoning module OculusRift (15)
[2015.06.02-02.01.45:670][868]LogModuleManager: Shutting down and abandoning module ExampleDeviceProfileSelector (14)
[2015.06.02-02.01.45:670][868]LogModuleManager: Shutting down and abandoning module TextureCompressor (13)
[2015.06.02-02.01.45:670][868]LogModuleManager: Shutting down and abandoning module ShaderCore (12)
[2015.06.02-02.01.45:670][868]LogModuleManager: Shutting down and abandoning module Landscape (11)
[2015.06.02-02.01.45:670][868]LogModuleManager: Shutting down and abandoning module SlateRHIRenderer (10)
[2015.06.02-02.01.45:672][868]LogModuleManager: Shutting down and abandoning module OpenGLDrv (9)
[2015.06.02-02.01.45:672][868]LogModuleManager: Shutting down and abandoning module D3D11RHI (8)
[2015.06.02-02.01.45:672][868]LogModuleManager: Shutting down and abandoning module Renderer (7)
[2015.06.02-02.01.45:672][868]LogModuleManager: Shutting down and abandoning module Engine (6)
[2015.06.02-02.01.45:672][868]LogModuleManager: Shutting down and abandoning module CoreUObject (5)
[2015.06.02-02.01.45:673][868]LogModuleManager: Shutting down and abandoning module NetworkFile (4)
[2015.06.02-02.01.45:673][868]LogModuleManager: Shutting down and abandoning module StreamingFile (3)
[2015.06.02-02.01.45:673][868]LogModuleManager: Shutting down and abandoning module SandboxFile (2)
[2015.06.02-02.01.45:673][868]LogModuleManager: Shutting down and abandoning module PakFile (1)
[2015.06.02-02.01.45:673][868]LogExit: Exiting.
[2015.06.02-02.01.45:686][868]Log file closed, 06/02/15 14:01:45
