Log file open, 05/27/15 09:31:42
LogInit:Display: Running engine for game: Mayhem3d
LogInit: Version: 4.7.6-2513093+++depot+UE4-Releases+4.7
LogInit: API Version: 2455222
LogInit: Compiled (64-bit): Apr 15 2015 12:09:54
LogInit: Compiled with Visual C++: 18.00.21005.01
LogInit: Build Configuration: Development
LogInit: Branch Name: ++depot+UE4-Releases+4.7
LogInit: Command line:  
LogInit: Base directory: E:/Program Files (x86)/Epic Games/4.7/Engine/Binaries/Win64/
LogInit: Rocket: 1
[2015.05.26-21.31.42:261][  0]LogTaskGraph: Started task graph with 3 named threads and 6 total threads.
[2015.05.26-21.31.42:327][  0]LogOnline:Warning: No default platform service specified for OnlineSubsystem
[2015.05.26-21.31.42:422][  0]LogInit: Presizing for 0 objects not considered by GC, pre-allocating 0 bytes.
[2015.05.26-21.31.42:539][  0]LogInit: Object subsystem initialized
[2015.05.26-21.31.42:645][  0]LogInit: Selected Device Profile: [Windows]
[2015.05.26-21.31.42:657][  0]LogInit: Applying CVar settings loaded from the selected device profile: [Windows]
[2015.05.26-21.31.42:695][  0]LogInit: Computer: MR_NUBZZ
[2015.05.26-21.31.42:695][  0]LogInit: User: Noel
[2015.05.26-21.31.42:695][  0]LogInit: CPU Page size=4096, Cores=4
[2015.05.26-21.31.42:695][  0]LogInit: High frequency timer resolution =3.320380 MHz
[2015.05.26-21.31.42:695][  0]LogMemory: Memory total: Physical=7.9GB (8GB approx) Virtual=8192.0GB
[2015.05.26-21.31.42:696][  0]LogMemory: Platform Memory Stats for Windows
[2015.05.26-21.31.42:696][  0]LogMemory: Process Physical Memory: 48.13 MB used, 48.13 MB peak
[2015.05.26-21.31.42:696][  0]LogMemory: Process Virtual Memory: 29.39 MB used, 29.40 MB peak
[2015.05.26-21.31.42:696][  0]LogMemory: Physical Memory: 3952.93 MB used, 8123.00 MB total
[2015.05.26-21.31.42:696][  0]LogMemory: Virtual Memory: 281.30 MB used, 8388608.00 MB total
[2015.05.26-21.31.42:753][  0]LogD3D11RHI: Found D3D11 adapter 0: NVIDIA GeForce GTX 660 Ti (Feature Level 11_0)
[2015.05.26-21.31.42:753][  0]LogD3D11RHI: Adapter has 1989MB of dedicated video memory, 0MB of dedicated system memory, and 2048MB of shared system memory, 2 output[s]
[2015.05.26-21.31.42:753][  0]LogD3D11RHI: Chosen D3D11 Adapter Id = 0
[2015.05.26-21.31.42:756][  0]LogRHI: Texture pool is 1361 MB (70% of 1945 MB)
[2015.05.26-21.31.42:763][  0]LogD3D11RHI: Async texture creation enabled
[2015.05.26-21.31.43:662][  0]LogTextLocalizationManager: The requested culture ('en_NZ') has no localization data; parent culture's ('en') localization data will be used.
[2015.05.26-21.31.43:836][  0]LogTextLocalizationManager:Warning: Loading localization resources contain conflicting entries for (Namespace:UICommands, Key:Save_ToolTip):
Resource: (E:/Program Files (x86)/Epic Games/4.7/Engine/Content/Localization/Editor/en/Editor.locres) Hash: (-29098895) String: (Saves the current level to disk)
Resource: (E:/Program Files (x86)/Epic Games/4.7/Engine/Content/Localization/Engine/en/Engine.locres) Hash: (-1280300587) String: (Save selected data to vlog file)
[2015.05.26-21.31.43:837][  0]LogTextLocalizationManager:Warning: Loading localization resources contain conflicting entries for (Namespace:ContentBrowser, Key:ImportAssetToolTip):
Resource: (E:/Program Files (x86)/Epic Games/4.7/Engine/Content/Localization/Editor/en/Editor.locres) Hash: (-630476809) String: (Import to {0}...)
Resource: (E:/Program Files (x86)/Epic Games/4.7/Engine/Content/Localization/Editor/en/Editor.locres) Hash: (1271782899) String: (Imports an asset from file to this folder.)
[2015.05.26-21.31.43:935][  0]LogContentStreaming: Texture pool size is 0.000000MB
[2015.05.26-21.31.47:789][  0]LogTargetPlatformManager:Display: Building Assets For Windows
[2015.05.26-21.31.48:420][  0]LogTargetPlatformManager:Display: Building Assets For Windows
[2015.05.26-21.31.48:536][  0]LogDerivedDataCache:Display: Max Cache Size: 512 MB
[2015.05.26-21.31.48:746][  0]LogDerivedDataCache: Loaded boot cache 0.21s 39MB C:/Users/Noel/AppData/Local/UnrealEngine/4.7/DerivedDataCache/Boot.ddc.
[2015.05.26-21.31.48:746][  0]LogDerivedDataCache:Display: Loaded Boot cache: C:/Users/Noel/AppData/Local/UnrealEngine/4.7/DerivedDataCache/Boot.ddc
[2015.05.26-21.31.48:748][  0]LogDerivedDataCache: FDerivedDataBackendGraph:  Pak pak cache file H:/UNI2015/GA3J0-GD3J02_Pre Production/Pre-Production_Prototype/Vertical Slice/Level Design/Aidan/New Map With Old Prototype/Vertical Slice/DerivedDataCache/DDC.ddp not found, will not use a pak cache.
[2015.05.26-21.31.48:748][  0]LogDerivedDataCache: Unable to find inner node Pak for hierarchical cache Hierarchy.
[2015.05.26-21.31.49:010][  0]LogDerivedDataCache:Display: Pak cache opened for reading ../../../Engine/DerivedDataCache/Compressed.ddp.
[2015.05.26-21.31.49:023][  0]LogDerivedDataCache: Using Local data cache path C:/Users/Noel/AppData/Local/UnrealEngine/Common/DerivedDataCache: Writable
[2015.05.26-21.31.51:670][  0]LogMeshUtilities: No automatic mesh reduction module available
[2015.05.26-21.31.51:670][  0]LogMeshUtilities: No automatic mesh merging module available
[2015.05.26-21.31.53:159][  0]LogInit: WinSock: version 1.1 (2.2), MaxSocks=32767, MaxUdp=65467
[2015.05.26-21.31.53:408][  0]LogSlate:Warning: Failed to load font data from '../../../Engine/Content/Slate/Fonts/Roboto-Italic.ttf'
[2015.05.26-21.32.01:221][  0]UdpMessaging: Initializing bridge on interface 0.0.0.0:0 to multicast group 230.0.0.1:6666.
[2015.05.26-21.32.01:792][  0]SourceControl: Info Source control is disabled
[2015.05.26-21.32.01:792][  0]SourceControl: Info Source control is disabled
[2015.05.26-21.32.01:792][  0]SourceControl: Info Source control is disabled
[2015.05.26-21.32.01:792][  0]LogSourceControl: RunCommandInternalRaw: 'git version'
[2015.05.26-21.32.01:793][  0]LogSourceControl: RunCommandInternalRaw: ExecProcess ReturnCode=2 OutResults=''
[2015.05.26-21.32.01:802][  0]SourceControl: Info Source control is disabled
[2015.05.26-21.32.02:412][  0]LogObj: 24232 objects as part of root set at end of initial load.
[2015.05.26-21.32.02:412][  0]LogUObjectAllocator: 5137176 out of 0 bytes used by permanent object pool.
[2015.05.26-21.32.02:765][  0]LogEngine: Initializing Engine...
[2015.05.26-21.32.05:120][  0]LogInit: XAudio2 using 'Speakers (Turtle Beach P11 Headset)' : 2 channels at 48 kHz using 16 bits per sample (channel mask 0x3)
[2015.05.26-21.32.05:129][  0]LogInit: FAudioDevice initialized.
[2015.05.26-21.32.05:485][  0]LogAIModule: Creating AISystem for world NewWorld
[2015.05.26-21.32.05:686][  0]LogDerivedDataCache: Saved boot cache 0.02s 39MB C:/Users/Noel/AppData/Local/UnrealEngine/4.7/DerivedDataCache/Boot.ddc.
[2015.05.26-21.32.05:689][  0]LogInit: Texture streaming: Enabled
[2015.05.26-21.32.06:734][  0]LogAnalytics: Creating configured Analytics provider AnalyticsET
[2015.05.26-21.32.06:734][  0]LogAnalytics: ET APIKey = Rocket.Release. APIServer = http://et2.epicgames.com/ET2/. AppVersion = 4.7.6-2513093+++depot+UE4-Releases+4.7
[2015.05.26-21.32.06:734][  0]LogAnalytics: ET APIKey = Rocket.Release. DataRouterUploadURL = https://datarouter-public-service-gamedev.ol.epicgames.net/datarouter/api/v1/public/data. AppVersion = 4.7.6-2513093+++depot+UE4-Releases+4.7
[2015.05.26-21.32.06:734][  0]LogAnalytics: SetUserId 11694011439ccff37a41719c95d0ebf2|6f6dd468ae844bec8cd0e1faddec8104|f67f1fc3-5822-4505-94c2-7e1c345b10d6
[2015.05.26-21.32.06:735][  0]LogAnalytics: AnalyticsET::StartSession [Rocket.Release]
[2015.05.26-21.32.07:086][  0]LogInit: Transaction tracking system initialized
[2015.05.26-21.32.08:092][  0]BlueprintLog: New page: Editor Load
[2015.05.26-21.32.08:266][  0]LogAssetRegistry: FAssetRegistry took 0.0103 seconds to start up
[2015.05.26-21.32.08:266][  0]LogDirectoryWatcher:Warning: Failed to begin reading directory changes for ../../../Engine/Plugins/Experimental/CharacterAI/Content/. Error: 0
[2015.05.26-21.32.10:663][  0]LogTargetPlatformManager:Display: Building Assets For Windows
[2015.05.26-21.32.11:009][  0]LogTargetPlatformManager:Display: Building Assets For Windows
[2015.05.26-21.32.12:599][  0]LogSlate:Warning: Failed to load font data from '../../../Engine/Content/Editor/Slate/Fonts/Roboto-Regular.ttf'
[2015.05.26-21.32.12:601][  0]LogSlate:Warning: Failed to load font data from '../../../Engine/Content/Editor/Slate/Fonts/Roboto-Bold.ttf'
[2015.05.26-21.32.12:713][  0]LogConsoleResponse:Display: 
[2015.05.26-21.32.17:409][  0]LogCook:Display: Done creating registry. It took  0.00s.
[2015.05.26-21.32.20:043][  0]SourceControl: Info Source control is disabled
[2015.05.26-21.32.20:099][  0]LightingResults: New page: Lighting Build
[2015.05.26-21.32.20:125][  0]MapCheck: New page: Map Check
[2015.05.26-21.32.20:125][  0]LightingResults: New page: Lighting Build
[2015.05.26-21.32.20:133][  0]LogParticles: Destroying 0 GPU particle simulations for FXSystem 0x00000000158ECD60
[2015.05.26-21.32.20:841][  0]LogLinker:Warning: Asset 'H:/UNI2015/GA3J0-GD3J02_Pre Production/Pre-Production_Prototype/Vertical Slice/Level Design/Aidan/New Map With Old Prototype/Vertical Slice/Content/ThirdPersonBP/Blueprints/ThirdPersonCharacter.uasset' has been saved with empty engine version. The asset will be loaded but may be incompatible.
[2015.05.26-21.32.21:170][  0]LogLinker:Warning: Asset 'H:/UNI2015/GA3J0-GD3J02_Pre Production/Pre-Production_Prototype/Vertical Slice/Level Design/Aidan/New Map With Old Prototype/Vertical Slice/Content/ThirdPersonBP/Blueprints/AbilityController.uasset' has been saved with empty engine version. The asset will be loaded but may be incompatible.
[2015.05.26-21.32.22:029][  0]LogLinker:Warning: Asset 'H:/UNI2015/GA3J0-GD3J02_Pre Production/Pre-Production_Prototype/Vertical Slice/Level Design/Aidan/New Map With Old Prototype/Vertical Slice/Content/ThirdPersonBP/Blueprints/DamageTypes/ArcaneDamage.uasset' has been saved with empty engine version. The asset will be loaded but may be incompatible.
[2015.05.26-21.32.22:034][  0]LogLinker:Warning: Asset 'H:/UNI2015/GA3J0-GD3J02_Pre Production/Pre-Production_Prototype/Vertical Slice/Level Design/Aidan/New Map With Old Prototype/Vertical Slice/Content/ThirdPersonBP/Blueprints/Projectiles/AOEHealBall.uasset' has been saved with empty engine version. The asset will be loaded but may be incompatible.
[2015.05.26-21.32.22:070][  0]LogLinker:Warning: Asset 'H:/UNI2015/GA3J0-GD3J02_Pre Production/Pre-Production_Prototype/Vertical Slice/Level Design/Aidan/New Map With Old Prototype/Vertical Slice/Content/ThirdPersonBP/Textures/Health/Health_100.uasset' has been saved with empty engine version. The asset will be loaded but may be incompatible.
[2015.05.26-21.32.22:383][  0]LogLinker:Warning: Asset 'H:/UNI2015/GA3J0-GD3J02_Pre Production/Pre-Production_Prototype/Vertical Slice/Level Design/Aidan/New Map With Old Prototype/Vertical Slice/Content/Character/Materials/Red/Brawler_Red.uasset' has been saved with empty engine version. The asset will be loaded but may be incompatible.
[2015.05.26-21.32.22:422][  0]LogLinker:Warning: Asset 'H:/UNI2015/GA3J0-GD3J02_Pre Production/Pre-Production_Prototype/Vertical Slice/Level Design/Aidan/New Map With Old Prototype/Vertical Slice/Content/ThirdPersonBP/Materials/MegaOrbMatterial.uasset' has been saved with empty engine version. The asset will be loaded but may be incompatible.
[2015.05.26-21.32.22:454][  0]LogLinker:Warning: Asset 'H:/UNI2015/GA3J0-GD3J02_Pre Production/Pre-Production_Prototype/Vertical Slice/Level Design/Aidan/New Map With Old Prototype/Vertical Slice/Content/ThirdPersonBP/Blueprints/Projectiles/HealerOrb.uasset' has been saved with empty engine version. The asset will be loaded but may be incompatible.
[2015.05.26-21.32.22:480][  0]LogLinker:Warning: Asset 'H:/UNI2015/GA3J0-GD3J02_Pre Production/Pre-Production_Prototype/Vertical Slice/Level Design/Aidan/New Map With Old Prototype/Vertical Slice/Content/ThirdPersonBP/Blueprints/Projectiles/MageOrb.uasset' has been saved with empty engine version. The asset will be loaded but may be incompatible.
[2015.05.26-21.32.22:490][  0]LogLinker:Warning: Asset 'H:/UNI2015/GA3J0-GD3J02_Pre Production/Pre-Production_Prototype/Vertical Slice/Level Design/Aidan/New Map With Old Prototype/Vertical Slice/Content/ThirdPersonBP/Materials/MageOrbMaterial.uasset' has been saved with empty engine version. The asset will be loaded but may be incompatible.
[2015.05.26-21.32.22:518][  0]LogLinker:Warning: Asset 'H:/UNI2015/GA3J0-GD3J02_Pre Production/Pre-Production_Prototype/Vertical Slice/Level Design/Aidan/New Map With Old Prototype/Vertical Slice/Content/ThirdPersonBP/Blueprints/Projectiles/SlowBall.uasset' has been saved with empty engine version. The asset will be loaded but may be incompatible.
[2015.05.26-21.32.22:524][  0]LogLinker:Warning: Asset 'H:/UNI2015/GA3J0-GD3J02_Pre Production/Pre-Production_Prototype/Vertical Slice/Level Design/Aidan/New Map With Old Prototype/Vertical Slice/Content/ThirdPersonBP/Materials/SlowBallMaterial.uasset' has been saved with empty engine version. The asset will be loaded but may be incompatible.
[2015.05.26-21.32.22:563][  0]LogLinker:Warning: Asset 'H:/UNI2015/GA3J0-GD3J02_Pre Production/Pre-Production_Prototype/Vertical Slice/Level Design/Aidan/New Map With Old Prototype/Vertical Slice/Content/ThirdPersonBP/Blueprints/ThirdPersonGameMode.uasset' has been saved with empty engine version. The asset will be loaded but may be incompatible.
[2015.05.26-21.32.22:588][  0]LogLinker:Warning: Asset 'H:/UNI2015/GA3J0-GD3J02_Pre Production/Pre-Production_Prototype/Vertical Slice/Level Design/Aidan/New Map With Old Prototype/Vertical Slice/Content/Blueprints/GameHUD.uasset' has been saved with empty engine version. The asset will be loaded but may be incompatible.
[2015.05.26-21.32.22:666][  0]LogLinker:Warning: Asset 'H:/UNI2015/GA3J0-GD3J02_Pre Production/Pre-Production_Prototype/Vertical Slice/Level Design/Aidan/New Map With Old Prototype/Vertical Slice/Content/ThirdPersonBP/Blueprints/Scores.uasset' has been saved with empty engine version. The asset will be loaded but may be incompatible.
[2015.05.26-21.32.23:364][  0]LogLinker:Warning: Asset 'H:/UNI2015/GA3J0-GD3J02_Pre Production/Pre-Production_Prototype/Vertical Slice/Level Design/Aidan/New Map With Old Prototype/Vertical Slice/Content/Character/Materials/Blue/Brawler_Blue.uasset' has been saved with empty engine version. The asset will be loaded but may be incompatible.
[2015.05.26-21.32.23:456][  0]LogLinker:Warning: Asset 'H:/UNI2015/GA3J0-GD3J02_Pre Production/Pre-Production_Prototype/Vertical Slice/Level Design/Aidan/New Map With Old Prototype/Vertical Slice/Content/ThirdPersonBP/Materials/PlayerMat_Inst.uasset' has been saved with empty engine version. The asset will be loaded but may be incompatible.
[2015.05.26-21.32.23:458][  0]LogLinker:Warning: Asset 'H:/UNI2015/GA3J0-GD3J02_Pre Production/Pre-Production_Prototype/Vertical Slice/Level Design/Aidan/New Map With Old Prototype/Vertical Slice/Content/ThirdPersonBP/Materials/PlayerMaterial.uasset' has been saved with empty engine version. The asset will be loaded but may be incompatible.
[2015.05.26-21.32.23:464][  0]LogLinker:Warning: Asset 'H:/UNI2015/GA3J0-GD3J02_Pre Production/Pre-Production_Prototype/Vertical Slice/Level Design/Aidan/New Map With Old Prototype/Vertical Slice/Content/ThirdPersonBP/Textures/Health/Health_10.uasset' has been saved with empty engine version. The asset will be loaded but may be incompatible.
[2015.05.26-21.32.23:466][  0]LogLinker:Warning: Asset 'H:/UNI2015/GA3J0-GD3J02_Pre Production/Pre-Production_Prototype/Vertical Slice/Level Design/Aidan/New Map With Old Prototype/Vertical Slice/Content/ThirdPersonBP/Textures/Health/Health_15.uasset' has been saved with empty engine version. The asset will be loaded but may be incompatible.
[2015.05.26-21.32.23:468][  0]LogLinker:Warning: Asset 'H:/UNI2015/GA3J0-GD3J02_Pre Production/Pre-Production_Prototype/Vertical Slice/Level Design/Aidan/New Map With Old Prototype/Vertical Slice/Content/ThirdPersonBP/Textures/Health/Health_20.uasset' has been saved with empty engine version. The asset will be loaded but may be incompatible.
[2015.05.26-21.32.23:470][  0]LogLinker:Warning: Asset 'H:/UNI2015/GA3J0-GD3J02_Pre Production/Pre-Production_Prototype/Vertical Slice/Level Design/Aidan/New Map With Old Prototype/Vertical Slice/Content/ThirdPersonBP/Textures/Health/Health_25.uasset' has been saved with empty engine version. The asset will be loaded but may be incompatible.
[2015.05.26-21.32.23:472][  0]LogLinker:Warning: Asset 'H:/UNI2015/GA3J0-GD3J02_Pre Production/Pre-Production_Prototype/Vertical Slice/Level Design/Aidan/New Map With Old Prototype/Vertical Slice/Content/ThirdPersonBP/Textures/Health/Health_30.uasset' has been saved with empty engine version. The asset will be loaded but may be incompatible.
[2015.05.26-21.32.23:474][  0]LogLinker:Warning: Asset 'H:/UNI2015/GA3J0-GD3J02_Pre Production/Pre-Production_Prototype/Vertical Slice/Level Design/Aidan/New Map With Old Prototype/Vertical Slice/Content/ThirdPersonBP/Textures/Health/Health_35.uasset' has been saved with empty engine version. The asset will be loaded but may be incompatible.
[2015.05.26-21.32.23:476][  0]LogLinker:Warning: Asset 'H:/UNI2015/GA3J0-GD3J02_Pre Production/Pre-Production_Prototype/Vertical Slice/Level Design/Aidan/New Map With Old Prototype/Vertical Slice/Content/ThirdPersonBP/Textures/Health/Health_40.uasset' has been saved with empty engine version. The asset will be loaded but may be incompatible.
[2015.05.26-21.32.23:478][  0]LogLinker:Warning: Asset 'H:/UNI2015/GA3J0-GD3J02_Pre Production/Pre-Production_Prototype/Vertical Slice/Level Design/Aidan/New Map With Old Prototype/Vertical Slice/Content/ThirdPersonBP/Textures/Health/Health_45.uasset' has been saved with empty engine version. The asset will be loaded but may be incompatible.
[2015.05.26-21.32.23:480][  0]LogLinker:Warning: Asset 'H:/UNI2015/GA3J0-GD3J02_Pre Production/Pre-Production_Prototype/Vertical Slice/Level Design/Aidan/New Map With Old Prototype/Vertical Slice/Content/ThirdPersonBP/Textures/Health/Health_5.uasset' has been saved with empty engine version. The asset will be loaded but may be incompatible.
[2015.05.26-21.32.23:481][  0]LogLinker:Warning: Asset 'H:/UNI2015/GA3J0-GD3J02_Pre Production/Pre-Production_Prototype/Vertical Slice/Level Design/Aidan/New Map With Old Prototype/Vertical Slice/Content/ThirdPersonBP/Textures/Health/Health_50.uasset' has been saved with empty engine version. The asset will be loaded but may be incompatible.
[2015.05.26-21.32.23:483][  0]LogLinker:Warning: Asset 'H:/UNI2015/GA3J0-GD3J02_Pre Production/Pre-Production_Prototype/Vertical Slice/Level Design/Aidan/New Map With Old Prototype/Vertical Slice/Content/ThirdPersonBP/Textures/Health/Health_55.uasset' has been saved with empty engine version. The asset will be loaded but may be incompatible.
[2015.05.26-21.32.23:485][  0]LogLinker:Warning: Asset 'H:/UNI2015/GA3J0-GD3J02_Pre Production/Pre-Production_Prototype/Vertical Slice/Level Design/Aidan/New Map With Old Prototype/Vertical Slice/Content/ThirdPersonBP/Textures/Health/Health_60.uasset' has been saved with empty engine version. The asset will be loaded but may be incompatible.
[2015.05.26-21.32.23:487][  0]LogLinker:Warning: Asset 'H:/UNI2015/GA3J0-GD3J02_Pre Production/Pre-Production_Prototype/Vertical Slice/Level Design/Aidan/New Map With Old Prototype/Vertical Slice/Content/ThirdPersonBP/Textures/Health/Health_65.uasset' has been saved with empty engine version. The asset will be loaded but may be incompatible.
[2015.05.26-21.32.23:489][  0]LogLinker:Warning: Asset 'H:/UNI2015/GA3J0-GD3J02_Pre Production/Pre-Production_Prototype/Vertical Slice/Level Design/Aidan/New Map With Old Prototype/Vertical Slice/Content/ThirdPersonBP/Textures/Health/Health_70.uasset' has been saved with empty engine version. The asset will be loaded but may be incompatible.
[2015.05.26-21.32.23:491][  0]LogLinker:Warning: Asset 'H:/UNI2015/GA3J0-GD3J02_Pre Production/Pre-Production_Prototype/Vertical Slice/Level Design/Aidan/New Map With Old Prototype/Vertical Slice/Content/ThirdPersonBP/Textures/Health/Health_75.uasset' has been saved with empty engine version. The asset will be loaded but may be incompatible.
[2015.05.26-21.32.23:493][  0]LogLinker:Warning: Asset 'H:/UNI2015/GA3J0-GD3J02_Pre Production/Pre-Production_Prototype/Vertical Slice/Level Design/Aidan/New Map With Old Prototype/Vertical Slice/Content/ThirdPersonBP/Textures/Health/Health_80.uasset' has been saved with empty engine version. The asset will be loaded but may be incompatible.
[2015.05.26-21.32.23:503][  0]LogLinker:Warning: Asset 'H:/UNI2015/GA3J0-GD3J02_Pre Production/Pre-Production_Prototype/Vertical Slice/Level Design/Aidan/New Map With Old Prototype/Vertical Slice/Content/ThirdPersonBP/Textures/Health/Health_85.uasset' has been saved with empty engine version. The asset will be loaded but may be incompatible.
[2015.05.26-21.32.23:505][  0]LogLinker:Warning: Asset 'H:/UNI2015/GA3J0-GD3J02_Pre Production/Pre-Production_Prototype/Vertical Slice/Level Design/Aidan/New Map With Old Prototype/Vertical Slice/Content/ThirdPersonBP/Textures/Health/Health_90.uasset' has been saved with empty engine version. The asset will be loaded but may be incompatible.
[2015.05.26-21.32.23:507][  0]LogLinker:Warning: Asset 'H:/UNI2015/GA3J0-GD3J02_Pre Production/Pre-Production_Prototype/Vertical Slice/Level Design/Aidan/New Map With Old Prototype/Vertical Slice/Content/ThirdPersonBP/Textures/Health/Health_95.uasset' has been saved with empty engine version. The asset will be loaded but may be incompatible.
[2015.05.26-21.32.26:104][  0]LogLinker:Warning: Asset 'H:/UNI2015/GA3J0-GD3J02_Pre Production/Pre-Production_Prototype/Vertical Slice/Level Design/Aidan/New Map With Old Prototype/Vertical Slice/Content/ThirdPersonBP/Blueprints/PlayerInterface.uasset' has been saved with empty engine version. The asset will be loaded but may be incompatible.
[2015.05.26-21.32.26:134][  0]LogLinker:Warning: Asset 'H:/UNI2015/GA3J0-GD3J02_Pre Production/Pre-Production_Prototype/Vertical Slice/Level Design/Aidan/New Map With Old Prototype/Vertical Slice/Content/ThirdPersonBP/Textures/charge.uasset' has been saved with empty engine version. The asset will be loaded but may be incompatible.
[2015.05.26-21.32.26:136][  0]LogLinker:Warning: Asset 'H:/UNI2015/GA3J0-GD3J02_Pre Production/Pre-Production_Prototype/Vertical Slice/Level Design/Aidan/New Map With Old Prototype/Vertical Slice/Content/ThirdPersonBP/Textures/fire_button.uasset' has been saved with empty engine version. The asset will be loaded but may be incompatible.
[2015.05.26-21.32.26:146][  0]LogLinker:Warning: Asset 'H:/UNI2015/GA3J0-GD3J02_Pre Production/Pre-Production_Prototype/Vertical Slice/Level Design/Aidan/New Map With Old Prototype/Vertical Slice/Content/ThirdPersonBP/Textures/invisbility.uasset' has been saved with empty engine version. The asset will be loaded but may be incompatible.
[2015.05.26-21.32.26:147][  0]LogLinker:Warning: Asset 'H:/UNI2015/GA3J0-GD3J02_Pre Production/Pre-Production_Prototype/Vertical Slice/Level Design/Aidan/New Map With Old Prototype/Vertical Slice/Content/ThirdPersonBP/Textures/lightning.uasset' has been saved with empty engine version. The asset will be loaded but may be incompatible.
[2015.05.26-21.32.26:149][  0]LogLinker:Warning: Asset 'H:/UNI2015/GA3J0-GD3J02_Pre Production/Pre-Production_Prototype/Vertical Slice/Level Design/Aidan/New Map With Old Prototype/Vertical Slice/Content/ThirdPersonBP/Textures/Orb.uasset' has been saved with empty engine version. The asset will be loaded but may be incompatible.
[2015.05.26-21.32.26:150][  0]LogLinker:Warning: Asset 'H:/UNI2015/GA3J0-GD3J02_Pre Production/Pre-Production_Prototype/Vertical Slice/Level Design/Aidan/New Map With Old Prototype/Vertical Slice/Content/ThirdPersonBP/Textures/plus_crosshair.uasset' has been saved with empty engine version. The asset will be loaded but may be incompatible.
[2015.05.26-21.32.26:151][  0]LogLinker:Warning: Asset 'H:/UNI2015/GA3J0-GD3J02_Pre Production/Pre-Production_Prototype/Vertical Slice/Level Design/Aidan/New Map With Old Prototype/Vertical Slice/Content/ThirdPersonBP/Textures/psychic_button.uasset' has been saved with empty engine version. The asset will be loaded but may be incompatible.
[2015.05.26-21.32.26:153][  0]LogLinker:Warning: Asset 'H:/UNI2015/GA3J0-GD3J02_Pre Production/Pre-Production_Prototype/Vertical Slice/Level Design/Aidan/New Map With Old Prototype/Vertical Slice/Content/ThirdPersonBP/Textures/UI_health_mana.uasset' has been saved with empty engine version. The asset will be loaded but may be incompatible.
[2015.05.26-21.32.26:155][  0]LogLinker:Warning: Asset 'H:/UNI2015/GA3J0-GD3J02_Pre Production/Pre-Production_Prototype/Vertical Slice/Level Design/Aidan/New Map With Old Prototype/Vertical Slice/Content/ThirdPersonBP/Textures/UI_health_mana_depleted.uasset' has been saved with empty engine version. The asset will be loaded but may be incompatible.
[2015.05.26-21.32.27:628][  0]LogStaticMesh: Building static mesh Map_Entirely...
[2015.05.26-21.32.28:037][  0]LogStaticMesh: Built static mesh [417.114319ms] /Game/StarterContent/Materials/OBJ/Map_Entirely.Map_Entirely
[2015.05.26-21.32.28:086][  0]LogStaticMesh: Building static mesh Tower...
[2015.05.26-21.32.28:156][  0]LogStaticMesh: Built static mesh [70.199799ms] /Game/ArtAssets/Models/Tower.Tower
[2015.05.26-21.32.28:320][  0]LogStaticMesh: Building static mesh tower_doors...
[2015.05.26-21.32.28:321][  0]LogStaticMesh: Built static mesh [4.455213ms] /Game/ArtAssets/Models/tower_doors.tower_doors
[2015.05.26-21.32.28:385][  0]LogTexture:Display: Building textures: SkyOcclusion0_2 (AutoDXT)
[2015.05.26-21.32.28:396][  0]LogTexture:Display: Building textures: SkyOcclusion0_1 (AutoDXT)
[2015.05.26-21.32.28:411][  0]LogTexture:Display: Building textures: LQ_Lightmap_0_2 (DXT1)
[2015.05.26-21.32.28:418][  0]LogTexture:Display: Building textures: LQ_Lightmap_0_1 (DXT1)
[2015.05.26-21.32.28:444][  0]LogMaterial: Missing cached shader map for material M_Black_Flat, compiling. 
[2015.05.26-21.32.28:494][  0]LogMaterial: Missing cached shader map for material bent_roof, compiling. 
[2015.05.26-21.32.28:501][  0]LogMaterial: Missing cached shader map for material cross, compiling. 
[2015.05.26-21.32.28:508][  0]LogMaterial: Missing cached shader map for material frame, compiling. 
[2015.05.26-21.32.28:714][  0]LogTexture:Display: Building textures: HP_Small_Brick_01_DFF (AutoDXT)
[2015.05.26-21.32.29:346][  0]LogMaterial: Missing cached shader map for material rock_tower, compiling. 
[2015.05.26-21.32.29:355][  0]LogMaterial: Missing cached shader map for material roof, compiling. 
[2015.05.26-21.32.29:375][  0]LogMaterial: Missing cached shader map for material roof2, compiling. 
[2015.05.26-21.32.29:384][  0]LogMaterial: Missing cached shader map for material tower_fence, compiling. 
[2015.05.26-21.32.29:393][  0]LogMaterial: Missing cached shader map for material tower_indents, compiling. 
[2015.05.26-21.32.29:403][  0]LogMaterial: Missing cached shader map for material windows, compiling. 
[2015.05.26-21.32.29:413][  0]LogMaterial: Missing cached shader map for material wood, compiling. 
[2015.05.26-21.32.29:420][  0]LogMaterial: Missing cached shader map for material wood_sticks, compiling. 
[2015.05.26-21.32.29:451][  0]LogTexture:Display: Building textures: HQ_Lightmap0_2 (AutoDXT)
[2015.05.26-21.32.29:462][  0]LogTexture:Display: Building textures: HQ_Lightmap0_1 (AutoDXT)
[2015.05.26-21.32.29:730][  0]LogEditorServer: Finished looking for orphan Actors (0.000 secs)
[2015.05.26-21.32.29:733][  0]LogAIModule: Creating AISystem for world MiniTDmatch_2_NewMap
[2015.05.26-21.32.29:734][  0]Cmd: MAP CHECKDEP
[2015.05.26-21.32.29:734][  0]MapCheck: New page: MiniTDmatch_2_NewMap - 27/05/2015 9:32:29 pm
[2015.05.26-21.32.29:932][  0]MapCheck: Info Map check complete: 0 Error(s), 0 Warning(s), took 197.474ms to complete.
[2015.05.26-21.32.29:932][  0]LogFileHelpers: Loading map 'MiniTDmatch_2_NewMap' took 9.889
[2015.05.26-21.32.31:874][  0]LogCollectionManager: Loaded 0 collections in 0.002619 seconds
[2015.05.26-21.32.31:887][  0]LogContentBrowser: Native class hierarchy populated in 0.0127 seconds. Added 1696 classes and 261 folders.
[2015.05.26-21.32.31:916][  0]LogContentBrowser:Verbose: The content browser source was changed by the sources view to '/Game'
[2015.05.26-21.32.31:986][  0]LogContentBrowser: Native class hierarchy updated for 'SceneOutliner' in 0.0023 seconds. Added 1 classes and 2 folders.
[2015.05.26-21.32.32:089][  0]LogCrashTracker: Crashtracker disabled due to settings.
[2015.05.26-21.32.32:094][  0]LogSlate:Warning: Failed to load font data from 'Veranda'
[2015.05.26-21.32.32:109][  0]LogUObjectGlobals:Warning: Failed to find object 'Class None.'
[2015.05.26-21.32.32:135][  0]LogLoad: Full Startup: 56.22 seconds (BP compile: 2.48 seconds)
[2015.05.26-21.32.33:367][  0]LogRenderer:Warning: Reallocating scene render targets to support 32x32 (Frame:2).
[2015.05.26-21.32.33:700][  0]LogRenderer:Warning: Reallocating scene render targets to support 1208x608 (Frame:10).
[2015.05.26-21.32.36:106][  8]LogAssetRegistry: Asset discovery search completed in 27.8507 seconds
[2015.05.26-21.35.25:814][785]BlueprintLog: New page: Pre-PIE auto-recompile
[2015.05.26-21.35.25:814][785]LogPlayLevel: [PIE] Compiling MiniTDmatch_2_NewMap before PIE...
[2015.05.26-21.35.26:350][785]LogPlayLevel: PIE:  Blueprint regeneration took 535 ms (1 blueprints)
[2015.05.26-21.35.26:350][785]PIE: New page: PIE session: MiniTDmatch_2_NewMap (27/05/2015 9:35:26 pm)
[2015.05.26-21.35.26:413][785]LogBlueprint:Warning: FMemberReference::ResolveMember (UpdateRoundTimer) bSelfContext == true, but no scope supplied!
[2015.05.26-21.35.26:413][785]LogBlueprint:Warning: FMemberReference::ResolveMember (UpdateRoundTimer) bSelfContext == true, but no scope supplied!
[2015.05.26-21.35.26:413][785]LogBlueprint:Warning: FMemberReference::ResolveMember (TestForRoundEnd) bSelfContext == true, but no scope supplied!
[2015.05.26-21.35.26:413][785]LogBlueprint:Warning: FMemberReference::ResolveMember (TestForRoundEnd) bSelfContext == true, but no scope supplied!
[2015.05.26-21.35.26:413][785]LogBlueprint:Warning: FMemberReference::ResolveMember (UpdateHealth) bSelfContext == true, but no scope supplied!
[2015.05.26-21.35.26:413][785]LogBlueprint:Warning: FMemberReference::ResolveMember (UpdateHealth) bSelfContext == true, but no scope supplied!
[2015.05.26-21.35.26:413][785]LogBlueprint:Warning: FMemberReference::ResolveMember (UpdateTarget) bSelfContext == true, but no scope supplied!
[2015.05.26-21.35.26:413][785]LogBlueprint:Warning: FMemberReference::ResolveMember (UpdateTarget) bSelfContext == true, but no scope supplied!
[2015.05.26-21.35.26:414][785]LogBlueprint:Warning: FMemberReference::ResolveMember (UpdateCooldowns) bSelfContext == true, but no scope supplied!
[2015.05.26-21.35.26:414][785]LogBlueprint:Warning: FMemberReference::ResolveMember (UpdateCooldowns) bSelfContext == true, but no scope supplied!
[2015.05.26-21.35.26:414][785]LogBlueprint:Warning: FMemberReference::ResolveMember (UpdateAbility) bSelfContext == true, but no scope supplied!
[2015.05.26-21.35.26:414][785]LogBlueprint:Warning: FMemberReference::ResolveMember (UpdateAbility) bSelfContext == true, but no scope supplied!
[2015.05.26-21.35.26:414][785]LogBlueprint:Warning: FMemberReference::ResolveMember (UpdateCastBar) bSelfContext == true, but no scope supplied!
[2015.05.26-21.35.26:414][785]LogBlueprint:Warning: FMemberReference::ResolveMember (UpdateCastBar) bSelfContext == true, but no scope supplied!
[2015.05.26-21.35.26:414][785]LogBlueprint:Warning: FMemberReference::ResolveMember (UpdateScore) bSelfContext == true, but no scope supplied!
[2015.05.26-21.35.26:414][785]LogBlueprint:Warning: FMemberReference::ResolveMember (UpdateScore) bSelfContext == true, but no scope supplied!
[2015.05.26-21.35.26:414][785]LogBlueprint:Warning: FMemberReference::ResolveMember (UpdateCastFeedback) bSelfContext == true, but no scope supplied!
[2015.05.26-21.35.26:414][785]LogBlueprint:Warning: FMemberReference::ResolveMember (UpdateCastFeedback) bSelfContext == true, but no scope supplied!
[2015.05.26-21.35.26:414][785]LogBlueprint:Warning: FMemberReference::ResolveMember (K2_TeleportTo) bSelfContext == true, but no scope supplied!
[2015.05.26-21.35.26:414][785]LogBlueprint:Warning: FMemberReference::ResolveMember (K2_TeleportTo) bSelfContext == true, but no scope supplied!
[2015.05.26-21.35.26:416][785]LogBlueprint:Warning: FMemberReference::ResolveMember (K2_GetActorLocation) bSelfContext == true, but no scope supplied!
[2015.05.26-21.35.26:416][785]LogBlueprint:Warning: FMemberReference::ResolveMember (K2_GetActorLocation) bSelfContext == true, but no scope supplied!
[2015.05.26-21.35.26:428][785]LogPlayLevel: PIE: StaticDuplicateObject took: (0.039775s)
[2015.05.26-21.35.26:429][785]LogPlayLevel: PIE: World Init took: (0.000396s)
[2015.05.26-21.35.26:429][785]LogPlayLevel: PIE: Created PIE world by copying editor world from /Game/Maps/MiniTDmatch_2_NewMap.MiniTDmatch_2_NewMap to /Game/Maps/UEDPIE_0_MiniTDmatch_2_NewMap.MiniTDmatch_2_NewMap (0.040347s)
[2015.05.26-21.35.26:541][785]LogWorld: Game class is 'ThirdPersonGameMode_C'
[2015.05.26-21.35.26:581][785]LogAIModule: Creating AISystem for world MiniTDmatch_2_NewMap
[2015.05.26-21.35.26:595][785]LogWorld: Bringing World /Game/Maps/UEDPIE_0_MiniTDmatch_2_NewMap.MiniTDmatch_2_NewMap up for play (max tick rate 0) at 2015.05.27-09.35.26
[2015.05.26-21.35.26:596][785]LogWorld: Bringing up level for play took: 0.014192
[2015.05.26-21.35.26:619][785]PIE: Info Play in editor start time for /Game/Maps/UEDPIE_0_MiniTDmatch_2_NewMap 1.733
[2015.05.26-21.35.27:915][930]LogScript:Warning: Accessed None 'AbilityTarget'
	ThirdPersonCharacter_C /Game/Maps/UEDPIE_0_MiniTDmatch_2_NewMap.MiniTDmatch_2_NewMap:PersistentLevel.ThirdPersonCharacter_C_1
	Function /Game/ThirdPersonBP/Blueprints/ThirdPersonCharacter.ThirdPersonCharacter_C:ExecuteUbergraph_ThirdPersonCharacter:0DC5
[2015.05.26-21.35.27:915][930]PIE:Error: Error Accessed None 'AbilityTarget' from node ReturnNode in blueprint ThirdPersonCharacter
[2015.05.26-21.35.30:092][189]LogScript:Warning: Accessed None 'AbilityTarget'
	ThirdPersonCharacter_C /Game/Maps/UEDPIE_0_MiniTDmatch_2_NewMap.MiniTDmatch_2_NewMap:PersistentLevel.ThirdPersonCharacter_C_1
	Function /Game/ThirdPersonBP/Blueprints/ThirdPersonCharacter.ThirdPersonCharacter_C:ExecuteUbergraph_ThirdPersonCharacter:0DC5
[2015.05.26-21.35.30:093][189]PIE:Error: Error Accessed None 'AbilityTarget' from node ReturnNode in blueprint ThirdPersonCharacter
[2015.05.26-21.35.49:349][492]LogScript:Warning: Accessed None 'AbilityTarget'
	ThirdPersonCharacter_C /Game/Maps/UEDPIE_0_MiniTDmatch_2_NewMap.MiniTDmatch_2_NewMap:PersistentLevel.ThirdPersonCharacter_C_1
	Function /Game/ThirdPersonBP/Blueprints/ThirdPersonCharacter.ThirdPersonCharacter_C:ExecuteUbergraph_ThirdPersonCharacter:0DC5
[2015.05.26-21.35.49:349][492]PIE:Error: Error Accessed None 'AbilityTarget' from node ReturnNode in blueprint ThirdPersonCharacter
[2015.05.26-21.35.53:846][ 30]LogScript:Warning: Accessed None 'AbilityTarget'
	ThirdPersonCharacter_C /Game/Maps/UEDPIE_0_MiniTDmatch_2_NewMap.MiniTDmatch_2_NewMap:PersistentLevel.ThirdPersonCharacter_C_1
	Function /Game/ThirdPersonBP/Blueprints/ThirdPersonCharacter.ThirdPersonCharacter_C:ExecuteUbergraph_ThirdPersonCharacter:0DC5
[2015.05.26-21.35.53:847][ 30]PIE:Error: Error Accessed None 'AbilityTarget' from node ReturnNode in blueprint ThirdPersonCharacter
[2015.05.26-21.36.03:083][127]LogParticles: Destroying 0 GPU particle simulations for FXSystem 0x000000002737B380
[2015.05.26-21.41.00:857][831]Cmd: QUIT_EDITOR
[2015.05.26-21.41.01:138][831]LogExit: Preparing to exit.
[2015.05.26-21.41.01:284][831]LogExit: Editor shut down
[2015.05.26-21.41.01:284][831]LogExit: Transaction tracking system shut down
[2015.05.26-21.41.01:286][831]LogParticles: Destroying 0 GPU particle simulations for FXSystem 0x0000000026741F80
[2015.05.26-21.41.01:286][831]LogParticles: Destroying 0 GPU particle simulations for FXSystem 0x0000000027382700
[2015.05.26-21.41.01:286][831]LogParticles: Destroying 0 GPU particle simulations for FXSystem 0x000000002CCA6660
[2015.05.26-21.41.01:286][831]LogParticles: Destroying 0 GPU particle simulations for FXSystem 0x000000002CCA60C0
[2015.05.26-21.41.01:326][831]LogExit: Object subsystem successfully closed.
[2015.05.26-21.41.01:556][831]LogModuleManager: Shutting down and abandoning module CrashTracker (177)
[2015.05.26-21.41.01:558][831]LogModuleManager: Shutting down and abandoning module SuperSearch (176)
[2015.05.26-21.41.01:558][831]LogModuleManager: Shutting down and abandoning module SceneOutliner (175)
[2015.05.26-21.41.01:558][831]LogModuleManager: Shutting down and abandoning module EditorWidgets (174)
[2015.05.26-21.41.01:558][831]LogModuleManager: Shutting down and abandoning module CollectionManager (173)
[2015.05.26-21.41.01:558][831]LogModuleManager: Shutting down and abandoning module StatsViewer (172)
[2015.05.26-21.41.01:558][831]LogModuleManager: Shutting down and abandoning module FoliageEdit (171)
[2015.05.26-21.41.01:558][831]LogModuleManager: Shutting down and abandoning module LandscapeEditor (170)
[2015.05.26-21.41.01:595][831]LogModuleManager: Shutting down and abandoning module MeshPaint (169)
[2015.05.26-21.41.01:595][831]LogModuleManager: Shutting down and abandoning module ActorPickerMode (168)
[2015.05.26-21.41.01:595][831]LogModuleManager: Shutting down and abandoning module GeometryMode (167)
[2015.05.26-21.41.01:595][831]LogModuleManager: Shutting down and abandoning module TextureAlignMode (166)
[2015.05.26-21.41.01:595][831]LogModuleManager: Shutting down and abandoning module BspMode (165)
[2015.05.26-21.41.01:595][831]LogModuleManager: Shutting down and abandoning module PlacementMode (164)
[2015.05.26-21.41.01:595][831]LogModuleManager: Shutting down and abandoning module AutomationWorker (163)
[2015.05.26-21.41.01:595][831]LogModuleManager: Shutting down and abandoning module CharacterAI (162)
[2015.05.26-21.41.01:595][831]LogModuleManager: Shutting down and abandoning module SmartSnapping (161)
[2015.05.26-21.41.01:595][831]LogModuleManager: Shutting down and abandoning module ViewportSnapping (160)
[2015.05.26-21.41.01:595][831]LogModuleManager: Shutting down and abandoning module LogVisualizer (159)
[2015.05.26-21.41.01:595][831]LogModuleManager: Shutting down and abandoning module GameProjectGeneration (158)
[2015.05.26-21.41.01:595][831]LogModuleManager: Shutting down and abandoning module IntroTutorials (157)
[2015.05.26-21.41.01:595][831]LogModuleManager: Shutting down and abandoning module EditorLiveStreaming (156)
[2015.05.26-21.41.01:595][831]LogModuleManager: Shutting down and abandoning module HardwareTargeting (155)
[2015.05.26-21.41.01:595][831]LogModuleManager: Shutting down and abandoning module DeviceProfileEditor (154)
[2015.05.26-21.41.01:595][831]LogModuleManager: Shutting down and abandoning module UndoHistory (153)
[2015.05.26-21.41.01:595][831]LogModuleManager: Shutting down and abandoning module GameplayTagsEditor (152)
[2015.05.26-21.41.01:595][831]LogModuleManager: Shutting down and abandoning module UserFeedback (151)
[2015.05.26-21.41.01:595][831]LogModuleManager: Shutting down and abandoning module XmlParser (150)
[2015.05.26-21.41.01:595][831]LogModuleManager: Shutting down and abandoning module Blutility (149)
[2015.05.26-21.41.01:595][831]LogModuleManager: Shutting down and abandoning module IOSPlatformEditor (148)
[2015.05.26-21.41.01:595][831]LogModuleManager: Shutting down and abandoning module IOSRuntimeSettings (147)
[2015.05.26-21.41.01:595][831]LogModuleManager: Shutting down and abandoning module AndroidDeviceDetection (146)
[2015.05.26-21.41.02:144][831]LogModuleManager: Shutting down and abandoning module AndroidPlatformEditor (145)
[2015.05.26-21.41.02:144][831]LogModuleManager: Shutting down and abandoning module AndroidRuntimeSettings (144)
[2015.05.26-21.41.02:144][831]LogModuleManager: Shutting down and abandoning module ProjectTargetPlatformEditor (143)
[2015.05.26-21.41.02:144][831]LogModuleManager: Shutting down and abandoning module ProjectSettingsViewer (142)
[2015.05.26-21.41.02:144][831]LogModuleManager: Shutting down and abandoning module InputBindingEditor (141)
[2015.05.26-21.41.02:144][831]LogModuleManager: Shutting down and abandoning module EditorSettingsViewer (140)
[2015.05.26-21.41.02:144][831]LogModuleManager: Shutting down and abandoning module SettingsEditor (139)
[2015.05.26-21.41.02:145][831]LogModuleManager: Shutting down and abandoning module ProjectLauncher (138)
[2015.05.26-21.41.02:145][831]LogModuleManager: Shutting down and abandoning module SessionFrontend (137)
[2015.05.26-21.41.02:145][831]LogModuleManager: Shutting down and abandoning module ProfilerClient (136)
[2015.05.26-21.41.02:145][831]LogModuleManager: Shutting down and abandoning module TargetDeviceServices (135)
[2015.05.26-21.41.02:146][831]LogModuleManager: Shutting down and abandoning module DeviceManager (134)
[2015.05.26-21.41.02:146][831]LogModuleManager: Shutting down and abandoning module AutomationController (133)
[2015.05.26-21.41.02:146][831]LogModuleManager: Shutting down and abandoning module AutomationWindow (132)
[2015.05.26-21.41.02:146][831]LogModuleManager: Shutting down and abandoning module Layers (131)
[2015.05.26-21.41.02:146][831]LogModuleManager: Shutting down and abandoning module ComponentVisualizers (130)
[2015.05.26-21.41.02:146][831]LogModuleManager: Shutting down and abandoning module DetailCustomizations (129)
[2015.05.26-21.41.02:146][831]LogModuleManager: Shutting down and abandoning module PackagesDialog (128)
[2015.05.26-21.41.02:146][831]LogModuleManager: Shutting down and abandoning module AssetRegistry (127)
[2015.05.26-21.41.02:511][831]LogModuleManager: Shutting down and abandoning module Persona (126)
[2015.05.26-21.41.02:511][831]LogModuleManager: Shutting down and abandoning module SlateReflector (125)
[2015.05.26-21.41.02:511][831]LogModuleManager: Shutting down and abandoning module LevelEditor (124)
[2015.05.26-21.41.02:513][831]LogModuleManager: Shutting down and abandoning module Kismet (123)
[2015.05.26-21.41.02:513][831]LogModuleManager: Shutting down and abandoning module GraphEditor (122)
[2015.05.26-21.41.02:513][831]LogModuleManager: Shutting down and abandoning module ClassViewer (121)
[2015.05.26-21.41.02:513][831]LogModuleManager: Shutting down and abandoning module Toolbox (120)
[2015.05.26-21.41.02:514][831]LogModuleManager: Shutting down and abandoning module ModuleUI (119)
[2015.05.26-21.41.02:514][831]LogModuleManager: Shutting down and abandoning module MovieSceneTools (118)
[2015.05.26-21.41.02:514][831]LogModuleManager: Shutting down and abandoning module OutputLog (117)
[2015.05.26-21.41.02:514][831]LogModuleManager: Shutting down and abandoning module GammaUI (116)
[2015.05.26-21.41.02:514][831]LogModuleManager: Shutting down and abandoning module Documentation (115)
[2015.05.26-21.41.02:514][831]LogModuleManager: Shutting down and abandoning module GameLiveStreaming (114)
[2015.05.26-21.41.02:514][831]LogModuleManager: Shutting down and abandoning module StreamingPauseRendering (113)
[2015.05.26-21.41.02:514][831]LogModuleManager: Shutting down and abandoning module HTTP (112)
[2015.05.26-21.41.02:514][831]LogModuleManager: Shutting down and abandoning module AnalyticsET (111)
[2015.05.26-21.41.02:514][831]LogModuleManager: Shutting down and abandoning module Analytics (110)
[2015.05.26-21.41.02:514][831]LogModuleManager: Shutting down and abandoning module AITestSuite (109)
[2015.05.26-21.41.02:514][831]LogModuleManager: Shutting down and abandoning module GameplayDebugger (108)
[2015.05.26-21.41.02:514][831]LogModuleManager: Shutting down and abandoning module AIModule (107)
[2015.05.26-21.41.02:514][831]LogModuleManager: Shutting down and abandoning module ProfilerService (106)
[2015.05.26-21.41.02:569][831]LogModuleManager: Shutting down and abandoning module TaskGraph (105)
[2015.05.26-21.41.02:569][831]LogModuleManager: Shutting down and abandoning module SlateRemote (104)
[2015.05.26-21.41.02:569][831]LogModuleManager: Shutting down and abandoning module ScriptEditorPlugin (103)
[2015.05.26-21.41.02:569][831]LogModuleManager: Shutting down and abandoning module CustomMeshComponent (102)
[2015.05.26-21.41.02:569][831]LogModuleManager: Shutting down and abandoning module CableComponent (101)
[2015.05.26-21.41.02:569][831]LogModuleManager: Shutting down and abandoning module MessagingDebugger (100)
[2015.05.26-21.41.02:570][831]LogModuleManager: Shutting down and abandoning module MediaPlayerEditor (99)
[2015.05.26-21.41.02:570][831]LogModuleManager: Shutting down and abandoning module SpeedTreeImporter (98)
[2015.05.26-21.41.02:570][831]LogModuleManager: Shutting down and abandoning module PluginsEditor (97)
[2015.05.26-21.41.02:570][831]LogModuleManager: Shutting down and abandoning module MainFrame (96)
[2015.05.26-21.41.02:570][831]LogModuleManager: Shutting down and abandoning module EpicSurvey (95)
[2015.05.26-21.41.02:570][831]LogModuleManager: Shutting down and abandoning module DesktopPlatform (94)
[2015.05.26-21.41.02:570][831]LogModuleManager: Shutting down and abandoning module DirectoryWatcher (93)
[2015.05.26-21.41.02:570][831]LogModuleManager: Shutting down and abandoning module HotReload (92)
[2015.05.26-21.41.02:570][831]LogModuleManager: Shutting down and abandoning module VisualStudioSourceCodeAccess (91)
[2015.05.26-21.41.02:570][831]LogModuleManager: Shutting down and abandoning module UObjectPlugin (90)
[2015.05.26-21.41.02:570][831]LogModuleManager: Shutting down and abandoning module SubversionSourceControl (89)
[2015.05.26-21.41.02:570][831]LogModuleManager: Shutting down and abandoning module PerforceSourceControl (88)
[2015.05.26-21.41.02:570][831]LogModuleManager: Shutting down and abandoning module SourceControl (87)
[2015.05.26-21.41.02:570][831]LogModuleManager: Shutting down and abandoning module GitSourceControl (86)
[2015.05.26-21.41.02:570][831]LogModuleManager: Shutting down and abandoning module BlankPlugin (85)
[2015.05.26-21.41.02:570][831]LogModuleManager: Shutting down and abandoning module PaperTiledImporter (84)
[2015.05.26-21.41.02:570][831]LogModuleManager: Shutting down and abandoning module PaperJsonImporter (83)
[2015.05.26-21.41.02:570][831]LogModuleManager: Shutting down and abandoning module ContentBrowser (82)
[2015.05.26-21.41.02:571][831]LogModuleManager: Shutting down and abandoning module Paper2DEditor (81)
[2015.05.26-21.41.02:571][831]LogModuleManager: Shutting down and abandoning module ScriptPlugin (80)
[2015.05.26-21.41.02:571][831]LogModuleManager: Shutting down and abandoning module UdpMessaging (79)
[2015.05.26-21.41.02:671][831]LogModuleManager: Shutting down and abandoning module Paper2D (78)
[2015.05.26-21.41.02:671][831]LogModuleManager: Shutting down and abandoning module WindowsMoviePlayer (77)
[2015.05.26-21.41.02:673][831]LogModuleManager: Shutting down and abandoning module Media (76)
[2015.05.26-21.41.02:673][831]LogModuleManager: Shutting down and abandoning module WmfMedia (75)
[2015.05.26-21.41.02:674][831]LogModuleManager: Shutting down and abandoning module OnlineBlueprintSupport (74)
[2015.05.26-21.41.02:674][831]LogModuleManager: Shutting down and abandoning module PropertyEditor (73)
[2015.05.26-21.41.02:674][831]LogModuleManager: Shutting down and abandoning module BehaviorTreeEditor (72)
[2015.05.26-21.41.02:674][831]LogModuleManager: Shutting down and abandoning module FunctionalTesting (71)
[2015.05.26-21.41.02:674][831]LogModuleManager: Shutting down and abandoning module CollisionAnalyzer (70)
[2015.05.26-21.41.02:674][831]LogModuleManager: Shutting down and abandoning module WorkspaceMenuStructure (69)
[2015.05.26-21.41.02:674][831]LogModuleManager: Shutting down and abandoning module MessageLog (68)
[2015.05.26-21.41.02:674][831]LogModuleManager: Shutting down and abandoning module Sequencer (67)
[2015.05.26-21.41.02:674][831]LogModuleManager: Shutting down and abandoning module AssetTools (66)
[2015.05.26-21.41.02:674][831]LogModuleManager: Shutting down and abandoning module UMGEditor (65)
[2015.05.26-21.41.02:674][831]LogModuleManager: Shutting down and abandoning module UMG (64)
[2015.05.26-21.41.02:674][831]LogModuleManager: Shutting down and abandoning module Slate (63)
[2015.05.26-21.41.02:674][831]LogModuleManager: Shutting down and abandoning module EditorStyle (62)
[2015.05.26-21.41.02:677][831]LogModuleManager: Shutting down and abandoning module SessionServices (61)
[2015.05.26-21.41.02:696][831]LogModuleManager: Shutting down and abandoning module SourceCodeAccess (60)
[2015.05.26-21.41.02:696][831]LogModuleManager: Shutting down and abandoning module HeadMountedDisplay (59)
[2015.05.26-21.41.02:696][831]LogModuleManager: Shutting down and abandoning module XAudio2 (58)
[2015.05.26-21.41.02:696][831]LogModuleManager: Shutting down and abandoning module Networking (56)
[2015.05.26-21.41.02:696][831]LogModuleManager: Shutting down and abandoning module Core (55)
[2015.05.26-21.41.02:696][831]LogModuleManager: Shutting down and abandoning module KismetCompiler (54)
[2015.05.26-21.41.02:696][831]LogModuleManager: Shutting down and abandoning module PhysXFormats (53)
[2015.05.26-21.41.02:696][831]LogModuleManager: Shutting down and abandoning module MeshUtilities (52)
[2015.05.26-21.41.02:696][831]LogModuleManager: Shutting down and abandoning module DerivedDataCache (51)
[2015.05.26-21.41.02:755][831]LogDerivedDataCache: Shutdown
[2015.05.26-21.41.02:755][831]LogModuleManager: Shutting down and abandoning module ShaderFormatOpenGL (50)
[2015.05.26-21.41.02:755][831]LogModuleManager: Shutting down and abandoning module ShaderFormatD3D (49)
[2015.05.26-21.41.02:755][831]LogModuleManager: Shutting down and abandoning module MetalShaderFormat (48)
[2015.05.26-21.41.02:755][831]LogModuleManager: Shutting down and abandoning module TextureFormatUncompressed (47)
[2015.05.26-21.41.02:755][831]LogModuleManager: Shutting down and abandoning module TextureFormatPVR (46)
[2015.05.26-21.41.02:755][831]LogModuleManager: Shutting down and abandoning module TextureFormatIntelISPCTexComp (45)
[2015.05.26-21.41.02:755][831]LogModuleManager: Shutting down and abandoning module TextureFormatDXT (44)
[2015.05.26-21.41.02:755][831]LogModuleManager: Shutting down and abandoning module ImageWrapper (43)
[2015.05.26-21.41.02:755][831]LogModuleManager: Shutting down and abandoning module TextureFormatASTC (42)
[2015.05.26-21.41.02:755][831]LogModuleManager: Shutting down and abandoning module TextureFormatAndroid (41)
[2015.05.26-21.41.02:755][831]LogModuleManager: Shutting down and abandoning module AudioFormatOpus (40)
[2015.05.26-21.41.02:755][831]LogModuleManager: Shutting down and abandoning module AudioFormatOgg (39)
[2015.05.26-21.41.02:755][831]LogModuleManager: Shutting down and abandoning module AudioFormatADPCM (38)
[2015.05.26-21.41.02:755][831]LogModuleManager: Shutting down and abandoning module LinuxTargetPlatform (37)
[2015.05.26-21.41.02:755][831]LogModuleManager: Shutting down and abandoning module LinuxServerTargetPlatform (36)
[2015.05.26-21.41.02:755][831]LogModuleManager: Shutting down and abandoning module LinuxNoEditorTargetPlatform (35)
[2015.05.26-21.41.02:755][831]LogModuleManager: Shutting down and abandoning module Messaging (34)
[2015.05.26-21.41.02:755][831]LogModuleManager: Shutting down and abandoning module IOSTargetPlatform (33)
[2015.05.26-21.41.02:755][831]LogModuleManager: Shutting down and abandoning module HTML5TargetPlatform (32)
[2015.05.26-21.41.02:755][831]LogModuleManager: Shutting down and abandoning module Android_PVRTCTargetPlatform (31)
[2015.05.26-21.41.02:755][831]LogModuleManager: Shutting down and abandoning module Android_ETC2TargetPlatform (30)
[2015.05.26-21.41.02:755][831]LogModuleManager: Shutting down and abandoning module Android_ETC1TargetPlatform (29)
[2015.05.26-21.41.02:755][831]LogModuleManager: Shutting down and abandoning module Android_ES31TargetPlatform (28)
[2015.05.26-21.41.02:755][831]LogModuleManager: Shutting down and abandoning module Android_DXTTargetPlatform (27)
[2015.05.26-21.41.02:755][831]LogModuleManager: Shutting down and abandoning module Android_ATCTargetPlatform (26)
[2015.05.26-21.41.02:755][831]LogModuleManager: Shutting down and abandoning module AndroidTargetPlatform (25)
[2015.05.26-21.41.02:755][831]LogModuleManager: Shutting down and abandoning module WindowsTargetPlatform (24)
[2015.05.26-21.41.02:755][831]LogModuleManager: Shutting down and abandoning module WindowsServerTargetPlatform (23)
[2015.05.26-21.41.02:756][831]LogModuleManager: Shutting down and abandoning module WindowsNoEditorTargetPlatform (22)
[2015.05.26-21.41.02:756][831]LogModuleManager: Shutting down and abandoning module WindowsClientTargetPlatform (21)
[2015.05.26-21.41.02:756][831]LogModuleManager: Shutting down and abandoning module TargetPlatform (20)
[2015.05.26-21.41.02:756][831]LogModuleManager: Shutting down and abandoning module InputCore (19)
[2015.05.26-21.41.02:756][831]LogModuleManager: Shutting down and abandoning module Settings (18)
[2015.05.26-21.41.02:756][831]LogModuleManager: Shutting down and abandoning module OnlineSubsystem (16)
[2015.05.26-21.41.02:756][831]LogModuleManager: Shutting down and abandoning module OculusRift (15)
[2015.05.26-21.41.02:756][831]LogModuleManager: Shutting down and abandoning module ExampleDeviceProfileSelector (14)
[2015.05.26-21.41.02:756][831]LogModuleManager: Shutting down and abandoning module TextureCompressor (13)
[2015.05.26-21.41.02:756][831]LogModuleManager: Shutting down and abandoning module ShaderCore (12)
[2015.05.26-21.41.02:756][831]LogModuleManager: Shutting down and abandoning module Landscape (11)
[2015.05.26-21.41.02:756][831]LogModuleManager: Shutting down and abandoning module SlateRHIRenderer (10)
[2015.05.26-21.41.02:757][831]LogModuleManager: Shutting down and abandoning module OpenGLDrv (9)
[2015.05.26-21.41.02:758][831]LogModuleManager: Shutting down and abandoning module D3D11RHI (8)
[2015.05.26-21.41.02:758][831]LogModuleManager: Shutting down and abandoning module Renderer (7)
[2015.05.26-21.41.02:758][831]LogModuleManager: Shutting down and abandoning module Engine (6)
[2015.05.26-21.41.02:758][831]LogModuleManager: Shutting down and abandoning module CoreUObject (5)
[2015.05.26-21.41.02:758][831]LogModuleManager: Shutting down and abandoning module NetworkFile (4)
[2015.05.26-21.41.02:758][831]LogModuleManager: Shutting down and abandoning module StreamingFile (3)
[2015.05.26-21.41.02:758][831]LogModuleManager: Shutting down and abandoning module SandboxFile (2)
[2015.05.26-21.41.02:758][831]LogModuleManager: Shutting down and abandoning module PakFile (1)
[2015.05.26-21.41.02:758][831]LogExit: Exiting.
[2015.05.26-21.41.02:765][831]Log file closed, 05/27/15 09:41:02
